#
# There is insufficient memory for the Java Runtime Environment to continue.
# Native memory allocation (malloc) failed to allocate 1745856 bytes for Chunk::new
# Possible reasons:
#   The system is out of physical RAM or swap space
#   The process is running with CompressedOops enabled, and the Java Heap may be blocking the growth of the native heap
# Possible solutions:
#   Reduce memory load on the system
#   Increase physical memory or swap space
#   Check if swap backing store is full
#   Decrease Java heap size (-Xmx/-Xms)
#   Decrease number of Java threads
#   Decrease Java thread stack sizes (-Xss)
#   Set larger code cache with -XX:ReservedCodeCacheSize=
#   JVM is running with Unscaled Compressed Oops mode in which the Java heap is
#     placed in the first 4GB address space. The Java Heap base address is the
#     maximum limit for the native heap growth. Please use -XX:HeapBaseMinAddress
#     to set the Java Heap base and to place the Java Heap above 4GB virtual address.
# This output file may be truncated or incomplete.
#
#  Out of Memory Error (allocation.cpp:389), pid=3260, tid=0x0000000000004b58
#
# JRE version: OpenJDK Runtime Environment (8.0_242-b01) (build 1.8.0_242-release-1644-b01)
# Java VM: OpenJDK 64-Bit Server VM (25.242-b01 mixed mode windows-amd64 compressed oops)
# Failed to write core dump. Minidumps are not enabled by default on client versions of Windows
#

---------------  T H R E A D  ---------------

Current thread (0x0000000016bad800):  JavaThread "C2 CompilerThread0" daemon [_thread_in_native, id=19288, stack(0x0000000019270000,0x0000000019370000)]

Stack: [0x0000000019270000,0x0000000019370000]
[error occurred during error reporting (printing stack bounds), id 0xc0000005]

Native frames: (J=compiled Java code, j=interpreted, Vv=VM code, C=native code)


Current CompileTask:
C2:   9523 2370       4       groovy.lang.MetaClassImpl$1MOPIter::methodNameAction (325 bytes)


---------------  P R O C E S S  ---------------

Java Threads: ( => current thread )
  0x000000001ef43800 JavaThread "Cache worker for execution history cache (C:\Users\Acer\.gradle\caches\5.6.2\executionHistory)" [_thread_blocked, id=17068, stack(0x0000000022880000,0x0000000022980000)]
  0x000000001ef40800 JavaThread "Cache worker for cache directory md-rule (C:\Users\Acer\.gradle\caches\5.6.2\md-rule)" [_thread_blocked, id=17220, stack(0x000000001ff00000,0x0000000020000000)]
  0x0000000019b0d000 JavaThread "Cache worker for cache directory md-supplier (C:\Users\Acer\.gradle\caches\5.6.2\md-supplier)" [_thread_blocked, id=12120, stack(0x000000001fc30000,0x000000001fd30000)]
  0x0000000019b0a800 JavaThread "Cache worker for file hash cache (F:\AMC\amc_new_project\amc_new\android\.gradle\5.6.2\fileHashes)" [_thread_blocked, id=3176, stack(0x000000001fe00000,0x000000001ff00000)]
  0x0000000019b0b800 JavaThread "Cache worker for journal cache (C:\Users\Acer\.gradle\caches\journal-1)" [_thread_blocked, id=8944, stack(0x000000001d590000,0x000000001d690000)]
  0x0000000019b07000 JavaThread "File lock request listener" [_thread_in_native, id=2188, stack(0x000000001d490000,0x000000001d590000)]
  0x0000000019b07800 JavaThread "Cache worker for file hash cache (C:\Users\Acer\.gradle\caches\5.6.2\fileHashes)" [_thread_blocked, id=16816, stack(0x000000001d390000,0x000000001d490000)]
  0x000000001b44c000 JavaThread "Thread-9" [_thread_blocked, id=20304, stack(0x000000001d290000,0x000000001d390000)]
  0x000000001b44a000 JavaThread "Stdin handler" [_thread_blocked, id=10304, stack(0x000000001d190000,0x000000001d290000)]
  0x000000001b449800 JavaThread "Asynchronous log dispatcher for DefaultDaemonConnection: socket connection from /127.0.0.1:62762 to /127.0.0.1:62763" [_thread_blocked, id=8760, stack(0x000000001cf90000,0x000000001d090000)]
  0x000000001b3de800 JavaThread "Daemon worker" [_thread_in_vm, id=12588, stack(0x000000001ce90000,0x000000001cf90000)]
  0x000000001b3d8000 JavaThread "Cancel handler" [_thread_blocked, id=6636, stack(0x000000001cd90000,0x000000001ce90000)]
  0x000000001b3d7800 JavaThread "Handler for socket connection from /127.0.0.1:62762 to /127.0.0.1:62763" [_thread_in_native, id=6316, stack(0x000000001ca90000,0x000000001cb90000)]
  0x000000001b3d6000 JavaThread "Daemon" [_thread_blocked, id=1952, stack(0x000000001c990000,0x000000001ca90000)]
  0x000000001b3c4800 JavaThread "Daemon periodic checks" [_thread_blocked, id=16428, stack(0x000000001c890000,0x000000001c990000)]
  0x000000001b3c3000 JavaThread "Incoming local TCP Connector on port 62762" [_thread_in_native, id=8872, stack(0x000000001c650000,0x000000001c750000)]
  0x0000000019a78800 JavaThread "Daemon health stats" [_thread_blocked, id=17188, stack(0x000000001c010000,0x000000001c110000)]
  0x0000000018a37000 JavaThread "Service Thread" daemon [_thread_blocked, id=20316, stack(0x0000000019670000,0x0000000019770000)]
  0x00000000189b1000 JavaThread "C1 CompilerThread3" daemon [_thread_blocked, id=8276, stack(0x0000000019570000,0x0000000019670000)]
  0x00000000189ad000 JavaThread "C2 CompilerThread2" daemon [_thread_blocked, id=14636, stack(0x0000000019470000,0x0000000019570000)]
  0x00000000189ac800 JavaThread "C2 CompilerThread1" daemon [_thread_blocked, id=7984, stack(0x0000000019370000,0x0000000019470000)]
=>0x0000000016bad800 JavaThread "C2 CompilerThread0" daemon [_thread_in_native, id=19288, stack(0x0000000019270000,0x0000000019370000)]
  0x00000000189a6000 JavaThread "Attach Listener" daemon [_thread_blocked, id=15468, stack(0x0000000019170000,0x0000000019270000)]
  0x00000000189a3000 JavaThread "Signal Dispatcher" daemon [_thread_blocked, id=17356, stack(0x0000000019070000,0x0000000019170000)]
  0x0000000018991000 JavaThread "Finalizer" daemon [_thread_blocked, id=16820, stack(0x0000000018e70000,0x0000000018f70000)]
  0x0000000018990800 JavaThread "Reference Handler" daemon [_thread_blocked, id=18608, stack(0x0000000018d70000,0x0000000018e70000)]
  0x0000000002dde800 JavaThread "main" [_thread_blocked, id=20268, stack(0x0000000002b00000,0x0000000002c00000)]

Other Threads:
  0x0000000016b96800 VMThread [stack: 0x0000000018870000,0x0000000018970000] [id=13580]
  0x0000000018a0a800 WatcherThread [stack: 0x0000000019770000,0x0000000019870000] [id=17056]

VM state:not at safepoint (normal execution)

VM Mutex/Monitor currently owned by a thread: None

heap address: 0x00000000a0000000, size: 1536 MB, Compressed Oops mode: 32-bit
Narrow klass base: 0x0000000000000000, Narrow klass shift: 3
Compressed class space size: 1073741824 Address: 0x0000000100000000

Heap:
 PSYoungGen      total 118272K, used 32722K [0x00000000e0000000, 0x00000000e8300000, 0x0000000100000000)
  eden space 106496K, 22% used [0x00000000e0000000,0x00000000e1712890,0x00000000e6800000)
  from space 11776K, 77% used [0x00000000e7400000,0x00000000e7ce20a0,0x00000000e7f80000)
  to   space 12288K, 0% used [0x00000000e6800000,0x00000000e6800000,0x00000000e7400000)
 ParOldGen       total 57856K, used 9290K [0x00000000a0000000, 0x00000000a3880000, 0x00000000e0000000)
  object space 57856K, 16% used [0x00000000a0000000,0x00000000a0912b90,0x00000000a3880000)
 Metaspace       used 32350K, capacity 32846K, committed 33280K, reserved 1077248K
  class space    used 4421K, capacity 4594K, committed 4608K, reserved 1048576K

Card table byte_map: [0x00000000121a0000,0x00000000124b0000] byte_map_base: 0x0000000011ca0000

Marking Bits: (ParMarkBitMap*) 0x00000000584cf030
 Begin Bits: [0x0000000012eb0000, 0x00000000146b0000)
 End Bits:   [0x00000000146b0000, 0x0000000015eb0000)

Polling page: 0x0000000000d90000

CodeCache: size=245760Kb used=9922Kb max_used=9926Kb free=235837Kb
 bounds [0x0000000002de0000, 0x00000000037a0000, 0x0000000011de0000]
 total_blobs=3132 nmethods=2432 adapters=613
 compilation: enabled

Compilation events (10 events):
Event: 9.377 Thread 0x00000000189ad000 nmethod 2573 0x0000000003756810 code [0x0000000003756960, 0x0000000003756d28]
Event: 9.378 Thread 0x00000000189b1000 nmethod 2574 0x0000000003764890 code [0x0000000003764a60, 0x00000000037653f0]
Event: 9.382 Thread 0x00000000189b1000 2576       3       java.util.regex.Matcher::appendReplacement (571 bytes)
Event: 9.389 Thread 0x00000000189b1000 nmethod 2576 0x0000000003776f90 code [0x0000000003777700, 0x000000000377d1f8]
Event: 9.389 Thread 0x00000000189b1000 2578       3       org.objectweb.asm.Label::addForwardReference (102 bytes)
Event: 9.389 Thread 0x00000000189b1000 nmethod 2578 0x0000000003776710 code [0x00000000037768a0, 0x0000000003776d28]
Event: 9.389 Thread 0x00000000189b1000 2577  s    3       java.lang.StringBuffer::append (13 bytes)
Event: 9.390 Thread 0x00000000189b1000 nmethod 2577 0x0000000003776190 code [0x0000000003776300, 0x0000000003776628]
Event: 9.390 Thread 0x00000000189b1000 2579       3       org.objectweb.asm.FieldVisitor::<init> (66 bytes)
Event: 9.390 Thread 0x00000000189b1000 nmethod 2579 0x0000000003775250 code [0x0000000003775440, 0x0000000003775d98]

GC Heap History (10 events):
Event: 5.896 GC heap before
{Heap before GC invocations=5 (full 0):
 PSYoungGen      total 38400K, used 38372K [0x00000000e0000000, 0x00000000e2a80000, 0x0000000100000000)
  eden space 33280K, 100% used [0x00000000e0000000,0x00000000e2080000,0x00000000e2080000)
  from space 5120K, 99% used [0x00000000e2580000,0x00000000e2a792e0,0x00000000e2a80000)
  to   space 5120K, 0% used [0x00000000e2080000,0x00000000e2080000,0x00000000e2580000)
 ParOldGen       total 87552K, used 3428K [0x00000000a0000000, 0x00000000a5580000, 0x00000000e0000000)
  object space 87552K, 3% used [0x00000000a0000000,0x00000000a0359310,0x00000000a5580000)
 Metaspace       used 17396K, capacity 17768K, committed 18048K, reserved 1064960K
  class space    used 2491K, capacity 2630K, committed 2688K, reserved 1048576K
Event: 5.925 GC heap after
Heap after GC invocations=5 (full 0):
 PSYoungGen      total 38400K, used 5104K [0x00000000e0000000, 0x00000000e5500000, 0x0000000100000000)
  eden space 33280K, 0% used [0x00000000e0000000,0x00000000e0000000,0x00000000e2080000)
  from space 5120K, 99% used [0x00000000e2080000,0x00000000e257c030,0x00000000e2580000)
  to   space 10240K, 0% used [0x00000000e4b00000,0x00000000e4b00000,0x00000000e5500000)
 ParOldGen       total 87552K, used 6876K [0x00000000a0000000, 0x00000000a5580000, 0x00000000e0000000)
  object space 87552K, 7% used [0x00000000a0000000,0x00000000a06b7160,0x00000000a5580000)
 Metaspace       used 17396K, capacity 17768K, committed 18048K, reserved 1064960K
  class space    used 2491K, capacity 2630K, committed 2688K, reserved 1048576K
}
Event: 6.524 GC heap before
{Heap before GC invocations=6 (full 0):
 PSYoungGen      total 38400K, used 30783K [0x00000000e0000000, 0x00000000e5500000, 0x0000000100000000)
  eden space 33280K, 77% used [0x00000000e0000000,0x00000000e1913c98,0x00000000e2080000)
  from space 5120K, 99% used [0x00000000e2080000,0x00000000e257c030,0x00000000e2580000)
  to   space 10240K, 0% used [0x00000000e4b00000,0x00000000e4b00000,0x00000000e5500000)
 ParOldGen       total 87552K, used 6876K [0x00000000a0000000, 0x00000000a5580000, 0x00000000e0000000)
  object space 87552K, 7% used [0x00000000a0000000,0x00000000a06b7160,0x00000000a5580000)
 Metaspace       used 20664K, capacity 21014K, committed 21248K, reserved 1067008K
  class space    used 2911K, capacity 3049K, committed 3072K, reserved 1048576K
Event: 6.538 GC heap after
Heap after GC invocations=6 (full 0):
 PSYoungGen      total 75776K, used 8814K [0x00000000e0000000, 0x00000000e5700000, 0x0000000100000000)
  eden space 65536K, 0% used [0x00000000e0000000,0x00000000e0000000,0x00000000e4000000)
  from space 10240K, 86% used [0x00000000e4b00000,0x00000000e539b860,0x00000000e5500000)
  to   space 11264K, 0% used [0x00000000e4000000,0x00000000e4000000,0x00000000e4b00000)
 ParOldGen       total 87552K, used 6884K [0x00000000a0000000, 0x00000000a5580000, 0x00000000e0000000)
  object space 87552K, 7% used [0x00000000a0000000,0x00000000a06b9160,0x00000000a5580000)
 Metaspace       used 20664K, capacity 21014K, committed 21248K, reserved 1067008K
  class space    used 2911K, capacity 3049K, committed 3072K, reserved 1048576K
}
Event: 6.538 GC heap before
{Heap before GC invocations=7 (full 1):
 PSYoungGen      total 75776K, used 8814K [0x00000000e0000000, 0x00000000e5700000, 0x0000000100000000)
  eden space 65536K, 0% used [0x00000000e0000000,0x00000000e0000000,0x00000000e4000000)
  from space 10240K, 86% used [0x00000000e4b00000,0x00000000e539b860,0x00000000e5500000)
  to   space 11264K, 0% used [0x00000000e4000000,0x00000000e4000000,0x00000000e4b00000)
 ParOldGen       total 87552K, used 6884K [0x00000000a0000000, 0x00000000a5580000, 0x00000000e0000000)
  object space 87552K, 7% used [0x00000000a0000000,0x00000000a06b9160,0x00000000a5580000)
 Metaspace       used 20664K, capacity 21014K, committed 21248K, reserved 1067008K
  class space    used 2911K, capacity 3049K, committed 3072K, reserved 1048576K
Event: 6.595 GC heap after
Heap after GC invocations=7 (full 1):
 PSYoungGen      total 75776K, used 0K [0x00000000e0000000, 0x00000000e5700000, 0x0000000100000000)
  eden space 65536K, 0% used [0x00000000e0000000,0x00000000e0000000,0x00000000e4000000)
  from space 10240K, 0% used [0x00000000e4b00000,0x00000000e4b00000,0x00000000e5500000)
  to   space 11264K, 0% used [0x00000000e4000000,0x00000000e4000000,0x00000000e4b00000)
 ParOldGen       total 57856K, used 9274K [0x00000000a0000000, 0x00000000a3880000, 0x00000000e0000000)
  object space 57856K, 16% used [0x00000000a0000000,0x00000000a090eb90,0x00000000a3880000)
 Metaspace       used 20664K, capacity 21014K, committed 21248K, reserved 1067008K
  class space    used 2911K, capacity 3049K, committed 3072K, reserved 1048576K
}
Event: 8.448 GC heap before
{Heap before GC invocations=8 (full 1):
 PSYoungGen      total 75776K, used 65536K [0x00000000e0000000, 0x00000000e5700000, 0x0000000100000000)
  eden space 65536K, 100% used [0x00000000e0000000,0x00000000e4000000,0x00000000e4000000)
  from space 10240K, 0% used [0x00000000e4b00000,0x00000000e4b00000,0x00000000e5500000)
  to   space 11264K, 0% used [0x00000000e4000000,0x00000000e4000000,0x00000000e4b00000)
 ParOldGen       total 57856K, used 9274K [0x00000000a0000000, 0x00000000a3880000, 0x00000000e0000000)
  object space 57856K, 16% used [0x00000000a0000000,0x00000000a090eb90,0x00000000a3880000)
 Metaspace       used 27993K, capacity 28334K, committed 28672K, reserved 1073152K
  class space    used 3817K, capacity 3969K, committed 4096K, reserved 1048576K
Event: 8.460 GC heap after
Heap after GC invocations=8 (full 1):
 PSYoungGen      total 76800K, used 8389K [0x00000000e0000000, 0x00000000e7f80000, 0x0000000100000000)
  eden space 65536K, 0% used [0x00000000e0000000,0x00000000e0000000,0x00000000e4000000)
  from space 11264K, 74% used [0x00000000e4000000,0x00000000e48316c0,0x00000000e4b00000)
  to   space 11776K, 0% used [0x00000000e7400000,0x00000000e7400000,0x00000000e7f80000)
 ParOldGen       total 57856K, used 9282K [0x00000000a0000000, 0x00000000a3880000, 0x00000000e0000000)
  object space 57856K, 16% used [0x00000000a0000000,0x00000000a0910b90,0x00000000a3880000)
 Metaspace       used 27993K, capacity 28334K, committed 28672K, reserved 1073152K
  class space    used 3817K, capacity 3969K, committed 4096K, reserved 1048576K
}
Event: 9.263 GC heap before
{Heap before GC invocations=9 (full 1):
 PSYoungGen      total 76800K, used 73925K [0x00000000e0000000, 0x00000000e7f80000, 0x0000000100000000)
  eden space 65536K, 100% used [0x00000000e0000000,0x00000000e4000000,0x00000000e4000000)
  from space 11264K, 74% used [0x00000000e4000000,0x00000000e48316c0,0x00000000e4b00000)
  to   space 11776K, 0% used [0x00000000e7400000,0x00000000e7400000,0x00000000e7f80000)
 ParOldGen       total 57856K, used 9282K [0x00000000a0000000, 0x00000000a3880000, 0x00000000e0000000)
  object space 57856K, 16% used [0x00000000a0000000,0x00000000a0910b90,0x00000000a3880000)
 Metaspace       used 31312K, capacity 31838K, committed 32128K, reserved 1077248K
  class space    used 4274K, capacity 4430K, committed 4480K, reserved 1048576K
Event: 9.284 GC heap after
Heap after GC invocations=9 (full 1):
 PSYoungGen      total 118272K, used 9096K [0x00000000e0000000, 0x00000000e8300000, 0x0000000100000000)
  eden space 106496K, 0% used [0x00000000e0000000,0x00000000e0000000,0x00000000e6800000)
  from space 11776K, 77% used [0x00000000e7400000,0x00000000e7ce20a0,0x00000000e7f80000)
  to   space 12288K, 0% used [0x00000000e6800000,0x00000000e6800000,0x00000000e7400000)
 ParOldGen       total 57856K, used 9290K [0x00000000a0000000, 0x00000000a3880000, 0x00000000e0000000)
  object space 57856K, 16% used [0x00000000a0000000,0x00000000a0912b90,0x00000000a3880000)
 Metaspace       used 31312K, capacity 31838K, committed 32128K, reserved 1077248K
  class space    used 4274K, capacity 4430K, committed 4480K, reserved 1048576K
}

Deoptimization events (10 events):
Event: 8.010 Thread 0x000000001b3de800 Uncommon trap: reason=unstable_if action=reinterpret pc=0x0000000003072c78 method=java.util.HashMap.getNode(ILjava/lang/Object;)Ljava/util/HashMap$Node; @ 53
Event: 8.010 Thread 0x000000001b3de800 Uncommon trap: reason=unstable_if action=reinterpret pc=0x0000000003082bf0 method=java.util.HashMap.hash(Ljava/lang/Object;)I @ 1
Event: 8.010 Thread 0x000000001b3de800 Uncommon trap: reason=unstable_if action=reinterpret pc=0x00000000035d98dc method=java.util.HashMap.putVal(ILjava/lang/Object;Ljava/lang/Object;ZZ)Ljava/lang/Object; @ 85
Event: 8.131 Thread 0x000000001b3de800 Uncommon trap: reason=unstable_if action=reinterpret pc=0x00000000030c8fb0 method=java.util.LinkedHashMap.afterNodeInsertion(Z)V @ 1
Event: 8.379 Thread 0x000000001b3de800 Uncommon trap: reason=unstable_if action=reinterpret pc=0x00000000036afc78 method=org.gradle.internal.reflect.PropertyAccessorType.isGetGetterName(Ljava/lang/String;)Z @ 14
Event: 8.462 Thread 0x0000000018990800 Uncommon trap: reason=unstable_if action=reinterpret pc=0x00000000032dcc3c method=java.lang.ref.Reference.tryHandlePending(Z)Z @ 104
Event: 8.585 Thread 0x000000001b3de800 Uncommon trap: reason=unstable_if action=reinterpret pc=0x0000000003605894 method=org.codehaus.groovy.runtime.metaclass.MetaMethodIndex.addMethodToList(Ljava/lang/Object;Lgroovy/lang/MetaMethod;)Ljava/lang/Object; @ 226
Event: 8.639 Thread 0x000000001b3de800 Uncommon trap: reason=unstable_if action=reinterpret pc=0x000000000309bb4c method=java.io.WinNTFileSystem.resolve(Ljava/lang/String;Ljava/lang/String;)Ljava/lang/String; @ 49
Event: 9.289 Thread 0x000000001b3de800 Uncommon trap: reason=unstable_if action=reinterpret pc=0x0000000003264ad4 method=java.util.WeakHashMap.expungeStaleEntries()V @ 66
Event: 9.327 Thread 0x000000001b3de800 Uncommon trap: reason=unstable_if action=reinterpret pc=0x0000000003082220 method=java.net.URI.match(CJJ)Z @ 45

Classes redefined (0 events):
No events

Internal exceptions (10 events):
Event: 8.734 Thread 0x000000001b3de800 Exception <a 'java/lang/ClassNotFoundException': org/gradle/api/internal/DefaultDomainObjectCollectionCustomizer> (0x00000000e1885b48) thrown at [C:\src\AOSP-openjdk-git\hotspot\src\share\vm\classfile\systemDictionary.cpp, line 210]
Event: 8.740 Thread 0x000000001b3de800 Exception <a 'java/lang/ClassNotFoundException': org/gradle/api/internal/DefaultNamedDomainObjectCollectionCustomizer> (0x00000000e18e38e0) thrown at [C:\src\AOSP-openjdk-git\hotspot\src\share\vm\classfile\systemDictionary.cpp, line 210]
Event: 8.751 Thread 0x000000001b3de800 Exception <a 'java/lang/ClassNotFoundException': org/gradle/api/internal/DefaultNamedDomainObjectListCustomizer> (0x00000000e19571c0) thrown at [C:\src\AOSP-openjdk-git\hotspot\src\share\vm\classfile\systemDictionary.cpp, line 210]
Event: 8.762 Thread 0x000000001b3de800 Exception <a 'java/lang/ClassNotFoundException': org/gradle/api/internal/artifacts/DefaultArtifactRepositoryContainerCustomizer> (0x00000000e19cbc50) thrown at [C:\src\AOSP-openjdk-git\hotspot\src\share\vm\classfile\systemDictionary.cpp, line 210]
Event: 8.764 Thread 0x000000001b3de800 Exception <a 'java/lang/ClassNotFoundException': org/gradle/api/internal/artifacts/dsl/DefaultRepositoryHandlerCustomizer> (0x00000000e1a316a8) thrown at [C:\src\AOSP-openjdk-git\hotspot\src\share\vm\classfile\systemDictionary.cpp, line 210]
Event: 8.766 Thread 0x000000001b3de800 Exception <a 'java/lang/ClassNotFoundException': org/gradle/api/internal/artifacts/dsl/DefaultRepositoryHandler_DecoratedCustomizer> (0x00000000e1aad668) thrown at [C:\src\AOSP-openjdk-git\hotspot\src\share\vm\classfile\systemDictionary.cpp, line 210]
Event: 9.262 Thread 0x000000001b3de800 Exception <a 'java/lang/ClassNotFoundException': org/gradle/api/internal/artifacts/dsl/dependencies/DefaultDependencyHandler_DecoratedBeanInfo> (0x00000000e3fbbb38) thrown at [C:\src\AOSP-openjdk-git\hotspot\src\share\vm\classfile\systemDictionary.cpp, li
Event: 9.285 Thread 0x000000001b3de800 Exception <a 'java/lang/ClassNotFoundException': org/gradle/api/internal/artifacts/dsl/dependencies/DefaultDependencyHandlerBeanInfo> (0x00000000e0014668) thrown at [C:\src\AOSP-openjdk-git\hotspot\src\share\vm\classfile\systemDictionary.cpp, line 210]
Event: 9.287 Thread 0x000000001b3de800 Exception <a 'java/lang/ClassNotFoundException': org/gradle/api/internal/artifacts/dsl/dependencies/DefaultDependencyHandlerCustomizer> (0x00000000e006dfb8) thrown at [C:\src\AOSP-openjdk-git\hotspot\src\share\vm\classfile\systemDictionary.cpp, line 210]
Event: 9.291 Thread 0x000000001b3de800 Exception <a 'java/lang/ClassNotFoundException': org/gradle/api/internal/artifacts/dsl/dependencies/DefaultDependencyHandler_DecoratedCustomizer> (0x00000000e00fd5a8) thrown at [C:\src\AOSP-openjdk-git\hotspot\src\share\vm\classfile\systemDictionary.cpp, 

Events (10 events):
Event: 9.412 loading class org/gradle/api/internal/artifacts/ivyservice/ivyresolve/ComponentSelectionRulesProcessor
Event: 9.412 loading class org/gradle/api/internal/artifacts/ivyservice/ivyresolve/ComponentSelectionRulesProcessor done
Event: 9.413 loading class org/gradle/api/internal/artifacts/ivyservice/ivyresolve/ComponentSelectionRulesProcessor$1
Event: 9.413 loading class org/gradle/api/internal/artifacts/ivyservice/ivyresolve/ComponentSelectionRulesProcessor$1 done
Event: 9.414 loading class org/gradle/api/internal/artifacts/ivyservice/ivyresolve/UserResolverChain$ModuleTransformer
Event: 9.414 loading class org/gradle/api/internal/artifacts/ivyservice/ivyresolve/UserResolverChain$ModuleTransformer done
Event: 9.414 loading class org/gradle/internal/component/model/ModuleSource
Event: 9.414 loading class org/gradle/internal/component/model/ModuleSource done
Event: 9.415 loading class org/gradle/api/internal/artifacts/ivyservice/ivyresolve/RepositoryChainDependencyToComponentIdResolver
Event: 9.415 loading class org/gradle/api/internal/artifacts/ivyservice/ivyresolve/RepositoryChainDependencyToComponentIdResolver done


Dynamic libraries:
0x00007ff7a9df0000 - 0x00007ff7a9e21000 	C:\Program Files\Android\Android Studio\jre\bin\java.exe
0x00007ffdd5570000 - 0x00007ffdd5765000 	C:\Windows\SYSTEM32\ntdll.dll
0x00007ffdd3ae0000 - 0x00007ffdd3b9d000 	C:\Windows\System32\KERNEL32.DLL
0x00007ffdd2ec0000 - 0x00007ffdd3189000 	C:\Windows\System32\KERNELBASE.dll
0x00007ffdd36b0000 - 0x00007ffdd375c000 	C:\Windows\System32\ADVAPI32.dll
0x00007ffdd4f20000 - 0x00007ffdd4fbe000 	C:\Windows\System32\msvcrt.dll
0x00007ffdd39a0000 - 0x00007ffdd3a3c000 	C:\Windows\System32\sechost.dll
0x00007ffdd53a0000 - 0x00007ffdd54cb000 	C:\Windows\System32\RPCRT4.dll
0x00007ffdd37c0000 - 0x00007ffdd3960000 	C:\Windows\System32\USER32.dll
0x00007ffdd3540000 - 0x00007ffdd3562000 	C:\Windows\System32\win32u.dll
0x00007ffdd3970000 - 0x00007ffdd399a000 	C:\Windows\System32\GDI32.dll
0x00007ffdd2db0000 - 0x00007ffdd2ebb000 	C:\Windows\System32\gdi32full.dll
0x00007ffdd3270000 - 0x00007ffdd330d000 	C:\Windows\System32\msvcp_win.dll
0x00007ffdd2cb0000 - 0x00007ffdd2db0000 	C:\Windows\System32\ucrtbase.dll
0x00007ffdc2f70000 - 0x00007ffdc320a000 	C:\Windows\WinSxS\amd64_microsoft.windows.common-controls_6595b64144ccf1df_6.0.19041.844_none_ca00b6081b84eb1d\COMCTL32.dll
0x00007ffdd5140000 - 0x00007ffdd5170000 	C:\Windows\System32\IMM32.DLL
0x0000000057bf0000 - 0x0000000057cc2000 	C:\Program Files\Android\Android Studio\jre\jre\bin\msvcr100.dll
0x0000000057d00000 - 0x000000005854b000 	C:\Program Files\Android\Android Studio\jre\jre\bin\server\jvm.dll
0x00007ffdd3ad0000 - 0x00007ffdd3ad8000 	C:\Windows\System32\PSAPI.DLL
0x00007ffdcd280000 - 0x00007ffdcd289000 	C:\Windows\SYSTEM32\WSOCK32.dll
0x00007ffdc33c0000 - 0x00007ffdc33e7000 	C:\Windows\SYSTEM32\WINMM.dll
0x00007ffdcba70000 - 0x00007ffdcba7a000 	C:\Windows\SYSTEM32\VERSION.dll
0x00007ffdd4de0000 - 0x00007ffdd4e4b000 	C:\Windows\System32\WS2_32.dll
0x00007ffd8cf40000 - 0x00007ffd8cf4f000 	C:\Program Files\Android\Android Studio\jre\jre\bin\verify.dll
0x00007ffd8cf10000 - 0x00007ffd8cf39000 	C:\Program Files\Android\Android Studio\jre\jre\bin\java.dll
0x00007ffd8cef0000 - 0x00007ffd8cf06000 	C:\Program Files\Android\Android Studio\jre\jre\bin\zip.dll
0x00007ffdd3f20000 - 0x00007ffdd4662000 	C:\Windows\System32\SHELL32.dll
0x00007ffdd0e10000 - 0x00007ffdd15a0000 	C:\Windows\SYSTEM32\windows.storage.dll
0x00007ffdd3bc0000 - 0x00007ffdd3f15000 	C:\Windows\System32\combase.dll
0x00007ffdd2720000 - 0x00007ffdd274c000 	C:\Windows\SYSTEM32\Wldp.dll
0x00007ffdd5020000 - 0x00007ffdd50ce000 	C:\Windows\System32\SHCORE.dll
0x00007ffdd54d0000 - 0x00007ffdd5525000 	C:\Windows\System32\shlwapi.dll
0x00007ffdd2bf0000 - 0x00007ffdd2c0f000 	C:\Windows\SYSTEM32\profapi.dll
0x00007ffd8ced0000 - 0x00007ffd8ceea000 	C:\Program Files\Android\Android Studio\jre\jre\bin\net.dll
0x00007ffdd24a0000 - 0x00007ffdd250a000 	C:\Windows\system32\mswsock.dll
0x00007ffd8ceb0000 - 0x00007ffd8cec3000 	C:\Program Files\Android\Android Studio\jre\jre\bin\nio.dll
0x00007ffdb8dc0000 - 0x00007ffdb8de6000 	C:\Users\Acer\.gradle\native\30\windows-amd64\native-platform.dll
0x00007ffd8cea0000 - 0x00007ffd8cead000 	C:\Program Files\Android\Android Studio\jre\jre\bin\management.dll
0x00007ffdd2680000 - 0x00007ffdd2698000 	C:\Windows\SYSTEM32\CRYPTSP.dll
0x00007ffdd1dd0000 - 0x00007ffdd1e04000 	C:\Windows\system32\rsaenh.dll
0x00007ffdd3190000 - 0x00007ffdd31b7000 	C:\Windows\System32\bcrypt.dll
0x00007ffdd2bb0000 - 0x00007ffdd2bde000 	C:\Windows\SYSTEM32\USERENV.dll
0x00007ffdd3310000 - 0x00007ffdd3390000 	C:\Windows\System32\bcryptprimitives.dll
0x00007ffdd2670000 - 0x00007ffdd267c000 	C:\Windows\SYSTEM32\CRYPTBASE.dll
0x00007ffdd2140000 - 0x00007ffdd217b000 	C:\Windows\SYSTEM32\IPHLPAPI.DLL
0x00007ffdd50d0000 - 0x00007ffdd50d8000 	C:\Windows\System32\NSI.dll
0x00007ffdcb100000 - 0x00007ffdcb117000 	C:\Windows\SYSTEM32\dhcpcsvc6.DLL
0x00007ffdcb0e0000 - 0x00007ffdcb0fd000 	C:\Windows\SYSTEM32\dhcpcsvc.DLL
0x00007ffdd2190000 - 0x00007ffdd225b000 	C:\Windows\SYSTEM32\DNSAPI.dll

VM Arguments:
jvm_args: -Xmx1536M -Dfile.encoding=windows-1252 -Duser.country=US -Duser.language=en -Duser.variant 
java_command: org.gradle.launcher.daemon.bootstrap.GradleDaemon 5.6.2
java_class_path (initial): C:\Users\Acer\.gradle\wrapper\dists\gradle-5.6.2-all\9st6wgf78h16so49nn74lgtbb\gradle-5.6.2\lib\gradle-launcher-5.6.2.jar
Launcher Type: SUN_STANDARD

Environment Variables:
JAVA_HOME=C:\Program Files\Android\Android Studio\jre
CLASSPATH=F:\AMC\amc_new_project\amc_new\android\\gradle\wrapper\gradle-wrapper.jar
PATH=C:\Program Files (x86)\Common Files\Oracle\Java\javapath;C:\Windows\system32;C:\Windows;C:\Windows\System32\Wbem;C:\Windows\System32\WindowsPowerShell\v1.0\;C:\Windows\System32\OpenSSH\;C:\Program Files (x86)\NVIDIA Corporation\PhysX\Common;C:\Program Files (x86)\Microsoft SQL Server\150\DTS\Binn\;G:\node\;C:\Program Files\Java\jdk1.8.0_271\bin;C:\Program Files\MySQL\MySQL Shell 8.0\bin\;C:\Users\Acer\AppData\Local\Microsoft\WindowsApps;C:\Users\Acer\AppData\Local\Programs\Microsoft VS Code\bin;C:\Users\Acer\AppData\Roaming\npm;G:\node\node_modules\npm\bin;G:\node\node_modules\npm\bin\node-gyp-bin;C:\Users\Acer\flutter\bin;C:\Program Files\Android\tools\bin;G:\flutter\bin;G:\flutter\bin\mingit\cmd
USERNAME=Acer
OS=Windows_NT
PROCESSOR_IDENTIFIER=Intel64 Family 6 Model 142 Stepping 10, GenuineIntel



---------------  S Y S T E M  ---------------

OS: Windows 10.0 , 64 bit Build 19041 (10.0.19041.804)

CPU:total 8 (initial active 8) (4 cores per cpu, 2 threads per core) family 6 model 142 stepping 10, cmov, cx8, fxsr, mmx, sse, sse2, sse3, ssse3, sse4.1, sse4.2, popcnt, avx, avx2, aes, clmul, erms, 3dnowpref, lzcnt, ht, tsc, tscinvbit, bmi1, bmi2, adx

Memory: 4k page, physical 8262884k(193280k free), swap 33428708k(6804k free)

vm_info: OpenJDK 64-Bit Server VM (25.242-b01) for windows-amd64 JRE (1.8.0_242-release-1644-b01), built by "builder" with MS VC++ 10.0 (VS2010)

time: Thu Apr 15 13:36:22 2021
timezone: Sri Lanka Standard Time
elapsed time: 9 seconds (0d 0h 0m 9s)

