#
# There is insufficient memory for the Java Runtime Environment to continue.
# Native memory allocation (malloc) failed to allocate 1239456 bytes for Chunk::new
# Possible reasons:
#   The system is out of physical RAM or swap space
#   The process is running with CompressedOops enabled, and the Java Heap may be blocking the growth of the native heap
# Possible solutions:
#   Reduce memory load on the system
#   Increase physical memory or swap space
#   Check if swap backing store is full
#   Decrease Java heap size (-Xmx/-Xms)
#   Decrease number of Java threads
#   Decrease Java thread stack sizes (-Xss)
#   Set larger code cache with -XX:ReservedCodeCacheSize=
#   JVM is running with Unscaled Compressed Oops mode in which the Java heap is
#     placed in the first 4GB address space. The Java Heap base address is the
#     maximum limit for the native heap growth. Please use -XX:HeapBaseMinAddress
#     to set the Java Heap base and to place the Java Heap above 4GB virtual address.
# This output file may be truncated or incomplete.
#
#  Out of Memory Error (allocation.cpp:389), pid=5796, tid=0x00000000000020e4
#
# JRE version: OpenJDK Runtime Environment (8.0_242-b01) (build 1.8.0_242-release-1644-b01)
# Java VM: OpenJDK 64-Bit Server VM (25.242-b01 mixed mode windows-amd64 compressed oops)
# Failed to write core dump. Minidumps are not enabled by default on client versions of Windows
#

---------------  T H R E A D  ---------------

Current thread (0x0000000016c9b800):  JavaThread "C2 CompilerThread0" daemon [_thread_in_native, id=8420, stack(0x0000000019370000,0x0000000019470000)]

Stack: [0x0000000019370000,0x0000000019470000]
[error occurred during error reporting (printing stack bounds), id 0xc0000005]

Native frames: (J=compiled Java code, j=interpreted, Vv=VM code, C=native code)


Current CompileTask:
C2:   9763 2392       4       groovy.lang.MetaClassImpl$1MOPIter::methodNameAction (325 bytes)


---------------  P R O C E S S  ---------------

Java Threads: ( => current thread )
  0x000000001f567800 JavaThread "Cache worker for execution history cache (C:\Users\Acer\.gradle\caches\5.6.2\executionHistory)" [_thread_blocked, id=10896, stack(0x0000000022690000,0x0000000022790000)]
  0x000000001f561800 JavaThread "Cache worker for cache directory md-rule (C:\Users\Acer\.gradle\caches\5.6.2\md-rule)" [_thread_blocked, id=17764, stack(0x00000000227a0000,0x00000000228a0000)]
  0x000000001f567000 JavaThread "Cache worker for cache directory md-supplier (C:\Users\Acer\.gradle\caches\5.6.2\md-supplier)" [_thread_blocked, id=1320, stack(0x000000001ff00000,0x0000000020000000)]
  0x0000000018ac0000 JavaThread "Cache worker for file hash cache (F:\AMC\amc_new_project\amc_new\android\.gradle\5.6.2\fileHashes)" [_thread_blocked, id=19504, stack(0x000000001fbf0000,0x000000001fcf0000)]
  0x0000000018abc800 JavaThread "Cache worker for journal cache (C:\Users\Acer\.gradle\caches\journal-1)" [_thread_blocked, id=3164, stack(0x000000001d690000,0x000000001d790000)]
  0x0000000018abe800 JavaThread "File lock request listener" [_thread_in_native, id=5132, stack(0x000000001d590000,0x000000001d690000)]
  0x0000000018abd000 JavaThread "Cache worker for file hash cache (C:\Users\Acer\.gradle\caches\5.6.2\fileHashes)" [_thread_blocked, id=13596, stack(0x000000001d490000,0x000000001d590000)]
  0x000000001b483800 JavaThread "Thread-9" [_thread_blocked, id=10620, stack(0x000000001d390000,0x000000001d490000)]
  0x000000001b480800 JavaThread "Stdin handler" [_thread_blocked, id=12572, stack(0x000000001d290000,0x000000001d390000)]
  0x000000001b47f000 JavaThread "Asynchronous log dispatcher for DefaultDaemonConnection: socket connection from /127.0.0.1:61221 to /127.0.0.1:61222" [_thread_blocked, id=8132, stack(0x000000001d090000,0x000000001d190000)]
  0x000000001b468800 JavaThread "Daemon worker" [_thread_in_native, id=20240, stack(0x000000001cf90000,0x000000001d090000)]
  0x000000001b459000 JavaThread "Cancel handler" [_thread_blocked, id=2944, stack(0x000000001ce90000,0x000000001cf90000)]
  0x000000001b455800 JavaThread "Handler for socket connection from /127.0.0.1:61221 to /127.0.0.1:61222" [_thread_in_native, id=14408, stack(0x000000001cb90000,0x000000001cc90000)]
  0x000000001b455000 JavaThread "Daemon" [_thread_blocked, id=17016, stack(0x000000001ca90000,0x000000001cb90000)]
  0x000000001b3fa800 JavaThread "Daemon periodic checks" [_thread_blocked, id=12836, stack(0x000000001c990000,0x000000001ca90000)]
  0x000000001b3cf800 JavaThread "Incoming local TCP Connector on port 61221" [_thread_in_native, id=13760, stack(0x000000001c750000,0x000000001c850000)]
  0x0000000018bd7800 JavaThread "Daemon health stats" [_thread_blocked, id=700, stack(0x000000001c110000,0x000000001c210000)]
  0x0000000018b46800 JavaThread "Service Thread" daemon [_thread_blocked, id=1412, stack(0x0000000019770000,0x0000000019870000)]
  0x0000000018abe000 JavaThread "C1 CompilerThread3" daemon [_thread_blocked, id=11984, stack(0x0000000019670000,0x0000000019770000)]
  0x0000000018aac800 JavaThread "C2 CompilerThread2" daemon [_thread_blocked, id=12312, stack(0x0000000019570000,0x0000000019670000)]
  0x0000000018aa9000 JavaThread "C2 CompilerThread1" daemon [_thread_in_vm, id=13664, stack(0x0000000019470000,0x0000000019570000)]
=>0x0000000016c9b800 JavaThread "C2 CompilerThread0" daemon [_thread_in_native, id=8420, stack(0x0000000019370000,0x0000000019470000)]
  0x0000000018aa5800 JavaThread "Attach Listener" daemon [_thread_blocked, id=18596, stack(0x0000000019270000,0x0000000019370000)]
  0x0000000018aa4000 JavaThread "Signal Dispatcher" daemon [_thread_blocked, id=8544, stack(0x0000000019170000,0x0000000019270000)]
  0x0000000018a91000 JavaThread "Finalizer" daemon [_thread_blocked, id=15800, stack(0x0000000018f70000,0x0000000019070000)]
  0x0000000018a90800 JavaThread "Reference Handler" daemon [_thread_blocked, id=16932, stack(0x0000000018e70000,0x0000000018f70000)]
  0x00000000013ee800 JavaThread "main" [_thread_blocked, id=1032, stack(0x0000000002c70000,0x0000000002d70000)]

Other Threads:
  0x0000000016c86800 VMThread [stack: 0x0000000018970000,0x0000000018a70000] [id=4816]
  0x0000000018b47000 WatcherThread [stack: 0x0000000019870000,0x0000000019970000] [id=10368]

VM state:not at safepoint (normal execution)

VM Mutex/Monitor currently owned by a thread: None

heap address: 0x00000000a0000000, size: 1536 MB, Compressed Oops mode: 32-bit
Narrow klass base: 0x0000000000000000, Narrow klass shift: 3
Compressed class space size: 1073741824 Address: 0x0000000100000000

Heap:
 PSYoungGen      total 64000K, used 62517K [0x00000000e0000000, 0x00000000e7a80000, 0x0000000100000000)
  eden space 58880K, 97% used [0x00000000e0000000,0x00000000e3815620,0x00000000e3980000)
  from space 5120K, 99% used [0x00000000e4600000,0x00000000e4af80b0,0x00000000e4b00000)
  to   space 12800K, 0% used [0x00000000e3980000,0x00000000e3980000,0x00000000e4600000)
 ParOldGen       total 67072K, used 15074K [0x00000000a0000000, 0x00000000a4180000, 0x00000000e0000000)
  object space 67072K, 22% used [0x00000000a0000000,0x00000000a0eb8870,0x00000000a4180000)
 Metaspace       used 30874K, capacity 31436K, committed 31872K, reserved 1077248K
  class space    used 4195K, capacity 4363K, committed 4480K, reserved 1048576K

Card table byte_map: [0x0000000012290000,0x00000000125a0000] byte_map_base: 0x0000000011d90000

Marking Bits: (ParMarkBitMap*) 0x00000000584cf030
 Begin Bits: [0x0000000012fa0000, 0x00000000147a0000)
 End Bits:   [0x00000000147a0000, 0x0000000015fa0000)

Polling page: 0x00000000013b0000

CodeCache: size=245760Kb used=10134Kb max_used=10134Kb free=235625Kb
 bounds [0x0000000002ed0000, 0x00000000038c0000, 0x0000000011ed0000]
 total_blobs=3221 nmethods=2528 adapters=606
 compilation: enabled

Compilation events (10 events):
Event: 9.582 Thread 0x0000000018abe000 2501       3       org.gradle.internal.reflect.JavaPropertyReflectionUtil::resolveMethodReturnType (44 bytes)
Event: 9.583 Thread 0x0000000018aac800 2503       4       java.util.regex.Pattern$Single::isSatisfiedBy (14 bytes)
Event: 9.584 Thread 0x0000000018aac800 nmethod 2503 0x000000000384a690 code [0x000000000384a7c0, 0x000000000384a838]
Event: 9.584 Thread 0x0000000018abe000 nmethod 2501 0x00000000038a3850 code [0x00000000038a3c80, 0x00000000038a66f8]
Event: 9.584 Thread 0x0000000018abe000 2502       3       org.gradle.internal.instantiation.AbstractClassGenerator$MethodMetadata::<init> (15 bytes)
Event: 9.585 Thread 0x0000000018abe000 nmethod 2502 0x00000000038a30d0 code [0x00000000038a3220, 0x00000000038a33f0]
Event: 9.627 Thread 0x0000000018abe000 2505       3       com.google.common.base.Preconditions::checkArgument (28 bytes)
Event: 9.628 Thread 0x0000000018abe000 nmethod 2505 0x00000000038a2590 code [0x00000000038a2740, 0x00000000038a2d58]
Event: 9.628 Thread 0x0000000018abe000 2506       3       com.google.common.io.BaseEncoding$Alphabet::encode (7 bytes)
Event: 9.628 Thread 0x0000000018abe000 nmethod 2506 0x00000000038a21d0 code [0x00000000038a2320, 0x00000000038a24b0]

GC Heap History (10 events):
Event: 3.849 GC heap before
{Heap before GC invocations=3 (full 0):
 PSYoungGen      total 38400K, used 36593K [0x00000000e0000000, 0x00000000e4b00000, 0x0000000100000000)
  eden space 33280K, 100% used [0x00000000e0000000,0x00000000e2080000,0x00000000e2080000)
  from space 5120K, 64% used [0x00000000e2580000,0x00000000e28bc500,0x00000000e2a80000)
  to   space 5120K, 0% used [0x00000000e2080000,0x00000000e2080000,0x00000000e2580000)
 ParOldGen       total 87552K, used 24K [0x00000000a0000000, 0x00000000a5580000, 0x00000000e0000000)
  object space 87552K, 0% used [0x00000000a0000000,0x00000000a0006000,0x00000000a5580000)
 Metaspace       used 11928K, capacity 12274K, committed 12544K, reserved 1060864K
  class space    used 1594K, capacity 1709K, committed 1792K, reserved 1048576K
Event: 3.867 GC heap after
Heap after GC invocations=3 (full 0):
 PSYoungGen      total 38400K, used 5088K [0x00000000e0000000, 0x00000000e4b00000, 0x0000000100000000)
  eden space 33280K, 0% used [0x00000000e0000000,0x00000000e0000000,0x00000000e2080000)
  from space 5120K, 99% used [0x00000000e2080000,0x00000000e2578020,0x00000000e2580000)
  to   space 5120K, 0% used [0x00000000e4600000,0x00000000e4600000,0x00000000e4b00000)
 ParOldGen       total 87552K, used 1220K [0x00000000a0000000, 0x00000000a5580000, 0x00000000e0000000)
  object space 87552K, 1% used [0x00000000a0000000,0x00000000a01312a0,0x00000000a5580000)
 Metaspace       used 11928K, capacity 12274K, committed 12544K, reserved 1060864K
  class space    used 1594K, capacity 1709K, committed 1792K, reserved 1048576K
}
Event: 4.500 GC heap before
{Heap before GC invocations=4 (full 0):
 PSYoungGen      total 38400K, used 38368K [0x00000000e0000000, 0x00000000e4b00000, 0x0000000100000000)
  eden space 33280K, 100% used [0x00000000e0000000,0x00000000e2080000,0x00000000e2080000)
  from space 5120K, 99% used [0x00000000e2080000,0x00000000e2578020,0x00000000e2580000)
  to   space 5120K, 0% used [0x00000000e4600000,0x00000000e4600000,0x00000000e4b00000)
 ParOldGen       total 87552K, used 1220K [0x00000000a0000000, 0x00000000a5580000, 0x00000000e0000000)
  object space 87552K, 1% used [0x00000000a0000000,0x00000000a01312a0,0x00000000a5580000)
 Metaspace       used 14295K, capacity 14590K, committed 14976K, reserved 1062912K
  class space    used 1996K, capacity 2099K, committed 2176K, reserved 1048576K
Event: 4.522 GC heap after
Heap after GC invocations=4 (full 0):
 PSYoungGen      total 71680K, used 5092K [0x00000000e0000000, 0x00000000e4b00000, 0x0000000100000000)
  eden space 66560K, 0% used [0x00000000e0000000,0x00000000e0000000,0x00000000e4100000)
  from space 5120K, 99% used [0x00000000e4600000,0x00000000e4af9388,0x00000000e4b00000)
  to   space 5120K, 0% used [0x00000000e4100000,0x00000000e4100000,0x00000000e4600000)
 ParOldGen       total 87552K, used 3484K [0x00000000a0000000, 0x00000000a5580000, 0x00000000e0000000)
  object space 87552K, 3% used [0x00000000a0000000,0x00000000a0367138,0x00000000a5580000)
 Metaspace       used 14295K, capacity 14590K, committed 14976K, reserved 1062912K
  class space    used 1996K, capacity 2099K, committed 2176K, reserved 1048576K
}
Event: 6.822 GC heap before
{Heap before GC invocations=5 (full 0):
 PSYoungGen      total 71680K, used 64633K [0x00000000e0000000, 0x00000000e4b00000, 0x0000000100000000)
  eden space 66560K, 89% used [0x00000000e0000000,0x00000000e3a25218,0x00000000e4100000)
  from space 5120K, 99% used [0x00000000e4600000,0x00000000e4af9388,0x00000000e4b00000)
  to   space 5120K, 0% used [0x00000000e4100000,0x00000000e4100000,0x00000000e4600000)
 ParOldGen       total 87552K, used 3484K [0x00000000a0000000, 0x00000000a5580000, 0x00000000e0000000)
  object space 87552K, 3% used [0x00000000a0000000,0x00000000a0367138,0x00000000a5580000)
 Metaspace       used 20672K, capacity 21014K, committed 21248K, reserved 1067008K
  class space    used 2911K, capacity 3049K, committed 3072K, reserved 1048576K
Event: 6.852 GC heap after
Heap after GC invocations=5 (full 0):
 PSYoungGen      total 71680K, used 5105K [0x00000000e0000000, 0x00000000e4b00000, 0x0000000100000000)
  eden space 66560K, 0% used [0x00000000e0000000,0x00000000e0000000,0x00000000e4100000)
  from space 5120K, 99% used [0x00000000e4100000,0x00000000e45fc5c8,0x00000000e4600000)
  to   space 5120K, 0% used [0x00000000e4600000,0x00000000e4600000,0x00000000e4b00000)
 ParOldGen       total 87552K, used 10631K [0x00000000a0000000, 0x00000000a5580000, 0x00000000e0000000)
  object space 87552K, 12% used [0x00000000a0000000,0x00000000a0a61e60,0x00000000a5580000)
 Metaspace       used 20672K, capacity 21014K, committed 21248K, reserved 1067008K
  class space    used 2911K, capacity 3049K, committed 3072K, reserved 1048576K
}
Event: 6.852 GC heap before
{Heap before GC invocations=6 (full 1):
 PSYoungGen      total 71680K, used 5105K [0x00000000e0000000, 0x00000000e4b00000, 0x0000000100000000)
  eden space 66560K, 0% used [0x00000000e0000000,0x00000000e0000000,0x00000000e4100000)
  from space 5120K, 99% used [0x00000000e4100000,0x00000000e45fc5c8,0x00000000e4600000)
  to   space 5120K, 0% used [0x00000000e4600000,0x00000000e4600000,0x00000000e4b00000)
 ParOldGen       total 87552K, used 10631K [0x00000000a0000000, 0x00000000a5580000, 0x00000000e0000000)
  object space 87552K, 12% used [0x00000000a0000000,0x00000000a0a61e60,0x00000000a5580000)
 Metaspace       used 20672K, capacity 21014K, committed 21248K, reserved 1067008K
  class space    used 2911K, capacity 3049K, committed 3072K, reserved 1048576K
Event: 6.944 GC heap after
Heap after GC invocations=6 (full 1):
 PSYoungGen      total 71680K, used 0K [0x00000000e0000000, 0x00000000e4b00000, 0x0000000100000000)
  eden space 66560K, 0% used [0x00000000e0000000,0x00000000e0000000,0x00000000e4100000)
  from space 5120K, 0% used [0x00000000e4100000,0x00000000e4100000,0x00000000e4600000)
  to   space 5120K, 0% used [0x00000000e4600000,0x00000000e4600000,0x00000000e4b00000)
 ParOldGen       total 67072K, used 11872K [0x00000000a0000000, 0x00000000a4180000, 0x00000000e0000000)
  object space 67072K, 17% used [0x00000000a0000000,0x00000000a0b98338,0x00000000a4180000)
 Metaspace       used 20672K, capacity 21014K, committed 21248K, reserved 1067008K
  class space    used 2911K, capacity 3049K, committed 3072K, reserved 1048576K
}
Event: 9.005 GC heap before
{Heap before GC invocations=7 (full 1):
 PSYoungGen      total 71680K, used 66560K [0x00000000e0000000, 0x00000000e4b00000, 0x0000000100000000)
  eden space 66560K, 100% used [0x00000000e0000000,0x00000000e4100000,0x00000000e4100000)
  from space 5120K, 0% used [0x00000000e4100000,0x00000000e4100000,0x00000000e4600000)
  to   space 5120K, 0% used [0x00000000e4600000,0x00000000e4600000,0x00000000e4b00000)
 ParOldGen       total 67072K, used 11872K [0x00000000a0000000, 0x00000000a4180000, 0x00000000e0000000)
  object space 67072K, 17% used [0x00000000a0000000,0x00000000a0b98338,0x00000000a4180000)
 Metaspace       used 28010K, capacity 28398K, committed 28928K, reserved 1075200K
  class space    used 3816K, capacity 3969K, committed 4096K, reserved 1048576K
Event: 9.016 GC heap after
Heap after GC invocations=7 (full 1):
 PSYoungGen      total 64000K, used 5088K [0x00000000e0000000, 0x00000000e7a80000, 0x0000000100000000)
  eden space 58880K, 0% used [0x00000000e0000000,0x00000000e0000000,0x00000000e3980000)
  from space 5120K, 99% used [0x00000000e4600000,0x00000000e4af80b0,0x00000000e4b00000)
  to   space 12800K, 0% used [0x00000000e3980000,0x00000000e3980000,0x00000000e4600000)
 ParOldGen       total 67072K, used 15074K [0x00000000a0000000, 0x00000000a4180000, 0x00000000e0000000)
  object space 67072K, 22% used [0x00000000a0000000,0x00000000a0eb8870,0x00000000a4180000)
 Metaspace       used 28010K, capacity 28398K, committed 28928K, reserved 1075200K
  class space    used 3816K, capacity 3969K, committed 4096K, reserved 1048576K
}

Deoptimization events (10 events):
Event: 8.315 Thread 0x000000001b468800 Uncommon trap: reason=unstable_if action=reinterpret pc=0x0000000003119fa4 method=java.io.WinNTFileSystem.normalize(Ljava/lang/String;II)Ljava/lang/String; @ 103
Event: 8.602 Thread 0x000000001b468800 Uncommon trap: reason=unstable_if action=reinterpret pc=0x00000000033a7ba0 method=java.util.HashMap.hash(Ljava/lang/Object;)I @ 1
Event: 8.635 Thread 0x000000001b468800 Uncommon trap: reason=unstable_if action=reinterpret pc=0x000000000313e9a8 method=java.util.HashMap.hash(Ljava/lang/Object;)I @ 1
Event: 8.756 Thread 0x000000001b468800 Uncommon trap: reason=unstable_if action=reinterpret pc=0x00000000031644f8 method=java.util.HashMap.getNode(ILjava/lang/Object;)Ljava/util/HashMap$Node; @ 53
Event: 8.756 Thread 0x000000001b468800 Uncommon trap: reason=unstable_if action=reinterpret pc=0x000000000315c370 method=java.util.HashMap.hash(Ljava/lang/Object;)I @ 1
Event: 8.756 Thread 0x000000001b468800 Uncommon trap: reason=unstable_if action=reinterpret pc=0x000000000369ff54 method=java.util.HashMap.putVal(ILjava/lang/Object;Ljava/lang/Object;ZZ)Ljava/lang/Object; @ 85
Event: 8.839 Thread 0x000000001b468800 Uncommon trap: reason=unstable_if action=reinterpret pc=0x000000000319d830 method=java.util.LinkedHashMap.afterNodeInsertion(Z)V @ 1
Event: 9.017 Thread 0x0000000018a90800 Uncommon trap: reason=unstable_if action=reinterpret pc=0x00000000033cd63c method=java.lang.ref.Reference.tryHandlePending(Z)Z @ 104
Event: 9.174 Thread 0x000000001b468800 Uncommon trap: reason=unstable_if action=reinterpret pc=0x000000000334a8a0 method=java.util.WeakHashMap.expungeStaleEntries()V @ 66
Event: 9.232 Thread 0x000000001b468800 Uncommon trap: reason=unstable_if action=reinterpret pc=0x000000000317eccc method=java.io.WinNTFileSystem.resolve(Ljava/lang/String;Ljava/lang/String;)Ljava/lang/String; @ 49

Classes redefined (0 events):
No events

Internal exceptions (10 events):
Event: 9.329 Thread 0x000000001b468800 Exception <a 'java/lang/ClassNotFoundException': org/gradle/api/internal/artifacts/DefaultArtifactRepositoryContainerBeanInfo> (0x00000000e17c85b0) thrown at [C:\src\AOSP-openjdk-git\hotspot\src\share\vm\classfile\systemDictionary.cpp, line 210]
Event: 9.330 Thread 0x000000001b468800 Exception <a 'java/lang/ClassNotFoundException': org/gradle/api/internal/DefaultNamedDomainObjectListBeanInfo> (0x00000000e17fb848) thrown at [C:\src\AOSP-openjdk-git\hotspot\src\share\vm\classfile\systemDictionary.cpp, line 210]
Event: 9.331 Thread 0x000000001b468800 Exception <a 'java/lang/ClassNotFoundException': org/gradle/api/internal/DefaultNamedDomainObjectCollectionBeanInfo> (0x00000000e1830d88) thrown at [C:\src\AOSP-openjdk-git\hotspot\src\share\vm\classfile\systemDictionary.cpp, line 210]
Event: 9.331 Thread 0x000000001b468800 Exception <a 'java/lang/ClassNotFoundException': org/gradle/api/internal/DefaultDomainObjectCollectionBeanInfo> (0x00000000e1864dc0) thrown at [C:\src\AOSP-openjdk-git\hotspot\src\share\vm\classfile\systemDictionary.cpp, line 210]
Event: 9.332 Thread 0x000000001b468800 Exception <a 'java/lang/ClassNotFoundException': org/gradle/api/internal/DefaultDomainObjectCollectionCustomizer> (0x00000000e18998e8) thrown at [C:\src\AOSP-openjdk-git\hotspot\src\share\vm\classfile\systemDictionary.cpp, line 210]
Event: 9.334 Thread 0x000000001b468800 Exception <a 'java/lang/ClassNotFoundException': org/gradle/api/internal/DefaultNamedDomainObjectCollectionCustomizer> (0x00000000e18f7648) thrown at [C:\src\AOSP-openjdk-git\hotspot\src\share\vm\classfile\systemDictionary.cpp, line 210]
Event: 9.338 Thread 0x000000001b468800 Exception <a 'java/lang/ClassNotFoundException': org/gradle/api/internal/DefaultNamedDomainObjectListCustomizer> (0x00000000e196afd0) thrown at [C:\src\AOSP-openjdk-git\hotspot\src\share\vm\classfile\systemDictionary.cpp, line 210]
Event: 9.344 Thread 0x000000001b468800 Exception <a 'java/lang/ClassNotFoundException': org/gradle/api/internal/artifacts/DefaultArtifactRepositoryContainerCustomizer> (0x00000000e19df968) thrown at [C:\src\AOSP-openjdk-git\hotspot\src\share\vm\classfile\systemDictionary.cpp, line 210]
Event: 9.345 Thread 0x000000001b468800 Exception <a 'java/lang/ClassNotFoundException': org/gradle/api/internal/artifacts/dsl/DefaultRepositoryHandlerCustomizer> (0x00000000e1a45380) thrown at [C:\src\AOSP-openjdk-git\hotspot\src\share\vm\classfile\systemDictionary.cpp, line 210]
Event: 9.347 Thread 0x000000001b468800 Exception <a 'java/lang/ClassNotFoundException': org/gradle/api/internal/artifacts/dsl/DefaultRepositoryHandler_DecoratedCustomizer> (0x00000000e1ac14d8) thrown at [C:\src\AOSP-openjdk-git\hotspot\src\share\vm\classfile\systemDictionary.cpp, line 210]

Events (10 events):
Event: 9.633 loading class org/gradle/api/internal/artifacts/DefaultDependencyManagementServices$NoOpCachingStateStep
Event: 9.633 loading class org/gradle/api/internal/artifacts/DefaultDependencyManagementServices$NoOpCachingStateStep done
Event: 9.633 loading class org/gradle/internal/execution/steps/ResolveChangesStep
Event: 9.633 loading class org/gradle/internal/execution/steps/ResolveChangesStep done
Event: 9.635 loading class org/gradle/internal/execution/history/changes/IncrementalInputProperties
Event: 9.635 loading class org/gradle/internal/execution/history/changes/IncrementalInputProperties done
Event: 9.635 loading class org/gradle/internal/execution/steps/SkipUpToDateStep
Event: 9.635 loading class org/gradle/internal/execution/steps/SkipUpToDateStep done
Event: 9.636 loading class org/gradle/internal/execution/steps/BroadcastChangingOutputsStep
Event: 9.636 loading class org/gradle/internal/execution/steps/BroadcastChangingOutputsStep done


Dynamic libraries:
0x00007ff758040000 - 0x00007ff758071000 	C:\Program Files\Android\Android Studio\jre\bin\java.exe
0x00007ffdd5570000 - 0x00007ffdd5765000 	C:\Windows\SYSTEM32\ntdll.dll
0x00007ffdd3ae0000 - 0x00007ffdd3b9d000 	C:\Windows\System32\KERNEL32.DLL
0x00007ffdd2ec0000 - 0x00007ffdd3189000 	C:\Windows\System32\KERNELBASE.dll
0x00007ffdd36b0000 - 0x00007ffdd375c000 	C:\Windows\System32\ADVAPI32.dll
0x00007ffdd4f20000 - 0x00007ffdd4fbe000 	C:\Windows\System32\msvcrt.dll
0x00007ffdd39a0000 - 0x00007ffdd3a3c000 	C:\Windows\System32\sechost.dll
0x00007ffdd53a0000 - 0x00007ffdd54cb000 	C:\Windows\System32\RPCRT4.dll
0x00007ffdd37c0000 - 0x00007ffdd3960000 	C:\Windows\System32\USER32.dll
0x00007ffdd3540000 - 0x00007ffdd3562000 	C:\Windows\System32\win32u.dll
0x00007ffdd3970000 - 0x00007ffdd399a000 	C:\Windows\System32\GDI32.dll
0x00007ffdd2db0000 - 0x00007ffdd2ebb000 	C:\Windows\System32\gdi32full.dll
0x00007ffdd3270000 - 0x00007ffdd330d000 	C:\Windows\System32\msvcp_win.dll
0x00007ffdd2cb0000 - 0x00007ffdd2db0000 	C:\Windows\System32\ucrtbase.dll
0x00007ffdc2f70000 - 0x00007ffdc320a000 	C:\Windows\WinSxS\amd64_microsoft.windows.common-controls_6595b64144ccf1df_6.0.19041.844_none_ca00b6081b84eb1d\COMCTL32.dll
0x00007ffdd5140000 - 0x00007ffdd5170000 	C:\Windows\System32\IMM32.DLL
0x0000000057bf0000 - 0x0000000057cc2000 	C:\Program Files\Android\Android Studio\jre\jre\bin\msvcr100.dll
0x0000000057d00000 - 0x000000005854b000 	C:\Program Files\Android\Android Studio\jre\jre\bin\server\jvm.dll
0x00007ffdd3ad0000 - 0x00007ffdd3ad8000 	C:\Windows\System32\PSAPI.DLL
0x00007ffdcd280000 - 0x00007ffdcd289000 	C:\Windows\SYSTEM32\WSOCK32.dll
0x00007ffdc33c0000 - 0x00007ffdc33e7000 	C:\Windows\SYSTEM32\WINMM.dll
0x00007ffdd4de0000 - 0x00007ffdd4e4b000 	C:\Windows\System32\WS2_32.dll
0x00007ffdcba70000 - 0x00007ffdcba7a000 	C:\Windows\SYSTEM32\VERSION.dll
0x00007ffd8cf40000 - 0x00007ffd8cf4f000 	C:\Program Files\Android\Android Studio\jre\jre\bin\verify.dll
0x00007ffd8cf10000 - 0x00007ffd8cf39000 	C:\Program Files\Android\Android Studio\jre\jre\bin\java.dll
0x00007ffd8cef0000 - 0x00007ffd8cf06000 	C:\Program Files\Android\Android Studio\jre\jre\bin\zip.dll
0x00007ffdd3f20000 - 0x00007ffdd4662000 	C:\Windows\System32\SHELL32.dll
0x00007ffdd0e10000 - 0x00007ffdd15a0000 	C:\Windows\SYSTEM32\windows.storage.dll
0x00007ffdd3bc0000 - 0x00007ffdd3f15000 	C:\Windows\System32\combase.dll
0x00007ffdd2720000 - 0x00007ffdd274c000 	C:\Windows\SYSTEM32\Wldp.dll
0x00007ffdd5020000 - 0x00007ffdd50ce000 	C:\Windows\System32\SHCORE.dll
0x00007ffdd54d0000 - 0x00007ffdd5525000 	C:\Windows\System32\shlwapi.dll
0x00007ffdd2bf0000 - 0x00007ffdd2c0f000 	C:\Windows\SYSTEM32\profapi.dll
0x00007ffd8ced0000 - 0x00007ffd8ceea000 	C:\Program Files\Android\Android Studio\jre\jre\bin\net.dll
0x00007ffdd24a0000 - 0x00007ffdd250a000 	C:\Windows\system32\mswsock.dll
0x00007ffd8ceb0000 - 0x00007ffd8cec3000 	C:\Program Files\Android\Android Studio\jre\jre\bin\nio.dll
0x00007ffdcc870000 - 0x00007ffdcc896000 	C:\Users\Acer\.gradle\native\30\windows-amd64\native-platform.dll
0x00007ffd8cea0000 - 0x00007ffd8cead000 	C:\Program Files\Android\Android Studio\jre\jre\bin\management.dll
0x00007ffdd2680000 - 0x00007ffdd2698000 	C:\Windows\SYSTEM32\CRYPTSP.dll
0x00007ffdd1dd0000 - 0x00007ffdd1e04000 	C:\Windows\system32\rsaenh.dll
0x00007ffdd3190000 - 0x00007ffdd31b7000 	C:\Windows\System32\bcrypt.dll
0x00007ffdd2bb0000 - 0x00007ffdd2bde000 	C:\Windows\SYSTEM32\USERENV.dll
0x00007ffdd3310000 - 0x00007ffdd3390000 	C:\Windows\System32\bcryptprimitives.dll
0x00007ffdd2670000 - 0x00007ffdd267c000 	C:\Windows\SYSTEM32\CRYPTBASE.dll
0x00007ffdd2140000 - 0x00007ffdd217b000 	C:\Windows\SYSTEM32\IPHLPAPI.DLL
0x00007ffdd50d0000 - 0x00007ffdd50d8000 	C:\Windows\System32\NSI.dll
0x00007ffdcb100000 - 0x00007ffdcb117000 	C:\Windows\SYSTEM32\dhcpcsvc6.DLL
0x00007ffdcb0e0000 - 0x00007ffdcb0fd000 	C:\Windows\SYSTEM32\dhcpcsvc.DLL
0x00007ffdd2190000 - 0x00007ffdd225b000 	C:\Windows\SYSTEM32\DNSAPI.dll

VM Arguments:
jvm_args: -Xmx1536M -Dfile.encoding=windows-1252 -Duser.country=US -Duser.language=en -Duser.variant 
java_command: org.gradle.launcher.daemon.bootstrap.GradleDaemon 5.6.2
java_class_path (initial): C:\Users\Acer\.gradle\wrapper\dists\gradle-5.6.2-all\9st6wgf78h16so49nn74lgtbb\gradle-5.6.2\lib\gradle-launcher-5.6.2.jar
Launcher Type: SUN_STANDARD

Environment Variables:
JAVA_HOME=C:\Program Files\Android\Android Studio\jre
CLASSPATH=F:\AMC\amc_new_project\amc_new\android\\gradle\wrapper\gradle-wrapper.jar
PATH=C:\Program Files (x86)\Common Files\Oracle\Java\javapath;C:\Windows\system32;C:\Windows;C:\Windows\System32\Wbem;C:\Windows\System32\WindowsPowerShell\v1.0\;C:\Windows\System32\OpenSSH\;C:\Program Files (x86)\NVIDIA Corporation\PhysX\Common;C:\Program Files (x86)\Microsoft SQL Server\150\DTS\Binn\;G:\node\;C:\Program Files\Java\jdk1.8.0_271\bin;C:\Program Files\MySQL\MySQL Shell 8.0\bin\;C:\Users\Acer\AppData\Local\Microsoft\WindowsApps;C:\Users\Acer\AppData\Local\Programs\Microsoft VS Code\bin;C:\Users\Acer\AppData\Roaming\npm;G:\node\node_modules\npm\bin;G:\node\node_modules\npm\bin\node-gyp-bin;C:\Users\Acer\flutter\bin;C:\Program Files\Android\tools\bin;G:\flutter\bin;G:\flutter\bin\mingit\cmd
USERNAME=Acer
OS=Windows_NT
PROCESSOR_IDENTIFIER=Intel64 Family 6 Model 142 Stepping 10, GenuineIntel



---------------  S Y S T E M  ---------------

OS: Windows 10.0 , 64 bit Build 19041 (10.0.19041.804)

CPU:total 8 (initial active 8) (4 cores per cpu, 2 threads per core) family 6 model 142 stepping 10, cmov, cx8, fxsr, mmx, sse, sse2, sse3, ssse3, sse4.1, sse4.2, popcnt, avx, avx2, aes, clmul, erms, 3dnowpref, lzcnt, ht, tsc, tscinvbit, bmi1, bmi2, adx

Memory: 4k page, physical 8262884k(426252k free), swap 33428708k(5492k free)

vm_info: OpenJDK 64-Bit Server VM (25.242-b01) for windows-amd64 JRE (1.8.0_242-release-1644-b01), built by "builder" with MS VC++ 10.0 (VS2010)

time: Fri Apr 16 21:21:24 2021
timezone: Sri Lanka Standard Time
elapsed time: 9 seconds (0d 0h 0m 9s)

