#
# There is insufficient memory for the Java Runtime Environment to continue.
# Native memory allocation (malloc) failed to allocate 469408 bytes for Chunk::new
# Possible reasons:
#   The system is out of physical RAM or swap space
#   The process is running with CompressedOops enabled, and the Java Heap may be blocking the growth of the native heap
# Possible solutions:
#   Reduce memory load on the system
#   Increase physical memory or swap space
#   Check if swap backing store is full
#   Decrease Java heap size (-Xmx/-Xms)
#   Decrease number of Java threads
#   Decrease Java thread stack sizes (-Xss)
#   Set larger code cache with -XX:ReservedCodeCacheSize=
#   JVM is running with Unscaled Compressed Oops mode in which the Java heap is
#     placed in the first 4GB address space. The Java Heap base address is the
#     maximum limit for the native heap growth. Please use -XX:HeapBaseMinAddress
#     to set the Java Heap base and to place the Java Heap above 4GB virtual address.
# This output file may be truncated or incomplete.
#
#  Out of Memory Error (allocation.cpp:389), pid=11684, tid=0x0000000000002c98
#
# JRE version: OpenJDK Runtime Environment (8.0_242-b01) (build 1.8.0_242-release-1644-b01)
# Java VM: OpenJDK 64-Bit Server VM (25.242-b01 mixed mode windows-amd64 compressed oops)
# Failed to write core dump. Minidumps are not enabled by default on client versions of Windows
#

---------------  T H R E A D  ---------------

Current thread (0x0000000018a1e800):  JavaThread "C2 CompilerThread1" daemon [_thread_in_native, id=11416, stack(0x00000000193e0000,0x00000000194e0000)]

Stack: [0x00000000193e0000,0x00000000194e0000]
[error occurred during error reporting (printing stack bounds), id 0xc0000005]

Native frames: (J=compiled Java code, j=interpreted, Vv=VM code, C=native code)


Current CompileTask:
C2:  12589 3508   !   4       java.net.URLClassLoader$1::run (63 bytes)


---------------  P R O C E S S  ---------------

Java Threads: ( => current thread )
  0x000000001eb93800 JavaThread "Build operations Thread 8" [_thread_blocked, id=11892, stack(0x00000000235a0000,0x00000000236a0000)]
  0x000000001eb96000 JavaThread "Build operations Thread 7" [_thread_blocked, id=14924, stack(0x00000000234a0000,0x00000000235a0000)]
  0x000000001eb93000 JavaThread "Build operations Thread 6" [_thread_blocked, id=12832, stack(0x00000000233a0000,0x00000000234a0000)]
  0x000000001eb90800 JavaThread "Build operations Thread 5" [_thread_blocked, id=19000, stack(0x00000000232a0000,0x00000000233a0000)]
  0x000000001eb8e800 JavaThread "Build operations Thread 4" [_thread_blocked, id=12824, stack(0x00000000231a0000,0x00000000232a0000)]
  0x000000001eb94800 JavaThread "Build operations Thread 3" [_thread_blocked, id=2840, stack(0x00000000230a0000,0x00000000231a0000)]
  0x000000001eb91800 JavaThread "Build operations Thread 2" [_thread_blocked, id=10480, stack(0x0000000022fa0000,0x00000000230a0000)]
  0x000000001eb95000 JavaThread "Build operations" [_thread_blocked, id=12508, stack(0x0000000022800000,0x0000000022900000)]
  0x000000001eb92000 JavaThread "Cache worker for execution history cache (C:\Users\Acer\.gradle\caches\5.6.2\executionHistory)" [_thread_blocked, id=2756, stack(0x00000000225e0000,0x00000000226e0000)]
  0x0000000019b2d800 JavaThread "Cache worker for cache directory md-rule (C:\Users\Acer\.gradle\caches\5.6.2\md-rule)" [_thread_blocked, id=12860, stack(0x0000000022700000,0x0000000022800000)]
  0x0000000019b2d000 JavaThread "Cache worker for cache directory md-supplier (C:\Users\Acer\.gradle\caches\5.6.2\md-supplier)" [_thread_blocked, id=9728, stack(0x000000001fe70000,0x000000001ff70000)]
  0x0000000019b2b800 JavaThread "Cache worker for file hash cache (F:\AMC\amc_new_project\amc_new\android\.gradle\5.6.2\fileHashes)" [_thread_blocked, id=18644, stack(0x000000001fb70000,0x000000001fc70000)]
  0x0000000019b2f000 JavaThread "Cache worker for journal cache (C:\Users\Acer\.gradle\caches\journal-1)" [_thread_blocked, id=15984, stack(0x000000001d630000,0x000000001d730000)]
  0x0000000019b30000 JavaThread "File lock request listener" [_thread_in_native, id=19220, stack(0x000000001d530000,0x000000001d630000)]
  0x0000000019d25000 JavaThread "Cache worker for file hash cache (C:\Users\Acer\.gradle\caches\5.6.2\fileHashes)" [_thread_blocked, id=6896, stack(0x000000001d430000,0x000000001d530000)]
  0x000000001b662000 JavaThread "Thread-9" [_thread_blocked, id=20236, stack(0x000000001d330000,0x000000001d430000)]
  0x000000001b656800 JavaThread "Stdin handler" [_thread_blocked, id=18604, stack(0x000000001d230000,0x000000001d330000)]
  0x000000001b652000 JavaThread "Asynchronous log dispatcher for DefaultDaemonConnection: socket connection from /127.0.0.1:60794 to /127.0.0.1:60795" [_thread_blocked, id=19100, stack(0x000000001d030000,0x000000001d130000)]
  0x000000001b63d000 JavaThread "Daemon worker" [_thread_in_vm, id=18172, stack(0x000000001cf30000,0x000000001d030000)]
  0x000000001b633800 JavaThread "Cancel handler" [_thread_blocked, id=14492, stack(0x000000001ce30000,0x000000001cf30000)]
  0x000000001b627000 JavaThread "Handler for socket connection from /127.0.0.1:60794 to /127.0.0.1:60795" [_thread_in_native, id=2312, stack(0x000000001cb30000,0x000000001cc30000)]
  0x000000001b624800 JavaThread "Daemon" [_thread_blocked, id=18140, stack(0x000000001ca30000,0x000000001cb30000)]
  0x000000001b5ce800 JavaThread "Daemon periodic checks" [_thread_blocked, id=15624, stack(0x000000001c930000,0x000000001ca30000)]
  0x000000001b5bc000 JavaThread "Incoming local TCP Connector on port 60794" [_thread_in_native, id=15140, stack(0x00000000199e0000,0x0000000019ae0000)]
  0x000000001b53f000 JavaThread "Daemon health stats" [_thread_blocked, id=4820, stack(0x00000000198e0000,0x00000000199e0000)]
  0x0000000018aac800 JavaThread "Service Thread" daemon [_thread_blocked, id=7964, stack(0x00000000196e0000,0x00000000197e0000)]
  0x0000000018a26000 JavaThread "C1 CompilerThread3" daemon [_thread_blocked, id=13640, stack(0x00000000195e0000,0x00000000196e0000)]
  0x0000000018a22800 JavaThread "C2 CompilerThread2" daemon [_thread_in_native, id=18728, stack(0x00000000194e0000,0x00000000195e0000)]
=>0x0000000018a1e800 JavaThread "C2 CompilerThread1" daemon [_thread_in_native, id=11416, stack(0x00000000193e0000,0x00000000194e0000)]
  0x0000000018a1a800 JavaThread "C2 CompilerThread0" daemon [_thread_in_native, id=12404, stack(0x00000000192e0000,0x00000000193e0000)]
  0x0000000018a14800 JavaThread "Attach Listener" daemon [_thread_blocked, id=14208, stack(0x00000000191e0000,0x00000000192e0000)]
  0x0000000018a13800 JavaThread "Signal Dispatcher" daemon [_thread_blocked, id=7372, stack(0x00000000190e0000,0x00000000191e0000)]
  0x0000000018a01000 JavaThread "Finalizer" daemon [_thread_blocked, id=19664, stack(0x0000000018ee0000,0x0000000018fe0000)]
  0x0000000018a00800 JavaThread "Reference Handler" daemon [_thread_blocked, id=18680, stack(0x0000000018de0000,0x0000000018ee0000)]
  0x0000000002c2e800 JavaThread "main" [_thread_blocked, id=10716, stack(0x0000000002c30000,0x0000000002d30000)]

Other Threads:
  0x0000000016c06800 VMThread [stack: 0x00000000188e0000,0x00000000189e0000] [id=6696]
  0x0000000018a87800 WatcherThread [stack: 0x00000000197e0000,0x00000000198e0000] [id=17732]

VM state:not at safepoint (normal execution)

VM Mutex/Monitor currently owned by a thread: None

heap address: 0x00000000a0000000, size: 1536 MB, Compressed Oops mode: 32-bit
Narrow klass base: 0x0000000000000000, Narrow klass shift: 3
Compressed class space size: 1073741824 Address: 0x0000000100000000

Heap:
 PSYoungGen      total 168448K, used 11207K [0x00000000e0000000, 0x00000000edd80000, 0x0000000100000000)
  eden space 154112K, 7% used [0x00000000e0000000,0x00000000e0af1c48,0x00000000e9680000)
  from space 14336K, 0% used [0x00000000ea500000,0x00000000ea500000,0x00000000eb300000)
  to   space 14848K, 0% used [0x00000000e9680000,0x00000000e9680000,0x00000000ea500000)
 ParOldGen       total 66048K, used 16450K [0x00000000a0000000, 0x00000000a4080000, 0x00000000e0000000)
  object space 66048K, 24% used [0x00000000a0000000,0x00000000a10109b8,0x00000000a4080000)
 Metaspace       used 36497K, capacity 37406K, committed 37464K, reserved 1081344K
  class space    used 4979K, capacity 5248K, committed 5248K, reserved 1048576K

Card table byte_map: [0x00000000121f0000,0x0000000012500000] byte_map_base: 0x0000000011cf0000

Marking Bits: (ParMarkBitMap*) 0x00000000584cf030
 Begin Bits: [0x0000000012f00000, 0x0000000014700000)
 End Bits:   [0x0000000014700000, 0x0000000015f00000)

Polling page: 0x0000000001360000

CodeCache: size=245760Kb used=11327Kb max_used=11895Kb free=234432Kb
 bounds [0x0000000002e30000, 0x00000000039e0000, 0x0000000011e30000]
 total_blobs=4023 nmethods=3290 adapters=646
 compilation: enabled

Compilation events (10 events):
Event: 12.569 Thread 0x0000000018a26000 3590       3       java.util.TreeMap$ValueIterator::<init> (12 bytes)
Event: 12.569 Thread 0x0000000018a26000 nmethod 3590 0x0000000002f844d0 code [0x0000000002f84640, 0x0000000002f848b0]
Event: 12.576 Thread 0x0000000018a22800 nmethod 3586 0x00000000032ec350 code [0x00000000032ec4c0, 0x00000000032ecbf8]
Event: 12.576 Thread 0x0000000018a22800 3592       4       sun.misc.URLClassPath$JarLoader$2::getInputStream (15 bytes)
Event: 12.578 Thread 0x0000000018a26000 3593       3       java.lang.invoke.MemberName::getType (19 bytes)
Event: 12.578 Thread 0x0000000018a26000 nmethod 3593 0x000000000374db10 code [0x000000000374dca0, 0x000000000374e1f8]
Event: 12.580 Thread 0x0000000018a26000 3594       3       jdk.internal.org.objectweb.asm.MethodWriter::visitEnd (1 bytes)
Event: 12.580 Thread 0x0000000018a26000 nmethod 3594 0x0000000002ff3590 code [0x0000000002ff36e0, 0x0000000002ff3830]
Event: 12.582 Thread 0x0000000018a26000 3595       3       java.util.regex.Pattern$7::isSatisfiedBy (28 bytes)
Event: 12.583 Thread 0x0000000018a26000 nmethod 3595 0x0000000002ff2e90 code [0x0000000002ff3020, 0x0000000002ff33b8]

GC Heap History (10 events):
Event: 6.374 GC heap before
{Heap before GC invocations=6 (full 1):
 PSYoungGen      total 71680K, used 5088K [0x00000000e0000000, 0x00000000e9b00000, 0x0000000100000000)
  eden space 66560K, 0% used [0x00000000e0000000,0x00000000e0000000,0x00000000e4100000)
  from space 5120K, 99% used [0x00000000e4100000,0x00000000e45f8030,0x00000000e4600000)
  to   space 12800K, 0% used [0x00000000e8e80000,0x00000000e8e80000,0x00000000e9b00000)
 ParOldGen       total 87552K, used 10657K [0x00000000a0000000, 0x00000000a5580000, 0x00000000e0000000)
  object space 87552K, 12% used [0x00000000a0000000,0x00000000a0a68658,0x00000000a5580000)
 Metaspace       used 20682K, capacity 21014K, committed 21248K, reserved 1067008K
  class space    used 2911K, capacity 3049K, committed 3072K, reserved 1048576K
Event: 6.443 GC heap after
Heap after GC invocations=6 (full 1):
 PSYoungGen      total 71680K, used 0K [0x00000000e0000000, 0x00000000e9b00000, 0x0000000100000000)
  eden space 66560K, 0% used [0x00000000e0000000,0x00000000e0000000,0x00000000e4100000)
  from space 5120K, 0% used [0x00000000e4100000,0x00000000e4100000,0x00000000e4600000)
  to   space 12800K, 0% used [0x00000000e8e80000,0x00000000e8e80000,0x00000000e9b00000)
 ParOldGen       total 66048K, used 11835K [0x00000000a0000000, 0x00000000a4080000, 0x00000000e0000000)
  object space 66048K, 17% used [0x00000000a0000000,0x00000000a0b8eca8,0x00000000a4080000)
 Metaspace       used 20682K, capacity 21014K, committed 21248K, reserved 1067008K
  class space    used 2911K, capacity 3049K, committed 3072K, reserved 1048576K
}
Event: 9.158 GC heap before
{Heap before GC invocations=7 (full 1):
 PSYoungGen      total 71680K, used 66560K [0x00000000e0000000, 0x00000000e9b00000, 0x0000000100000000)
  eden space 66560K, 100% used [0x00000000e0000000,0x00000000e4100000,0x00000000e4100000)
  from space 5120K, 0% used [0x00000000e4100000,0x00000000e4100000,0x00000000e4600000)
  to   space 12800K, 0% used [0x00000000e8e80000,0x00000000e8e80000,0x00000000e9b00000)
 ParOldGen       total 66048K, used 11835K [0x00000000a0000000, 0x00000000a4080000, 0x00000000e0000000)
  object space 66048K, 17% used [0x00000000a0000000,0x00000000a0b8eca8,0x00000000a4080000)
 Metaspace       used 27981K, capacity 28334K, committed 28672K, reserved 1073152K
  class space    used 3813K, capacity 3969K, committed 4096K, reserved 1048576K
Event: 9.168 GC heap after
Heap after GC invocations=7 (full 1):
 PSYoungGen      total 110592K, used 8310K [0x00000000e0000000, 0x00000000e9700000, 0x0000000100000000)
  eden space 101888K, 0% used [0x00000000e0000000,0x00000000e0000000,0x00000000e6380000)
  from space 8704K, 95% used [0x00000000e8e80000,0x00000000e969db00,0x00000000e9700000)
  to   space 12800K, 0% used [0x00000000e7e00000,0x00000000e7e00000,0x00000000e8a80000)
 ParOldGen       total 66048K, used 11843K [0x00000000a0000000, 0x00000000a4080000, 0x00000000e0000000)
  object space 66048K, 17% used [0x00000000a0000000,0x00000000a0b90ca8,0x00000000a4080000)
 Metaspace       used 27981K, capacity 28334K, committed 28672K, reserved 1073152K
  class space    used 3813K, capacity 3969K, committed 4096K, reserved 1048576K
}
Event: 10.895 GC heap before
{Heap before GC invocations=8 (full 1):
 PSYoungGen      total 110592K, used 110198K [0x00000000e0000000, 0x00000000e9700000, 0x0000000100000000)
  eden space 101888K, 100% used [0x00000000e0000000,0x00000000e6380000,0x00000000e6380000)
  from space 8704K, 95% used [0x00000000e8e80000,0x00000000e969db00,0x00000000e9700000)
  to   space 12800K, 0% used [0x00000000e7e00000,0x00000000e7e00000,0x00000000e8a80000)
 ParOldGen       total 66048K, used 11843K [0x00000000a0000000, 0x00000000a4080000, 0x00000000e0000000)
  object space 66048K, 17% used [0x00000000a0000000,0x00000000a0b90ca8,0x00000000a4080000)
 Metaspace       used 33268K, capacity 33812K, committed 34176K, reserved 1079296K
  class space    used 4548K, capacity 4719K, committed 4736K, reserved 1048576K
Event: 10.911 GC heap after
Heap after GC invocations=8 (full 1):
 PSYoungGen      total 141824K, used 11744K [0x00000000e0000000, 0x00000000eb300000, 0x0000000100000000)
  eden space 129024K, 0% used [0x00000000e0000000,0x00000000e0000000,0x00000000e7e00000)
  from space 12800K, 91% used [0x00000000e7e00000,0x00000000e8978200,0x00000000e8a80000)
  to   space 14336K, 0% used [0x00000000ea500000,0x00000000ea500000,0x00000000eb300000)
 ParOldGen       total 66048K, used 11851K [0x00000000a0000000, 0x00000000a4080000, 0x00000000e0000000)
  object space 66048K, 17% used [0x00000000a0000000,0x00000000a0b92ca8,0x00000000a4080000)
 Metaspace       used 33268K, capacity 33812K, committed 34176K, reserved 1079296K
  class space    used 4548K, capacity 4719K, committed 4736K, reserved 1048576K
}
Event: 12.051 GC heap before
{Heap before GC invocations=9 (full 1):
 PSYoungGen      total 141824K, used 48671K [0x00000000e0000000, 0x00000000eb300000, 0x0000000100000000)
  eden space 129024K, 28% used [0x00000000e0000000,0x00000000e240fcc0,0x00000000e7e00000)
  from space 12800K, 91% used [0x00000000e7e00000,0x00000000e8978200,0x00000000e8a80000)
  to   space 14336K, 0% used [0x00000000ea500000,0x00000000ea500000,0x00000000eb300000)
 ParOldGen       total 66048K, used 11851K [0x00000000a0000000, 0x00000000a4080000, 0x00000000e0000000)
  object space 66048K, 17% used [0x00000000a0000000,0x00000000a0b92ca8,0x00000000a4080000)
 Metaspace       used 34600K, capacity 35398K, committed 35416K, reserved 1079296K
  class space    used 4721K, capacity 4982K, committed 4992K, reserved 1048576K
Event: 12.067 GC heap after
Heap after GC invocations=9 (full 1):
 PSYoungGen      total 168448K, used 9802K [0x00000000e0000000, 0x00000000edd80000, 0x0000000100000000)
  eden space 154112K, 0% used [0x00000000e0000000,0x00000000e0000000,0x00000000e9680000)
  from space 14336K, 68% used [0x00000000ea500000,0x00000000eae92b00,0x00000000eb300000)
  to   space 14848K, 0% used [0x00000000e9680000,0x00000000e9680000,0x00000000ea500000)
 ParOldGen       total 66048K, used 11859K [0x00000000a0000000, 0x00000000a4080000, 0x00000000e0000000)
  object space 66048K, 17% used [0x00000000a0000000,0x00000000a0b94ca8,0x00000000a4080000)
 Metaspace       used 34600K, capacity 35398K, committed 35416K, reserved 1079296K
  class space    used 4721K, capacity 4982K, committed 4992K, reserved 1048576K
}
Event: 12.067 GC heap before
{Heap before GC invocations=10 (full 2):
 PSYoungGen      total 168448K, used 9802K [0x00000000e0000000, 0x00000000edd80000, 0x0000000100000000)
  eden space 154112K, 0% used [0x00000000e0000000,0x00000000e0000000,0x00000000e9680000)
  from space 14336K, 68% used [0x00000000ea500000,0x00000000eae92b00,0x00000000eb300000)
  to   space 14848K, 0% used [0x00000000e9680000,0x00000000e9680000,0x00000000ea500000)
 ParOldGen       total 66048K, used 11859K [0x00000000a0000000, 0x00000000a4080000, 0x00000000e0000000)
  object space 66048K, 17% used [0x00000000a0000000,0x00000000a0b94ca8,0x00000000a4080000)
 Metaspace       used 34600K, capacity 35398K, committed 35416K, reserved 1079296K
  class space    used 4721K, capacity 4982K, committed 4992K, reserved 1048576K
Event: 12.146 GC heap after
Heap after GC invocations=10 (full 2):
 PSYoungGen      total 168448K, used 0K [0x00000000e0000000, 0x00000000edd80000, 0x0000000100000000)
  eden space 154112K, 0% used [0x00000000e0000000,0x00000000e0000000,0x00000000e9680000)
  from space 14336K, 0% used [0x00000000ea500000,0x00000000ea500000,0x00000000eb300000)
  to   space 14848K, 0% used [0x00000000e9680000,0x00000000e9680000,0x00000000ea500000)
 ParOldGen       total 66048K, used 16450K [0x00000000a0000000, 0x00000000a4080000, 0x00000000e0000000)
  object space 66048K, 24% used [0x00000000a0000000,0x00000000a10109b8,0x00000000a4080000)
 Metaspace       used 34596K, capacity 35386K, committed 35416K, reserved 1079296K
  class space    used 4719K, capacity 4980K, committed 4992K, reserved 1048576K
}

Deoptimization events (10 events):
Event: 12.017 Thread 0x000000001b63d000 Uncommon trap: reason=bimorphic action=maybe_recompile pc=0x0000000003713774 method=java.lang.ClassLoader.getPackage(Ljava/lang/String;)Ljava/lang/Package; @ 47
Event: 12.020 Thread 0x000000001b63d000 Uncommon trap: reason=bimorphic action=maybe_recompile pc=0x0000000003713774 method=java.lang.ClassLoader.getPackage(Ljava/lang/String;)Ljava/lang/Package; @ 47
Event: 12.023 Thread 0x000000001b63d000 Uncommon trap: reason=bimorphic action=maybe_recompile pc=0x00000000036f5cec method=java.lang.ClassLoader.getPackage(Ljava/lang/String;)Ljava/lang/Package; @ 47
Event: 12.291 Thread 0x000000001b63d000 Uncommon trap: reason=unstable_if action=reinterpret pc=0x0000000003883834 method=java.io.BufferedInputStream.read([BII)I @ 56
Event: 12.294 Thread 0x000000001b63d000 Uncommon trap: reason=unstable_if action=reinterpret pc=0x000000000335ac50 method=java.util.regex.Pattern.has(I)Z @ 6
Event: 12.416 Thread 0x000000001b63d000 Uncommon trap: reason=bimorphic action=maybe_recompile pc=0x00000000037cc104 method=java.util.Objects.equals(Ljava/lang/Object;Ljava/lang/Object;)Z @ 11
Event: 12.416 Thread 0x000000001b63d000 Uncommon trap: reason=bimorphic action=maybe_recompile pc=0x00000000037cc104 method=java.util.Objects.equals(Ljava/lang/Object;Ljava/lang/Object;)Z @ 11
Event: 12.418 Thread 0x000000001b63d000 Uncommon trap: reason=unstable_if action=reinterpret pc=0x00000000037cc128 method=java.util.Objects.equals(Ljava/lang/Object;Ljava/lang/Object;)Z @ 6
Event: 12.461 Thread 0x000000001b63d000 Uncommon trap: reason=bimorphic action=maybe_recompile pc=0x0000000003622ef8 method=java.util.AbstractCollection.addAll(Ljava/util/Collection;)Z @ 29
Event: 12.530 Thread 0x000000001b63d000 Uncommon trap: reason=predicate action=maybe_recompile pc=0x0000000002f76cd0 method=java.util.Arrays.binarySearch0([Ljava/lang/Object;IILjava/lang/Object;Ljava/util/Comparator;)I @ 28

Classes redefined (0 events):
No events

Internal exceptions (10 events):
Event: 11.979 Thread 0x000000001b63d000 Exception <a 'java/security/PrivilegedActionException'> (0x00000000e2043c60) thrown at [C:\src\AOSP-openjdk-git\hotspot\src\share\vm\prims\jvm.cpp, line 1502]
Event: 11.981 Thread 0x000000001b63d000 Exception <a 'java/security/PrivilegedActionException'> (0x00000000e2053108) thrown at [C:\src\AOSP-openjdk-git\hotspot\src\share\vm\prims\jvm.cpp, line 1502]
Event: 11.981 Thread 0x000000001b63d000 Exception <a 'java/security/PrivilegedActionException'> (0x00000000e2054258) thrown at [C:\src\AOSP-openjdk-git\hotspot\src\share\vm\prims\jvm.cpp, line 1502]
Event: 11.981 Thread 0x000000001b63d000 Exception <a 'java/security/PrivilegedActionException'> (0x00000000e2057b80) thrown at [C:\src\AOSP-openjdk-git\hotspot\src\share\vm\prims\jvm.cpp, line 1502]
Event: 11.981 Thread 0x000000001b63d000 Exception <a 'java/security/PrivilegedActionException'> (0x00000000e2058cd0) thrown at [C:\src\AOSP-openjdk-git\hotspot\src\share\vm\prims\jvm.cpp, line 1502]
Event: 11.981 Thread 0x000000001b63d000 Exception <a 'java/security/PrivilegedActionException'> (0x00000000e205c7d8) thrown at [C:\src\AOSP-openjdk-git\hotspot\src\share\vm\prims\jvm.cpp, line 1502]
Event: 11.981 Thread 0x000000001b63d000 Exception <a 'java/security/PrivilegedActionException'> (0x00000000e205d928) thrown at [C:\src\AOSP-openjdk-git\hotspot\src\share\vm\prims\jvm.cpp, line 1502]
Event: 11.985 Thread 0x000000001b63d000 Exception <a 'java/lang/ClassNotFoundException': build_7vd2dv75ymbthdi8yl628spfmBeanInfo> (0x00000000e207a478) thrown at [C:\src\AOSP-openjdk-git\hotspot\src\share\vm\classfile\systemDictionary.cpp, line 210]
Event: 11.986 Thread 0x000000001b63d000 Exception <a 'java/lang/ClassNotFoundException': build_7vd2dv75ymbthdi8yl628spfmCustomizer> (0x00000000e208b5a0) thrown at [C:\src\AOSP-openjdk-git\hotspot\src\share\vm\classfile\systemDictionary.cpp, line 210]
Event: 12.418 Thread 0x000000001b63d000 Implicit null exception at 0x00000000037cbfc2 to 0x00000000037cc115

Events (10 events):
Event: 12.579 loading class java/util/StringJoiner done
Event: 12.583 loading class com/android/utils/JvmWideVariable$ValueWrapper
Event: 12.583 loading class com/android/utils/JvmWideVariable$ValueWrapper done
Event: 12.583 loading class com/android/utils/JvmWideVariable$ValueWrapperMBean
Event: 12.583 loading class com/android/utils/JvmWideVariable$ValueWrapperMBean done
Event: 12.584 loading class com/sun/jmx/mbeanserver/StandardMBeanSupport
Event: 12.584 loading class com/sun/jmx/mbeanserver/StandardMBeanSupport done
Event: 12.584 loading class com/sun/jmx/mbeanserver/StandardMBeanIntrospector
Event: 12.585 loading class com/sun/jmx/mbeanserver/StandardMBeanIntrospector done
Event: 12.586 loading class sun/reflect/misc/MethodUtil


Dynamic libraries:
0x00007ff758040000 - 0x00007ff758071000 	C:\Program Files\Android\Android Studio\jre\bin\java.exe
0x00007ffdd5570000 - 0x00007ffdd5765000 	C:\Windows\SYSTEM32\ntdll.dll
0x00007ffdd3ae0000 - 0x00007ffdd3b9d000 	C:\Windows\System32\KERNEL32.DLL
0x00007ffdd2ec0000 - 0x00007ffdd3189000 	C:\Windows\System32\KERNELBASE.dll
0x00007ffdd36b0000 - 0x00007ffdd375c000 	C:\Windows\System32\ADVAPI32.dll
0x00007ffdd4f20000 - 0x00007ffdd4fbe000 	C:\Windows\System32\msvcrt.dll
0x00007ffdd39a0000 - 0x00007ffdd3a3c000 	C:\Windows\System32\sechost.dll
0x00007ffdd53a0000 - 0x00007ffdd54cb000 	C:\Windows\System32\RPCRT4.dll
0x00007ffdd37c0000 - 0x00007ffdd3960000 	C:\Windows\System32\USER32.dll
0x00007ffdd3540000 - 0x00007ffdd3562000 	C:\Windows\System32\win32u.dll
0x00007ffdd3970000 - 0x00007ffdd399a000 	C:\Windows\System32\GDI32.dll
0x00007ffdd2db0000 - 0x00007ffdd2ebb000 	C:\Windows\System32\gdi32full.dll
0x00007ffdd3270000 - 0x00007ffdd330d000 	C:\Windows\System32\msvcp_win.dll
0x00007ffdd2cb0000 - 0x00007ffdd2db0000 	C:\Windows\System32\ucrtbase.dll
0x00007ffdc2f70000 - 0x00007ffdc320a000 	C:\Windows\WinSxS\amd64_microsoft.windows.common-controls_6595b64144ccf1df_6.0.19041.844_none_ca00b6081b84eb1d\COMCTL32.dll
0x00007ffdd5140000 - 0x00007ffdd5170000 	C:\Windows\System32\IMM32.DLL
0x0000000057bf0000 - 0x0000000057cc2000 	C:\Program Files\Android\Android Studio\jre\jre\bin\msvcr100.dll
0x0000000057d00000 - 0x000000005854b000 	C:\Program Files\Android\Android Studio\jre\jre\bin\server\jvm.dll
0x00007ffdd3ad0000 - 0x00007ffdd3ad8000 	C:\Windows\System32\PSAPI.DLL
0x00007ffdcd280000 - 0x00007ffdcd289000 	C:\Windows\SYSTEM32\WSOCK32.dll
0x00007ffdcba70000 - 0x00007ffdcba7a000 	C:\Windows\SYSTEM32\VERSION.dll
0x00007ffdd4de0000 - 0x00007ffdd4e4b000 	C:\Windows\System32\WS2_32.dll
0x00007ffdc33c0000 - 0x00007ffdc33e7000 	C:\Windows\SYSTEM32\WINMM.dll
0x00007ffd8cf40000 - 0x00007ffd8cf4f000 	C:\Program Files\Android\Android Studio\jre\jre\bin\verify.dll
0x00007ffd8cf10000 - 0x00007ffd8cf39000 	C:\Program Files\Android\Android Studio\jre\jre\bin\java.dll
0x00007ffd8cef0000 - 0x00007ffd8cf06000 	C:\Program Files\Android\Android Studio\jre\jre\bin\zip.dll
0x00007ffdd3f20000 - 0x00007ffdd4662000 	C:\Windows\System32\SHELL32.dll
0x00007ffdd0e10000 - 0x00007ffdd15a0000 	C:\Windows\SYSTEM32\windows.storage.dll
0x00007ffdd3bc0000 - 0x00007ffdd3f15000 	C:\Windows\System32\combase.dll
0x00007ffdd2720000 - 0x00007ffdd274c000 	C:\Windows\SYSTEM32\Wldp.dll
0x00007ffdd5020000 - 0x00007ffdd50ce000 	C:\Windows\System32\SHCORE.dll
0x00007ffdd54d0000 - 0x00007ffdd5525000 	C:\Windows\System32\shlwapi.dll
0x00007ffdd2bf0000 - 0x00007ffdd2c0f000 	C:\Windows\SYSTEM32\profapi.dll
0x00007ffd8ced0000 - 0x00007ffd8ceea000 	C:\Program Files\Android\Android Studio\jre\jre\bin\net.dll
0x00007ffdd24a0000 - 0x00007ffdd250a000 	C:\Windows\system32\mswsock.dll
0x00007ffd8ceb0000 - 0x00007ffd8cec3000 	C:\Program Files\Android\Android Studio\jre\jre\bin\nio.dll
0x00007ffdcc7c0000 - 0x00007ffdcc7e6000 	C:\Users\Acer\.gradle\native\30\windows-amd64\native-platform.dll
0x00007ffd8cea0000 - 0x00007ffd8cead000 	C:\Program Files\Android\Android Studio\jre\jre\bin\management.dll
0x00007ffdd2680000 - 0x00007ffdd2698000 	C:\Windows\SYSTEM32\CRYPTSP.dll
0x00007ffdd1dd0000 - 0x00007ffdd1e04000 	C:\Windows\system32\rsaenh.dll
0x00007ffdd3190000 - 0x00007ffdd31b7000 	C:\Windows\System32\bcrypt.dll
0x00007ffdd2bb0000 - 0x00007ffdd2bde000 	C:\Windows\SYSTEM32\USERENV.dll
0x00007ffdd3310000 - 0x00007ffdd3390000 	C:\Windows\System32\bcryptprimitives.dll
0x00007ffdd2670000 - 0x00007ffdd267c000 	C:\Windows\SYSTEM32\CRYPTBASE.dll
0x00007ffdd2140000 - 0x00007ffdd217b000 	C:\Windows\SYSTEM32\IPHLPAPI.DLL
0x00007ffdd50d0000 - 0x00007ffdd50d8000 	C:\Windows\System32\NSI.dll
0x00007ffdcb100000 - 0x00007ffdcb117000 	C:\Windows\SYSTEM32\dhcpcsvc6.DLL
0x00007ffdcb0e0000 - 0x00007ffdcb0fd000 	C:\Windows\SYSTEM32\dhcpcsvc.DLL
0x00007ffdd2190000 - 0x00007ffdd225b000 	C:\Windows\SYSTEM32\DNSAPI.dll

VM Arguments:
jvm_args: -Xmx1536M -Dfile.encoding=windows-1252 -Duser.country=US -Duser.language=en -Duser.variant 
java_command: org.gradle.launcher.daemon.bootstrap.GradleDaemon 5.6.2
java_class_path (initial): C:\Users\Acer\.gradle\wrapper\dists\gradle-5.6.2-all\9st6wgf78h16so49nn74lgtbb\gradle-5.6.2\lib\gradle-launcher-5.6.2.jar
Launcher Type: SUN_STANDARD

Environment Variables:
JAVA_HOME=C:\Program Files\Android\Android Studio\jre
CLASSPATH=F:\AMC\amc_new_project\amc_new\android\\gradle\wrapper\gradle-wrapper.jar
PATH=C:\Program Files (x86)\Common Files\Oracle\Java\javapath;C:\Windows\system32;C:\Windows;C:\Windows\System32\Wbem;C:\Windows\System32\WindowsPowerShell\v1.0\;C:\Windows\System32\OpenSSH\;C:\Program Files (x86)\NVIDIA Corporation\PhysX\Common;C:\Program Files (x86)\Microsoft SQL Server\150\DTS\Binn\;G:\node\;C:\Program Files\Java\jdk1.8.0_271\bin;C:\Program Files\MySQL\MySQL Shell 8.0\bin\;C:\Users\Acer\AppData\Local\Microsoft\WindowsApps;C:\Users\Acer\AppData\Local\Programs\Microsoft VS Code\bin;C:\Users\Acer\AppData\Roaming\npm;G:\node\node_modules\npm\bin;G:\node\node_modules\npm\bin\node-gyp-bin;C:\Users\Acer\flutter\bin;C:\Program Files\Android\tools\bin;G:\flutter\bin;G:\flutter\bin\mingit\cmd
USERNAME=Acer
OS=Windows_NT
PROCESSOR_IDENTIFIER=Intel64 Family 6 Model 142 Stepping 10, GenuineIntel



---------------  S Y S T E M  ---------------

OS: Windows 10.0 , 64 bit Build 19041 (10.0.19041.804)

CPU:total 8 (initial active 8) (4 cores per cpu, 2 threads per core) family 6 model 142 stepping 10, cmov, cx8, fxsr, mmx, sse, sse2, sse3, ssse3, sse4.1, sse4.2, popcnt, avx, avx2, aes, clmul, erms, 3dnowpref, lzcnt, ht, tsc, tscinvbit, bmi1, bmi2, adx

Memory: 4k page, physical 8262884k(330692k free), swap 33428708k(2796k free)

vm_info: OpenJDK 64-Bit Server VM (25.242-b01) for windows-amd64 JRE (1.8.0_242-release-1644-b01), built by "builder" with MS VC++ 10.0 (VS2010)

time: Fri Apr 16 21:17:08 2021
timezone: Sri Lanka Standard Time
elapsed time: 12 seconds (0d 0h 0m 12s)

