#
# There is insufficient memory for the Java Runtime Environment to continue.
# Native memory allocation (malloc) failed to allocate 2328656 bytes for Chunk::new
# Possible reasons:
#   The system is out of physical RAM or swap space
#   The process is running with CompressedOops enabled, and the Java Heap may be blocking the growth of the native heap
# Possible solutions:
#   Reduce memory load on the system
#   Increase physical memory or swap space
#   Check if swap backing store is full
#   Decrease Java heap size (-Xmx/-Xms)
#   Decrease number of Java threads
#   Decrease Java thread stack sizes (-Xss)
#   Set larger code cache with -XX:ReservedCodeCacheSize=
#   JVM is running with Unscaled Compressed Oops mode in which the Java heap is
#     placed in the first 4GB address space. The Java Heap base address is the
#     maximum limit for the native heap growth. Please use -XX:HeapBaseMinAddress
#     to set the Java Heap base and to place the Java Heap above 4GB virtual address.
# This output file may be truncated or incomplete.
#
#  Out of Memory Error (allocation.cpp:389), pid=14736, tid=0x00000000000036b0
#
# JRE version: OpenJDK Runtime Environment (8.0_242-b01) (build 1.8.0_242-release-1644-b01)
# Java VM: OpenJDK 64-Bit Server VM (25.242-b01 mixed mode windows-amd64 compressed oops)
# Failed to write core dump. Minidumps are not enabled by default on client versions of Windows
#

---------------  T H R E A D  ---------------

Current thread (0x0000000018175800):  JavaThread "C2 CompilerThread2" daemon [_thread_in_native, id=14000, stack(0x0000000018c30000,0x0000000018d30000)]

Stack: [0x0000000018c30000,0x0000000018d30000]
[error occurred during error reporting (printing stack bounds), id 0xc0000005]

Native frames: (J=compiled Java code, j=interpreted, Vv=VM code, C=native code)


Current CompileTask:
C2:  21116 4878       4       java.net.URLClassLoader$1::run (5 bytes)


---------------  P R O C E S S  ---------------

Java Threads: ( => current thread )
  0x0000000019a91000 JavaThread "Cache worker for Build Output Cleanup Cache (F:\AMC\amc_new_project\amc_new\android\.gradle\buildOutputCleanup)" [_thread_blocked, id=5480, stack(0x0000000023400000,0x0000000023500000)]
  0x0000000019a87000 JavaThread "Build operations Thread 8" [_thread_blocked, id=20336, stack(0x0000000022d00000,0x0000000022e00000)]
  0x0000000019a85800 JavaThread "Build operations Thread 7" [_thread_blocked, id=18208, stack(0x0000000022c00000,0x0000000022d00000)]
  0x0000000019a8c800 JavaThread "Build operations Thread 6" [_thread_blocked, id=436, stack(0x0000000022b00000,0x0000000022c00000)]
  0x0000000019a8b800 JavaThread "Build operations Thread 5" [_thread_blocked, id=11248, stack(0x0000000022a00000,0x0000000022b00000)]
  0x0000000019a8b000 JavaThread "Build operations Thread 4" [_thread_blocked, id=8548, stack(0x0000000022900000,0x0000000022a00000)]
  0x0000000019a83800 JavaThread "Build operations Thread 3" [_thread_blocked, id=17524, stack(0x0000000022800000,0x0000000022900000)]
  0x0000000019a88800 JavaThread "Build operations Thread 2" [_thread_blocked, id=15044, stack(0x0000000022700000,0x0000000022800000)]
  0x0000000019a8a000 JavaThread "Build operations" [_thread_blocked, id=11384, stack(0x0000000022600000,0x0000000022700000)]
  0x0000000019a84000 JavaThread "Cache worker for execution history cache (C:\Users\Acer\.gradle\caches\5.6.2\executionHistory)" [_thread_blocked, id=8144, stack(0x0000000022300000,0x0000000022400000)]
  0x0000000019a86800 JavaThread "Cache worker for cache directory md-rule (C:\Users\Acer\.gradle\caches\5.6.2\md-rule)" [_thread_blocked, id=12776, stack(0x0000000021d40000,0x0000000021e40000)]
  0x0000000019a89800 JavaThread "Cache worker for cache directory md-supplier (C:\Users\Acer\.gradle\caches\5.6.2\md-supplier)" [_thread_blocked, id=6816, stack(0x000000001f5c0000,0x000000001f6c0000)]
  0x0000000018170000 JavaThread "Cache worker for file hash cache (F:\AMC\amc_new_project\amc_new\android\.gradle\5.6.2\fileHashes)" [_thread_blocked, id=17096, stack(0x000000001f2a0000,0x000000001f3a0000)]
  0x0000000018171800 JavaThread "Cache worker for journal cache (C:\Users\Acer\.gradle\caches\journal-1)" [_thread_blocked, id=1824, stack(0x000000001cd50000,0x000000001ce50000)]
  0x0000000018172800 JavaThread "File lock request listener" [_thread_in_native, id=17872, stack(0x000000001cc50000,0x000000001cd50000)]
  0x0000000018171000 JavaThread "Cache worker for file hash cache (C:\Users\Acer\.gradle\caches\5.6.2\fileHashes)" [_thread_blocked, id=12256, stack(0x000000001cb50000,0x000000001cc50000)]
  0x00000000183ff000 JavaThread "Thread-9" [_thread_blocked, id=4104, stack(0x000000001ca50000,0x000000001cb50000)]
  0x000000001a35e000 JavaThread "Stdin handler" [_thread_blocked, id=10632, stack(0x000000001c950000,0x000000001ca50000)]
  0x000000001a35d800 JavaThread "Asynchronous log dispatcher for DefaultDaemonConnection: socket connection from /127.0.0.1:60634 to /127.0.0.1:60635" [_thread_blocked, id=20348, stack(0x000000001c750000,0x000000001c850000)]
  0x000000001a354000 JavaThread "Daemon worker" [_thread_in_vm, id=12120, stack(0x000000001c650000,0x000000001c750000)]
  0x0000000019701800 JavaThread "Cancel handler" [_thread_blocked, id=16344, stack(0x000000001c550000,0x000000001c650000)]
  0x00000000196ff800 JavaThread "Handler for socket connection from /127.0.0.1:60634 to /127.0.0.1:60635" [_thread_in_native, id=18928, stack(0x000000001c250000,0x000000001c350000)]
  0x00000000196fd000 JavaThread "Daemon" [_thread_blocked, id=15860, stack(0x000000001c150000,0x000000001c250000)]
  0x000000001a2ca800 JavaThread "Daemon periodic checks" [_thread_blocked, id=11036, stack(0x000000001c050000,0x000000001c150000)]
  0x000000001aab7000 JavaThread "Incoming local TCP Connector on port 60634" [_thread_in_native, id=5572, stack(0x000000001be10000,0x000000001bf10000)]
  0x0000000018451800 JavaThread "Daemon health stats" [_thread_blocked, id=15736, stack(0x000000001b7d0000,0x000000001b8d0000)]
  0x0000000018203000 JavaThread "Service Thread" daemon [_thread_blocked, id=1160, stack(0x0000000018e30000,0x0000000018f30000)]
  0x000000001816f800 JavaThread "C1 CompilerThread3" daemon [_thread_blocked, id=17828, stack(0x0000000018d30000,0x0000000018e30000)]
=>0x0000000018175800 JavaThread "C2 CompilerThread2" daemon [_thread_in_native, id=14000, stack(0x0000000018c30000,0x0000000018d30000)]
  0x000000001816e800 JavaThread "C2 CompilerThread1" daemon [_thread_in_native, id=15288, stack(0x0000000018b30000,0x0000000018c30000)]
  0x0000000018164000 JavaThread "C2 CompilerThread0" daemon [_thread_in_native, id=15184, stack(0x0000000018a30000,0x0000000018b30000)]
  0x0000000018161000 JavaThread "Attach Listener" daemon [_thread_blocked, id=10928, stack(0x0000000018930000,0x0000000018a30000)]
  0x0000000018160000 JavaThread "Signal Dispatcher" daemon [_thread_blocked, id=3276, stack(0x0000000018830000,0x0000000018930000)]
  0x00000000024ed800 JavaThread "Finalizer" daemon [_thread_blocked, id=17536, stack(0x0000000018630000,0x0000000018730000)]
  0x0000000018150800 JavaThread "Reference Handler" daemon [_thread_blocked, id=9116, stack(0x0000000018530000,0x0000000018630000)]
  0x000000000259e800 JavaThread "main" [_thread_blocked, id=14356, stack(0x00000000022d0000,0x00000000023d0000)]

Other Threads:
  0x0000000016356800 VMThread [stack: 0x0000000018030000,0x0000000018130000] [id=13072]
  0x00000000181c8000 WatcherThread [stack: 0x0000000018f30000,0x0000000019030000] [id=6632]

VM state:not at safepoint (normal execution)

VM Mutex/Monitor currently owned by a thread: None

heap address: 0x00000000a0000000, size: 1536 MB, Compressed Oops mode: 32-bit
Narrow klass base: 0x0000000000000000, Narrow klass shift: 3
Compressed class space size: 1073741824 Address: 0x0000000100000000

Heap:
 PSYoungGen      total 155648K, used 146543K [0x00000000e0000000, 0x00000000eac80000, 0x0000000100000000)
  eden space 142336K, 93% used [0x00000000e0000000,0x00000000e82264f8,0x00000000e8b00000)
  from space 13312K, 99% used [0x00000000e9f80000,0x00000000eac757b8,0x00000000eac80000)
  to   space 14848K, 0% used [0x00000000e8f80000,0x00000000e8f80000,0x00000000e9e00000)
 ParOldGen       total 86016K, used 18433K [0x00000000a0000000, 0x00000000a5400000, 0x00000000e0000000)
  object space 86016K, 21% used [0x00000000a0000000,0x00000000a12005b8,0x00000000a5400000)
 Metaspace       used 52366K, capacity 53856K, committed 54104K, reserved 1095680K
  class space    used 7113K, capacity 7548K, committed 7552K, reserved 1048576K

Card table byte_map: [0x0000000011960000,0x0000000011c70000] byte_map_base: 0x0000000011460000

Marking Bits: (ParMarkBitMap*) 0x00000000584cf030
 Begin Bits: [0x0000000012670000, 0x0000000013e70000)
 End Bits:   [0x0000000013e70000, 0x0000000015670000)

Polling page: 0x00000000006a0000

CodeCache: size=245760Kb used=15411Kb max_used=15798Kb free=230348Kb
 bounds [0x00000000025a0000, 0x0000000003520000, 0x00000000115a0000]
 total_blobs=5316 nmethods=4526 adapters=703
 compilation: enabled

Compilation events (10 events):
Event: 21.107 Thread 0x000000001816f800 nmethod 4973 0x0000000002a18910 code [0x0000000002a18b00, 0x0000000002a193d8]
Event: 21.107 Thread 0x000000001816f800 4972       3       org.gradle.internal.typeconversion.NotationParserBuilder::converter (13 bytes)
Event: 21.108 Thread 0x000000001816f800 nmethod 4972 0x0000000002f9f610 code [0x0000000002f9f780, 0x0000000002f9f9a8]
Event: 21.108 Thread 0x000000001816f800 4974       1       org.gradle.api.internal.artifacts.configurations.DefaultConfiguration::getAttributes (5 bytes)
Event: 21.108 Thread 0x000000001816f800 nmethod 4974 0x00000000029339d0 code [0x0000000002933b20, 0x0000000002933c30]
Event: 21.108 Thread 0x000000001816f800 4975       3       com.android.build.gradle.internal.variant.BaseVariantData::getType (8 bytes)
Event: 21.108 Thread 0x000000001816f800 nmethod 4975 0x0000000002f9f210 code [0x0000000002f9f360, 0x0000000002f9f550]
Event: 21.108 Thread 0x000000001816f800 4976   !   3       java.util.concurrent.ConcurrentHashMap::initTable (115 bytes)
Event: 21.109 Thread 0x000000001816f800 nmethod 4976 0x00000000027b9550 code [0x00000000027b96e0, 0x00000000027b9c28]
Event: 21.110 Thread 0x000000001816f800 4977       3       org.gradle.invocation.DefaultGradle_Decorated::getIdentityPath (37 bytes)

GC Heap History (10 events):
Event: 11.861 GC heap before
{Heap before GC invocations=8 (full 1):
 PSYoungGen      total 75776K, used 65536K [0x00000000e0000000, 0x00000000e5700000, 0x0000000100000000)
  eden space 65536K, 100% used [0x00000000e0000000,0x00000000e4000000,0x00000000e4000000)
  from space 10240K, 0% used [0x00000000e4b00000,0x00000000e4b00000,0x00000000e5500000)
  to   space 11264K, 0% used [0x00000000e4000000,0x00000000e4000000,0x00000000e4b00000)
 ParOldGen       total 57856K, used 9269K [0x00000000a0000000, 0x00000000a3880000, 0x00000000e0000000)
  object space 57856K, 16% used [0x00000000a0000000,0x00000000a090d4a8,0x00000000a3880000)
 Metaspace       used 27959K, capacity 28334K, committed 28672K, reserved 1073152K
  class space    used 3808K, capacity 3969K, committed 4096K, reserved 1048576K
Event: 11.873 GC heap after
Heap after GC invocations=8 (full 1):
 PSYoungGen      total 76800K, used 8340K [0x00000000e0000000, 0x00000000e8000000, 0x0000000100000000)
  eden space 65536K, 0% used [0x00000000e0000000,0x00000000e0000000,0x00000000e4000000)
  from space 11264K, 74% used [0x00000000e4000000,0x00000000e4825000,0x00000000e4b00000)
  to   space 11776K, 0% used [0x00000000e7480000,0x00000000e7480000,0x00000000e8000000)
 ParOldGen       total 57856K, used 9277K [0x00000000a0000000, 0x00000000a3880000, 0x00000000e0000000)
  object space 57856K, 16% used [0x00000000a0000000,0x00000000a090f4a8,0x00000000a3880000)
 Metaspace       used 27959K, capacity 28334K, committed 28672K, reserved 1073152K
  class space    used 3808K, capacity 3969K, committed 4096K, reserved 1048576K
}
Event: 13.021 GC heap before
{Heap before GC invocations=9 (full 1):
 PSYoungGen      total 76800K, used 73876K [0x00000000e0000000, 0x00000000e8000000, 0x0000000100000000)
  eden space 65536K, 100% used [0x00000000e0000000,0x00000000e4000000,0x00000000e4000000)
  from space 11264K, 74% used [0x00000000e4000000,0x00000000e4825000,0x00000000e4b00000)
  to   space 11776K, 0% used [0x00000000e7480000,0x00000000e7480000,0x00000000e8000000)
 ParOldGen       total 57856K, used 9277K [0x00000000a0000000, 0x00000000a3880000, 0x00000000e0000000)
  object space 57856K, 16% used [0x00000000a0000000,0x00000000a090f4a8,0x00000000a3880000)
 Metaspace       used 31323K, capacity 31838K, committed 32128K, reserved 1077248K
  class space    used 4274K, capacity 4430K, committed 4480K, reserved 1048576K
Event: 13.038 GC heap after
Heap after GC invocations=9 (full 1):
 PSYoungGen      total 118784K, used 9136K [0x00000000e0000000, 0x00000000e8180000, 0x0000000100000000)
  eden space 107008K, 0% used [0x00000000e0000000,0x00000000e0000000,0x00000000e6880000)
  from space 11776K, 77% used [0x00000000e7480000,0x00000000e7d6c0b0,0x00000000e8000000)
  to   space 12288K, 0% used [0x00000000e6880000,0x00000000e6880000,0x00000000e7480000)
 ParOldGen       total 57856K, used 9285K [0x00000000a0000000, 0x00000000a3880000, 0x00000000e0000000)
  object space 57856K, 16% used [0x00000000a0000000,0x00000000a09114a8,0x00000000a3880000)
 Metaspace       used 31323K, capacity 31838K, committed 32128K, reserved 1077248K
  class space    used 4274K, capacity 4430K, committed 4480K, reserved 1048576K
}
Event: 14.867 GC heap before
{Heap before GC invocations=10 (full 1):
 PSYoungGen      total 118784K, used 79561K [0x00000000e0000000, 0x00000000e8180000, 0x0000000100000000)
  eden space 107008K, 65% used [0x00000000e0000000,0x00000000e44c66f8,0x00000000e6880000)
  from space 11776K, 77% used [0x00000000e7480000,0x00000000e7d6c0b0,0x00000000e8000000)
  to   space 12288K, 0% used [0x00000000e6880000,0x00000000e6880000,0x00000000e7480000)
 ParOldGen       total 57856K, used 9285K [0x00000000a0000000, 0x00000000a3880000, 0x00000000e0000000)
  object space 57856K, 16% used [0x00000000a0000000,0x00000000a09114a8,0x00000000a3880000)
 Metaspace       used 34513K, capacity 35376K, committed 35416K, reserved 1079296K
  class space    used 4722K, capacity 4989K, committed 4992K, reserved 1048576K
Event: 14.898 GC heap after
Heap after GC invocations=10 (full 1):
 PSYoungGen      total 119296K, used 11758K [0x00000000e0000000, 0x00000000eac80000, 0x0000000100000000)
  eden space 107008K, 0% used [0x00000000e0000000,0x00000000e0000000,0x00000000e6880000)
  from space 12288K, 95% used [0x00000000e6880000,0x00000000e73fb808,0x00000000e7480000)
  to   space 13312K, 0% used [0x00000000e9f80000,0x00000000e9f80000,0x00000000eac80000)
 ParOldGen       total 57856K, used 9293K [0x00000000a0000000, 0x00000000a3880000, 0x00000000e0000000)
  object space 57856K, 16% used [0x00000000a0000000,0x00000000a09134a8,0x00000000a3880000)
 Metaspace       used 34513K, capacity 35376K, committed 35416K, reserved 1079296K
  class space    used 4722K, capacity 4989K, committed 4992K, reserved 1048576K
}
Event: 14.898 GC heap before
{Heap before GC invocations=11 (full 2):
 PSYoungGen      total 119296K, used 11758K [0x00000000e0000000, 0x00000000eac80000, 0x0000000100000000)
  eden space 107008K, 0% used [0x00000000e0000000,0x00000000e0000000,0x00000000e6880000)
  from space 12288K, 95% used [0x00000000e6880000,0x00000000e73fb808,0x00000000e7480000)
  to   space 13312K, 0% used [0x00000000e9f80000,0x00000000e9f80000,0x00000000eac80000)
 ParOldGen       total 57856K, used 9293K [0x00000000a0000000, 0x00000000a3880000, 0x00000000e0000000)
  object space 57856K, 16% used [0x00000000a0000000,0x00000000a09134a8,0x00000000a3880000)
 Metaspace       used 34513K, capacity 35376K, committed 35416K, reserved 1079296K
  class space    used 4722K, capacity 4989K, committed 4992K, reserved 1048576K
Event: 14.977 GC heap after
Heap after GC invocations=11 (full 2):
 PSYoungGen      total 119296K, used 0K [0x00000000e0000000, 0x00000000eac80000, 0x0000000100000000)
  eden space 107008K, 0% used [0x00000000e0000000,0x00000000e0000000,0x00000000e6880000)
  from space 12288K, 0% used [0x00000000e6880000,0x00000000e6880000,0x00000000e7480000)
  to   space 13312K, 0% used [0x00000000e9f80000,0x00000000e9f80000,0x00000000eac80000)
 ParOldGen       total 86016K, used 18425K [0x00000000a0000000, 0x00000000a5400000, 0x00000000e0000000)
  object space 86016K, 21% used [0x00000000a0000000,0x00000000a11fe5b8,0x00000000a5400000)
 Metaspace       used 34497K, capacity 35322K, committed 35416K, reserved 1079296K
  class space    used 4717K, capacity 4980K, committed 4992K, reserved 1048576K
}
Event: 17.702 GC heap before
{Heap before GC invocations=12 (full 2):
 PSYoungGen      total 119296K, used 107008K [0x00000000e0000000, 0x00000000eac80000, 0x0000000100000000)
  eden space 107008K, 100% used [0x00000000e0000000,0x00000000e6880000,0x00000000e6880000)
  from space 12288K, 0% used [0x00000000e6880000,0x00000000e6880000,0x00000000e7480000)
  to   space 13312K, 0% used [0x00000000e9f80000,0x00000000e9f80000,0x00000000eac80000)
 ParOldGen       total 86016K, used 18425K [0x00000000a0000000, 0x00000000a5400000, 0x00000000e0000000)
  object space 86016K, 21% used [0x00000000a0000000,0x00000000a11fe5b8,0x00000000a5400000)
 Metaspace       used 44847K, capacity 45892K, committed 46296K, reserved 1089536K
  class space    used 5980K, capacity 6284K, committed 6400K, reserved 1048576K
Event: 17.729 GC heap after
Heap after GC invocations=12 (full 2):
 PSYoungGen      total 155648K, used 13269K [0x00000000e0000000, 0x00000000eac80000, 0x0000000100000000)
  eden space 142336K, 0% used [0x00000000e0000000,0x00000000e0000000,0x00000000e8b00000)
  from space 13312K, 99% used [0x00000000e9f80000,0x00000000eac757b8,0x00000000eac80000)
  to   space 14848K, 0% used [0x00000000e8f80000,0x00000000e8f80000,0x00000000e9e00000)
 ParOldGen       total 86016K, used 18433K [0x00000000a0000000, 0x00000000a5400000, 0x00000000e0000000)
  object space 86016K, 21% used [0x00000000a0000000,0x00000000a12005b8,0x00000000a5400000)
 Metaspace       used 44847K, capacity 45892K, committed 46296K, reserved 1089536K
  class space    used 5980K, capacity 6284K, committed 6400K, reserved 1048576K
}

Deoptimization events (10 events):
Event: 19.210 Thread 0x000000001a354000 Uncommon trap: reason=speculate_class_check action=maybe_recompile pc=0x00000000030500a8 method=com.google.common.collect.AbstractIndexedListIterator.next()Ljava/lang/Object; @ 27
Event: 19.211 Thread 0x000000001a354000 Uncommon trap: reason=speculate_class_check action=maybe_recompile pc=0x00000000030500a8 method=com.google.common.collect.AbstractIndexedListIterator.next()Ljava/lang/Object; @ 27
Event: 19.211 Thread 0x000000001a354000 Uncommon trap: reason=speculate_class_check action=maybe_recompile pc=0x00000000030500a8 method=com.google.common.collect.AbstractIndexedListIterator.next()Ljava/lang/Object; @ 27
Event: 19.211 Thread 0x000000001a354000 Uncommon trap: reason=speculate_class_check action=maybe_recompile pc=0x00000000030500a8 method=com.google.common.collect.AbstractIndexedListIterator.next()Ljava/lang/Object; @ 27
Event: 19.241 Thread 0x000000001a354000 Uncommon trap: reason=bimorphic action=maybe_recompile pc=0x00000000033477ec method=com.google.common.collect.RegularImmutableMap.get([I[Ljava/lang/Object;IILjava/lang/Object;)Ljava/lang/Object; @ 17
Event: 19.259 Thread 0x000000001a354000 Uncommon trap: reason=bimorphic action=maybe_recompile pc=0x00000000033477ec method=com.google.common.collect.RegularImmutableMap.get([I[Ljava/lang/Object;IILjava/lang/Object;)Ljava/lang/Object; @ 17
Event: 19.259 Thread 0x000000001a354000 Uncommon trap: reason=bimorphic action=maybe_recompile pc=0x00000000033477ec method=com.google.common.collect.RegularImmutableMap.get([I[Ljava/lang/Object;IILjava/lang/Object;)Ljava/lang/Object; @ 17
Event: 19.273 Thread 0x000000001a354000 Uncommon trap: reason=unstable_if action=reinterpret pc=0x0000000002aa7370 method=org.gradle.internal.instantiation.AbstractClassGenerator$InjectionAnnotationValidator.validateMethod(Ljava/lang/reflect/Method;Lorg/gradle/internal/reflect/PropertyAccessorT
Event: 19.273 Thread 0x000000001a354000 Uncommon trap: reason=unstable_if action=reinterpret pc=0x0000000002a79304 method=org.gradle.internal.instantiation.AbstractClassGenerator$InjectionAnnotationValidator.validateMethod(Ljava/lang/reflect/Method;Lorg/gradle/internal/reflect/PropertyAccessorT
Event: 20.477 Thread 0x000000001a354000 Uncommon trap: reason=unstable_if action=reinterpret pc=0x00000000034c9074 method=java.util.concurrent.ConcurrentHashMap.putVal(Ljava/lang/Object;Ljava/lang/Object;Z)Ljava/lang/Object; @ 206

Classes redefined (0 events):
No events

Internal exceptions (10 events):
Event: 18.960 Thread 0x000000001a354000 Exception <a 'java/lang/ClassNotFoundException': com/android/build/gradle/internal/dsl/LintOptions_DecoratedCustomizer> (0x00000000e43a67f0) thrown at [C:\src\AOSP-openjdk-git\hotspot\src\share\vm\classfile\systemDictionary.cpp, line 210]
Event: 19.004 Thread 0x000000001a354000 Exception <a 'java/lang/ClassNotFoundException': com/android/build/gradle/internal/dsl/DefaultConfig_DecoratedBeanInfo> (0x00000000e44f8510) thrown at [C:\src\AOSP-openjdk-git\hotspot\src\share\vm\classfile\systemDictionary.cpp, line 210]
Event: 19.005 Thread 0x000000001a354000 Exception <a 'java/lang/ClassNotFoundException': com/android/build/gradle/internal/dsl/DefaultConfigBeanInfo> (0x00000000e4519a78) thrown at [C:\src\AOSP-openjdk-git\hotspot\src\share\vm\classfile\systemDictionary.cpp, line 210]
Event: 19.009 Thread 0x000000001a354000 Exception <a 'java/lang/ClassNotFoundException': com/android/build/gradle/internal/dsl/BaseFlavorBeanInfo> (0x00000000e4539c48) thrown at [C:\src\AOSP-openjdk-git\hotspot\src\share\vm\classfile\systemDictionary.cpp, line 210]
Event: 19.010 Thread 0x000000001a354000 Exception <a 'java/lang/ClassNotFoundException': com/android/builder/core/DefaultProductFlavorBeanInfo> (0x00000000e45590c0) thrown at [C:\src\AOSP-openjdk-git\hotspot\src\share\vm\classfile\systemDictionary.cpp, line 210]
Event: 19.011 Thread 0x000000001a354000 Exception <a 'java/lang/ClassNotFoundException': com/android/builder/core/DefaultProductFlavorCustomizer> (0x00000000e4578b38) thrown at [C:\src\AOSP-openjdk-git\hotspot\src\share\vm\classfile\systemDictionary.cpp, line 210]
Event: 19.015 Thread 0x000000001a354000 Exception <a 'java/lang/ClassNotFoundException': com/android/build/gradle/internal/dsl/BaseFlavorCustomizer> (0x00000000e45cec28) thrown at [C:\src\AOSP-openjdk-git\hotspot\src\share\vm\classfile\systemDictionary.cpp, line 210]
Event: 19.018 Thread 0x000000001a354000 Exception <a 'java/lang/ClassNotFoundException': com/android/build/gradle/internal/dsl/DefaultConfigCustomizer> (0x00000000e4631628) thrown at [C:\src\AOSP-openjdk-git\hotspot\src\share\vm\classfile\systemDictionary.cpp, line 210]
Event: 19.019 Thread 0x000000001a354000 Exception <a 'java/lang/ClassNotFoundException': com/android/build/gradle/internal/dsl/DefaultConfig_DecoratedCustomizer> (0x00000000e4667f30) thrown at [C:\src\AOSP-openjdk-git\hotspot\src\share\vm\classfile\systemDictionary.cpp, line 210]
Event: 19.565 Thread 0x000000001a354000 Exception <a 'java/lang/NoSuchMethodError': java.lang.Object.lambda$comparingInt$7b0bb60$1(Ljava/util/function/ToIntFunction;Ljava/lang/Object;Ljava/lang/Object;)I> (0x00000000e5259230) thrown at [C:\src\AOSP-openjdk-git\hotspot\src\share\vm\interpreter\l

Events (10 events):
Event: 21.069 loading class com/android/build/gradle/internal/scope/VariantScope
Event: 21.069 loading class com/android/build/gradle/internal/scope/VariantScope done
Event: 21.070 loading class org/gradle/api/tasks/TaskProvider
Event: 21.070 loading class org/gradle/api/tasks/TaskProvider done
Event: 21.070 loading class org/gradle/api/execution/TaskExecutionGraph
Event: 21.070 loading class org/gradle/api/execution/TaskExecutionGraph done
Event: 21.070 loading class com/android/build/gradle/internal/TaskManager
Event: 21.070 loading class com/android/build/gradle/internal/TaskManager done
Event: 21.073 loading class java/lang/reflect/WeakCache$LookupValue
Event: 21.073 loading class java/lang/reflect/WeakCache$LookupValue done


Dynamic libraries:
0x00007ff758040000 - 0x00007ff758071000 	C:\Program Files\Android\Android Studio\jre\bin\java.exe
0x00007ffdd5570000 - 0x00007ffdd5765000 	C:\Windows\SYSTEM32\ntdll.dll
0x00007ffdd3ae0000 - 0x00007ffdd3b9d000 	C:\Windows\System32\KERNEL32.DLL
0x00007ffdd2ec0000 - 0x00007ffdd3189000 	C:\Windows\System32\KERNELBASE.dll
0x00007ffdd36b0000 - 0x00007ffdd375c000 	C:\Windows\System32\ADVAPI32.dll
0x00007ffdd4f20000 - 0x00007ffdd4fbe000 	C:\Windows\System32\msvcrt.dll
0x00007ffdd39a0000 - 0x00007ffdd3a3c000 	C:\Windows\System32\sechost.dll
0x00007ffdd53a0000 - 0x00007ffdd54cb000 	C:\Windows\System32\RPCRT4.dll
0x00007ffdd37c0000 - 0x00007ffdd3960000 	C:\Windows\System32\USER32.dll
0x00007ffdd3540000 - 0x00007ffdd3562000 	C:\Windows\System32\win32u.dll
0x00007ffdd3970000 - 0x00007ffdd399a000 	C:\Windows\System32\GDI32.dll
0x00007ffdd2db0000 - 0x00007ffdd2ebb000 	C:\Windows\System32\gdi32full.dll
0x00007ffdd3270000 - 0x00007ffdd330d000 	C:\Windows\System32\msvcp_win.dll
0x00007ffdd2cb0000 - 0x00007ffdd2db0000 	C:\Windows\System32\ucrtbase.dll
0x00007ffdc2f70000 - 0x00007ffdc320a000 	C:\Windows\WinSxS\amd64_microsoft.windows.common-controls_6595b64144ccf1df_6.0.19041.844_none_ca00b6081b84eb1d\COMCTL32.dll
0x00007ffdd5140000 - 0x00007ffdd5170000 	C:\Windows\System32\IMM32.DLL
0x0000000057bf0000 - 0x0000000057cc2000 	C:\Program Files\Android\Android Studio\jre\jre\bin\msvcr100.dll
0x0000000057d00000 - 0x000000005854b000 	C:\Program Files\Android\Android Studio\jre\jre\bin\server\jvm.dll
0x00007ffdd3ad0000 - 0x00007ffdd3ad8000 	C:\Windows\System32\PSAPI.DLL
0x00007ffdcba70000 - 0x00007ffdcba7a000 	C:\Windows\SYSTEM32\VERSION.dll
0x00007ffdc33c0000 - 0x00007ffdc33e7000 	C:\Windows\SYSTEM32\WINMM.dll
0x00007ffdcd280000 - 0x00007ffdcd289000 	C:\Windows\SYSTEM32\WSOCK32.dll
0x00007ffdd4de0000 - 0x00007ffdd4e4b000 	C:\Windows\System32\WS2_32.dll
0x00007ffd8cf40000 - 0x00007ffd8cf4f000 	C:\Program Files\Android\Android Studio\jre\jre\bin\verify.dll
0x00007ffd8cf10000 - 0x00007ffd8cf39000 	C:\Program Files\Android\Android Studio\jre\jre\bin\java.dll
0x00007ffd8cef0000 - 0x00007ffd8cf06000 	C:\Program Files\Android\Android Studio\jre\jre\bin\zip.dll
0x00007ffdd3f20000 - 0x00007ffdd4662000 	C:\Windows\System32\SHELL32.dll
0x00007ffdd0e10000 - 0x00007ffdd15a0000 	C:\Windows\SYSTEM32\windows.storage.dll
0x00007ffdd3bc0000 - 0x00007ffdd3f15000 	C:\Windows\System32\combase.dll
0x00007ffdd2720000 - 0x00007ffdd274c000 	C:\Windows\SYSTEM32\Wldp.dll
0x00007ffdd5020000 - 0x00007ffdd50ce000 	C:\Windows\System32\SHCORE.dll
0x00007ffdd54d0000 - 0x00007ffdd5525000 	C:\Windows\System32\shlwapi.dll
0x00007ffdd2bf0000 - 0x00007ffdd2c0f000 	C:\Windows\SYSTEM32\profapi.dll
0x00007ffd8ced0000 - 0x00007ffd8ceea000 	C:\Program Files\Android\Android Studio\jre\jre\bin\net.dll
0x00007ffdd24a0000 - 0x00007ffdd250a000 	C:\Windows\system32\mswsock.dll
0x00007ffd8ceb0000 - 0x00007ffd8cec3000 	C:\Program Files\Android\Android Studio\jre\jre\bin\nio.dll
0x00007ffdcf8b0000 - 0x00007ffdcf8d6000 	C:\Users\Acer\.gradle\native\30\windows-amd64\native-platform.dll
0x00007ffd8cea0000 - 0x00007ffd8cead000 	C:\Program Files\Android\Android Studio\jre\jre\bin\management.dll
0x00007ffdd2680000 - 0x00007ffdd2698000 	C:\Windows\SYSTEM32\CRYPTSP.dll
0x00007ffdd1dd0000 - 0x00007ffdd1e04000 	C:\Windows\system32\rsaenh.dll
0x00007ffdd3190000 - 0x00007ffdd31b7000 	C:\Windows\System32\bcrypt.dll
0x00007ffdd2bb0000 - 0x00007ffdd2bde000 	C:\Windows\SYSTEM32\USERENV.dll
0x00007ffdd3310000 - 0x00007ffdd3390000 	C:\Windows\System32\bcryptprimitives.dll
0x00007ffdd2670000 - 0x00007ffdd267c000 	C:\Windows\SYSTEM32\CRYPTBASE.dll
0x00007ffdd2140000 - 0x00007ffdd217b000 	C:\Windows\SYSTEM32\IPHLPAPI.DLL
0x00007ffdd50d0000 - 0x00007ffdd50d8000 	C:\Windows\System32\NSI.dll
0x00007ffdcb100000 - 0x00007ffdcb117000 	C:\Windows\SYSTEM32\dhcpcsvc6.DLL
0x00007ffdcb0e0000 - 0x00007ffdcb0fd000 	C:\Windows\SYSTEM32\dhcpcsvc.DLL
0x00007ffdd2190000 - 0x00007ffdd225b000 	C:\Windows\SYSTEM32\DNSAPI.dll

VM Arguments:
jvm_args: -Xmx1536M -Dfile.encoding=windows-1252 -Duser.country=US -Duser.language=en -Duser.variant 
java_command: org.gradle.launcher.daemon.bootstrap.GradleDaemon 5.6.2
java_class_path (initial): C:\Users\Acer\.gradle\wrapper\dists\gradle-5.6.2-all\9st6wgf78h16so49nn74lgtbb\gradle-5.6.2\lib\gradle-launcher-5.6.2.jar
Launcher Type: SUN_STANDARD

Environment Variables:
JAVA_HOME=C:\Program Files\Android\Android Studio\jre
CLASSPATH=F:\AMC\amc_new_project\amc_new\android\\gradle\wrapper\gradle-wrapper.jar
PATH=C:\Program Files (x86)\Common Files\Oracle\Java\javapath;C:\Windows\system32;C:\Windows;C:\Windows\System32\Wbem;C:\Windows\System32\WindowsPowerShell\v1.0\;C:\Windows\System32\OpenSSH\;C:\Program Files (x86)\NVIDIA Corporation\PhysX\Common;C:\Program Files (x86)\Microsoft SQL Server\150\DTS\Binn\;G:\node\;C:\Program Files\Java\jdk1.8.0_271\bin;C:\Program Files\MySQL\MySQL Shell 8.0\bin\;C:\Users\Acer\AppData\Local\Microsoft\WindowsApps;C:\Users\Acer\AppData\Local\Programs\Microsoft VS Code\bin;C:\Users\Acer\AppData\Roaming\npm;G:\node\node_modules\npm\bin;G:\node\node_modules\npm\bin\node-gyp-bin;C:\Users\Acer\flutter\bin;C:\Program Files\Android\tools\bin;G:\flutter\bin;G:\flutter\bin\mingit\cmd
USERNAME=Acer
OS=Windows_NT
PROCESSOR_IDENTIFIER=Intel64 Family 6 Model 142 Stepping 10, GenuineIntel



---------------  S Y S T E M  ---------------

OS: Windows 10.0 , 64 bit Build 19041 (10.0.19041.804)

CPU:total 8 (initial active 8) (4 cores per cpu, 2 threads per core) family 6 model 142 stepping 10, cmov, cx8, fxsr, mmx, sse, sse2, sse3, ssse3, sse4.1, sse4.2, popcnt, avx, avx2, aes, clmul, erms, 3dnowpref, lzcnt, ht, tsc, tscinvbit, bmi1, bmi2, adx

Memory: 4k page, physical 8262884k(340360k free), swap 33428708k(6896k free)

vm_info: OpenJDK 64-Bit Server VM (25.242-b01) for windows-amd64 JRE (1.8.0_242-release-1644-b01), built by "builder" with MS VC++ 10.0 (VS2010)

time: Fri Apr 16 21:15:28 2021
timezone: Sri Lanka Standard Time
elapsed time: 21 seconds (0d 0h 0m 21s)

