#
# There is insufficient memory for the Java Runtime Environment to continue.
# Native memory allocation (malloc) failed to allocate 781616 bytes for Chunk::new
# Possible reasons:
#   The system is out of physical RAM or swap space
#   The process is running with CompressedOops enabled, and the Java Heap may be blocking the growth of the native heap
# Possible solutions:
#   Reduce memory load on the system
#   Increase physical memory or swap space
#   Check if swap backing store is full
#   Decrease Java heap size (-Xmx/-Xms)
#   Decrease number of Java threads
#   Decrease Java thread stack sizes (-Xss)
#   Set larger code cache with -XX:ReservedCodeCacheSize=
#   JVM is running with Unscaled Compressed Oops mode in which the Java heap is
#     placed in the first 4GB address space. The Java Heap base address is the
#     maximum limit for the native heap growth. Please use -XX:HeapBaseMinAddress
#     to set the Java Heap base and to place the Java Heap above 4GB virtual address.
# This output file may be truncated or incomplete.
#
#  Out of Memory Error (allocation.cpp:389), pid=600, tid=0x0000000000003874
#
# JRE version: OpenJDK Runtime Environment (8.0_242-b01) (build 1.8.0_242-release-1644-b01)
# Java VM: OpenJDK 64-Bit Server VM (25.242-b01 mixed mode windows-amd64 compressed oops)
# Failed to write core dump. Minidumps are not enabled by default on client versions of Windows
#

---------------  T H R E A D  ---------------

Current thread (0x0000000018dca800):  JavaThread "C2 CompilerThread1" daemon [_thread_in_native, id=14452, stack(0x0000000019790000,0x0000000019890000)]

Stack: [0x0000000019790000,0x0000000019890000]
[error occurred during error reporting (printing stack bounds), id 0xc0000005]

Native frames: (J=compiled Java code, j=interpreted, Vv=VM code, C=native code)


Current CompileTask:
C2:  20165 5312   !   4       java.net.URLClassLoader::definePackageInternal (81 bytes)


---------------  P R O C E S S  ---------------

Java Threads: ( => current thread )
  0x000000001afc7800 JavaThread "Memory manager" [_thread_blocked, id=13492, stack(0x00000000240f0000,0x00000000241f0000)]
  0x000000001afbe800 JavaThread "Cache worker for Build Output Cleanup Cache (F:\AMC\amc_new_project\amc_new\android\.gradle\buildOutputCleanup)" [_thread_blocked, id=15100, stack(0x0000000023df0000,0x0000000023ef0000)]
  0x000000001afc5800 JavaThread "Build operations Thread 8" [_thread_blocked, id=18544, stack(0x00000000238f0000,0x00000000239f0000)]
  0x000000001afc3000 JavaThread "Build operations Thread 7" [_thread_blocked, id=9464, stack(0x00000000237f0000,0x00000000238f0000)]
  0x000000001afc4800 JavaThread "Build operations Thread 6" [_thread_blocked, id=1932, stack(0x00000000236f0000,0x00000000237f0000)]
  0x000000001afc2800 JavaThread "Build operations Thread 5" [_thread_blocked, id=7960, stack(0x00000000235f0000,0x00000000236f0000)]
  0x000000001afbe000 JavaThread "Build operations Thread 4" [_thread_blocked, id=20092, stack(0x00000000234f0000,0x00000000235f0000)]
  0x000000001afc1800 JavaThread "Build operations Thread 3" [_thread_blocked, id=11324, stack(0x00000000233f0000,0x00000000234f0000)]
  0x000000001afc1000 JavaThread "Build operations Thread 2" [_thread_blocked, id=16080, stack(0x00000000232f0000,0x00000000233f0000)]
  0x000000001afc0000 JavaThread "Build operations" [_thread_blocked, id=11624, stack(0x00000000231f0000,0x00000000232f0000)]
  0x000000001afbf800 JavaThread "Cache worker for execution history cache (C:\Users\Acer\.gradle\caches\5.6.2\executionHistory)" [_thread_blocked, id=10468, stack(0x0000000022ef0000,0x0000000022ff0000)]
  0x000000001afc4000 JavaThread "Cache worker for cache directory md-rule (C:\Users\Acer\.gradle\caches\5.6.2\md-rule)" [_thread_blocked, id=10340, stack(0x000000001fe50000,0x000000001ff50000)]
  0x0000000019ed1800 JavaThread "Cache worker for cache directory md-supplier (C:\Users\Acer\.gradle\caches\5.6.2\md-supplier)" [_thread_blocked, id=724, stack(0x0000000020330000,0x0000000020430000)]
  0x0000000019ed4800 JavaThread "Cache worker for file hash cache (F:\AMC\amc_new_project\amc_new\android\.gradle\5.6.2\fileHashes)" [_thread_blocked, id=13148, stack(0x0000000020230000,0x0000000020330000)]
  0x0000000019ed4000 JavaThread "Cache worker for journal cache (C:\Users\Acer\.gradle\caches\journal-1)" [_thread_blocked, id=8184, stack(0x000000001d9b0000,0x000000001dab0000)]
  0x0000000019ed3000 JavaThread "File lock request listener" [_thread_in_native, id=14064, stack(0x000000001d8b0000,0x000000001d9b0000)]
  0x0000000019ed0000 JavaThread "Cache worker for file hash cache (C:\Users\Acer\.gradle\caches\5.6.2\fileHashes)" [_thread_blocked, id=19148, stack(0x000000001d7b0000,0x000000001d8b0000)]
  0x000000001b807800 JavaThread "Thread-9" [_thread_blocked, id=13616, stack(0x000000001d6b0000,0x000000001d7b0000)]
  0x000000001b800800 JavaThread "Stdin handler" [_thread_blocked, id=12076, stack(0x000000001d5b0000,0x000000001d6b0000)]
  0x000000001b45e000 JavaThread "Asynchronous log dispatcher for DefaultDaemonConnection: socket connection from /127.0.0.1:61411 to /127.0.0.1:61412" [_thread_blocked, id=18268, stack(0x000000001d3b0000,0x000000001d4b0000)]
  0x000000001b45d000 JavaThread "Daemon worker" [_thread_in_vm, id=13488, stack(0x000000001d2b0000,0x000000001d3b0000)]
  0x000000001b45c800 JavaThread "Cancel handler" [_thread_blocked, id=16868, stack(0x000000001d1b0000,0x000000001d2b0000)]
  0x000000001b459000 JavaThread "Handler for socket connection from /127.0.0.1:61411 to /127.0.0.1:61412" [_thread_in_native, id=11104, stack(0x000000001ceb0000,0x000000001cfb0000)]
  0x000000001b7c9000 JavaThread "Daemon" [_thread_blocked, id=11536, stack(0x000000001cdb0000,0x000000001ceb0000)]
  0x000000001b759000 JavaThread "Daemon periodic checks" [_thread_blocked, id=13780, stack(0x000000001ccb0000,0x000000001cdb0000)]
  0x000000001b758000 JavaThread "Incoming local TCP Connector on port 61411" [_thread_in_native, id=19844, stack(0x000000001ca70000,0x000000001cb70000)]
  0x0000000018ec3800 JavaThread "Daemon health stats" [_thread_blocked, id=17648, stack(0x000000001c430000,0x000000001c530000)]
  0x0000000018e3d000 JavaThread "Service Thread" daemon [_thread_blocked, id=18716, stack(0x0000000019a90000,0x0000000019b90000)]
  0x0000000018e29000 JavaThread "C1 CompilerThread3" daemon [_thread_blocked, id=20116, stack(0x0000000019990000,0x0000000019a90000)]
  0x0000000018dee800 JavaThread "C2 CompilerThread2" daemon [_thread_in_native, id=16672, stack(0x0000000019890000,0x0000000019990000)]
=>0x0000000018dca800 JavaThread "C2 CompilerThread1" daemon [_thread_in_native, id=14452, stack(0x0000000019790000,0x0000000019890000)]
  0x0000000018dc4000 JavaThread "C2 CompilerThread0" daemon [_thread_in_native, id=20140, stack(0x0000000019690000,0x0000000019790000)]
  0x0000000018dc1800 JavaThread "Attach Listener" daemon [_thread_blocked, id=10584, stack(0x0000000019590000,0x0000000019690000)]
  0x0000000018dc0800 JavaThread "Signal Dispatcher" daemon [_thread_blocked, id=13828, stack(0x0000000019490000,0x0000000019590000)]
  0x0000000016fb1800 JavaThread "Finalizer" daemon [_thread_blocked, id=18684, stack(0x0000000019290000,0x0000000019390000)]
  0x00000000031e8800 JavaThread "Reference Handler" daemon [_thread_blocked, id=16100, stack(0x0000000019190000,0x0000000019290000)]
  0x0000000002fde800 JavaThread "main" [_thread_blocked, id=3016, stack(0x0000000002fe0000,0x00000000030e0000)]

Other Threads:
  0x0000000016fa7800 VMThread [stack: 0x0000000018c90000,0x0000000018d90000] [id=9964]
  0x0000000018e3f000 WatcherThread [stack: 0x0000000019b90000,0x0000000019c90000] [id=10764]

VM state:not at safepoint (normal execution)

VM Mutex/Monitor currently owned by a thread: None

heap address: 0x00000000a0000000, size: 1536 MB, Compressed Oops mode: 32-bit
Narrow klass base: 0x0000000000000000, Narrow klass shift: 3
Compressed class space size: 1073741824 Address: 0x0000000100000000

Heap:
 PSYoungGen      total 160768K, used 34652K [0x00000000e0000000, 0x00000000ede80000, 0x0000000100000000)
  eden space 145920K, 13% used [0x00000000e0000000,0x00000000e135e060,0x00000000e8e80000)
  from space 14848K, 99% used [0x00000000e8e80000,0x00000000e9cf9148,0x00000000e9d00000)
  to   space 18944K, 0% used [0x00000000ecc00000,0x00000000ecc00000,0x00000000ede80000)
 ParOldGen       total 83456K, used 24418K [0x00000000a0000000, 0x00000000a5180000, 0x00000000e0000000)
  object space 83456K, 29% used [0x00000000a0000000,0x00000000a17d8a98,0x00000000a5180000)
 Metaspace       used 54324K, capacity 56006K, committed 56280K, reserved 1097728K
  class space    used 7387K, capacity 7840K, committed 7936K, reserved 1048576K

Card table byte_map: [0x00000000125b0000,0x00000000128c0000] byte_map_base: 0x00000000120b0000

Marking Bits: (ParMarkBitMap*) 0x00000000584cf030
 Begin Bits: [0x00000000132c0000, 0x0000000014ac0000)
 End Bits:   [0x0000000014ac0000, 0x00000000162c0000)

Polling page: 0x0000000001780000

CodeCache: size=245760Kb used=17048Kb max_used=17061Kb free=228711Kb
 bounds [0x00000000031f0000, 0x00000000042b0000, 0x00000000121f0000]
 total_blobs=5662 nmethods=4870 adapters=705
 compilation: enabled

Compilation events (10 events):
Event: 20.036 Thread 0x0000000018e29000 5318       3       java.util.Vector::<init> (49 bytes)
Event: 20.037 Thread 0x0000000018e29000 nmethod 5318 0x0000000004294a90 code [0x0000000004294c80, 0x0000000004295678]
Event: 20.048 Thread 0x0000000018e29000 5319       3       java.util.ArrayList::contains (14 bytes)
Event: 20.049 Thread 0x0000000018e29000 nmethod 5319 0x0000000004295b10 code [0x0000000004295c80, 0x0000000004295ee8]
Event: 20.073 Thread 0x0000000018e29000 5320       3       sun.misc.ProxyGenerator$ProxyMethod::<init> (14 bytes)
Event: 20.073 Thread 0x0000000018e29000 nmethod 5320 0x0000000004295f90 code [0x0000000004296100, 0x0000000004296288]
Event: 20.073 Thread 0x0000000018e29000 5321       3       sun.misc.ProxyGenerator$ProxyMethod::<init> (64 bytes)
Event: 20.074 Thread 0x0000000018e29000 nmethod 5321 0x0000000004296350 code [0x0000000004296520, 0x0000000004296dc8]
Event: 20.094 Thread 0x0000000018dee800 nmethod 5277 0x000000000429b650 code [0x000000000429bbe0, 0x000000000429efc0]
Event: 20.094 Thread 0x0000000018dee800 5315       4       com.sun.beans.TypeResolver::erase (32 bytes)

GC Heap History (10 events):
Event: 11.243 GC heap before
{Heap before GC invocations=9 (full 1):
 PSYoungGen      total 76800K, used 73860K [0x00000000e0000000, 0x00000000e7f80000, 0x0000000100000000)
  eden space 65536K, 100% used [0x00000000e0000000,0x00000000e4000000,0x00000000e4000000)
  from space 11264K, 73% used [0x00000000e4000000,0x00000000e48213f8,0x00000000e4b00000)
  to   space 11776K, 0% used [0x00000000e7400000,0x00000000e7400000,0x00000000e7f80000)
 ParOldGen       total 57344K, used 9278K [0x00000000a0000000, 0x00000000a3800000, 0x00000000e0000000)
  object space 57344K, 16% used [0x00000000a0000000,0x00000000a090fa90,0x00000000a3800000)
 Metaspace       used 31273K, capacity 31756K, committed 32128K, reserved 1077248K
  class space    used 4268K, capacity 4427K, committed 4480K, reserved 1048576K
Event: 11.272 GC heap after
Heap after GC invocations=9 (full 1):
 PSYoungGen      total 118272K, used 9051K [0x00000000e0000000, 0x00000000e8380000, 0x0000000100000000)
  eden space 106496K, 0% used [0x00000000e0000000,0x00000000e0000000,0x00000000e6800000)
  from space 11776K, 76% used [0x00000000e7400000,0x00000000e7cd6fe0,0x00000000e7f80000)
  to   space 12288K, 0% used [0x00000000e6800000,0x00000000e6800000,0x00000000e7400000)
 ParOldGen       total 57344K, used 9286K [0x00000000a0000000, 0x00000000a3800000, 0x00000000e0000000)
  object space 57344K, 16% used [0x00000000a0000000,0x00000000a0911a90,0x00000000a3800000)
 Metaspace       used 31273K, capacity 31756K, committed 32128K, reserved 1077248K
  class space    used 4268K, capacity 4427K, committed 4480K, reserved 1048576K
}
Event: 13.205 GC heap before
{Heap before GC invocations=10 (full 1):
 PSYoungGen      total 118272K, used 81839K [0x00000000e0000000, 0x00000000e8380000, 0x0000000100000000)
  eden space 106496K, 68% used [0x00000000e0000000,0x00000000e4714d40,0x00000000e6800000)
  from space 11776K, 76% used [0x00000000e7400000,0x00000000e7cd6fe0,0x00000000e7f80000)
  to   space 12288K, 0% used [0x00000000e6800000,0x00000000e6800000,0x00000000e7400000)
 ParOldGen       total 57344K, used 9286K [0x00000000a0000000, 0x00000000a3800000, 0x00000000e0000000)
  object space 57344K, 16% used [0x00000000a0000000,0x00000000a0911a90,0x00000000a3800000)
 Metaspace       used 34513K, capacity 35388K, committed 35416K, reserved 1079296K
  class space    used 4722K, capacity 4991K, committed 4992K, reserved 1048576K
Event: 13.233 GC heap after
Heap after GC invocations=10 (full 1):
 PSYoungGen      total 118784K, used 11732K [0x00000000e0000000, 0x00000000eab80000, 0x0000000100000000)
  eden space 106496K, 0% used [0x00000000e0000000,0x00000000e0000000,0x00000000e6800000)
  from space 12288K, 95% used [0x00000000e6800000,0x00000000e7375338,0x00000000e7400000)
  to   space 13312K, 0% used [0x00000000e9e80000,0x00000000e9e80000,0x00000000eab80000)
 ParOldGen       total 57344K, used 9294K [0x00000000a0000000, 0x00000000a3800000, 0x00000000e0000000)
  object space 57344K, 16% used [0x00000000a0000000,0x00000000a0913a90,0x00000000a3800000)
 Metaspace       used 34513K, capacity 35388K, committed 35416K, reserved 1079296K
  class space    used 4722K, capacity 4991K, committed 4992K, reserved 1048576K
}
Event: 13.233 GC heap before
{Heap before GC invocations=11 (full 2):
 PSYoungGen      total 118784K, used 11732K [0x00000000e0000000, 0x00000000eab80000, 0x0000000100000000)
  eden space 106496K, 0% used [0x00000000e0000000,0x00000000e0000000,0x00000000e6800000)
  from space 12288K, 95% used [0x00000000e6800000,0x00000000e7375338,0x00000000e7400000)
  to   space 13312K, 0% used [0x00000000e9e80000,0x00000000e9e80000,0x00000000eab80000)
 ParOldGen       total 57344K, used 9294K [0x00000000a0000000, 0x00000000a3800000, 0x00000000e0000000)
  object space 57344K, 16% used [0x00000000a0000000,0x00000000a0913a90,0x00000000a3800000)
 Metaspace       used 34513K, capacity 35388K, committed 35416K, reserved 1079296K
  class space    used 4722K, capacity 4991K, committed 4992K, reserved 1048576K
Event: 13.306 GC heap after
Heap after GC invocations=11 (full 2):
 PSYoungGen      total 118784K, used 0K [0x00000000e0000000, 0x00000000eab80000, 0x0000000100000000)
  eden space 106496K, 0% used [0x00000000e0000000,0x00000000e0000000,0x00000000e6800000)
  from space 12288K, 0% used [0x00000000e6800000,0x00000000e6800000,0x00000000e7400000)
  to   space 13312K, 0% used [0x00000000e9e80000,0x00000000e9e80000,0x00000000eab80000)
 ParOldGen       total 83456K, used 18443K [0x00000000a0000000, 0x00000000a5180000, 0x00000000e0000000)
  object space 83456K, 22% used [0x00000000a0000000,0x00000000a1202eb8,0x00000000a5180000)
 Metaspace       used 34493K, capacity 35322K, committed 35416K, reserved 1079296K
  class space    used 4716K, capacity 4980K, committed 4992K, reserved 1048576K
}
Event: 16.139 GC heap before
{Heap before GC invocations=12 (full 2):
 PSYoungGen      total 118784K, used 106496K [0x00000000e0000000, 0x00000000eab80000, 0x0000000100000000)
  eden space 106496K, 100% used [0x00000000e0000000,0x00000000e6800000,0x00000000e6800000)
  from space 12288K, 0% used [0x00000000e6800000,0x00000000e6800000,0x00000000e7400000)
  to   space 13312K, 0% used [0x00000000e9e80000,0x00000000e9e80000,0x00000000eab80000)
 ParOldGen       total 83456K, used 18443K [0x00000000a0000000, 0x00000000a5180000, 0x00000000e0000000)
  object space 83456K, 22% used [0x00000000a0000000,0x00000000a1202eb8,0x00000000a5180000)
 Metaspace       used 44851K, capacity 45832K, committed 46296K, reserved 1089536K
  class space    used 5981K, capacity 6284K, committed 6400K, reserved 1048576K
Event: 16.159 GC heap after
Heap after GC invocations=12 (full 2):
 PSYoungGen      total 156672K, used 13206K [0x00000000e0000000, 0x00000000eab80000, 0x0000000100000000)
  eden space 143360K, 0% used [0x00000000e0000000,0x00000000e0000000,0x00000000e8c00000)
  from space 13312K, 99% used [0x00000000e9e80000,0x00000000eab65980,0x00000000eab80000)
  to   space 14848K, 0% used [0x00000000e8e80000,0x00000000e8e80000,0x00000000e9d00000)
 ParOldGen       total 83456K, used 18451K [0x00000000a0000000, 0x00000000a5180000, 0x00000000e0000000)
  object space 83456K, 22% used [0x00000000a0000000,0x00000000a1204eb8,0x00000000a5180000)
 Metaspace       used 44851K, capacity 45832K, committed 46296K, reserved 1089536K
  class space    used 5981K, capacity 6284K, committed 6400K, reserved 1048576K
}
Event: 19.556 GC heap before
{Heap before GC invocations=13 (full 2):
 PSYoungGen      total 156672K, used 156566K [0x00000000e0000000, 0x00000000eab80000, 0x0000000100000000)
  eden space 143360K, 100% used [0x00000000e0000000,0x00000000e8c00000,0x00000000e8c00000)
  from space 13312K, 99% used [0x00000000e9e80000,0x00000000eab65980,0x00000000eab80000)
  to   space 14848K, 0% used [0x00000000e8e80000,0x00000000e8e80000,0x00000000e9d00000)
 ParOldGen       total 83456K, used 18451K [0x00000000a0000000, 0x00000000a5180000, 0x00000000e0000000)
  object space 83456K, 22% used [0x00000000a0000000,0x00000000a1204eb8,0x00000000a5180000)
 Metaspace       used 53254K, capacity 54872K, committed 55128K, reserved 1097728K
  class space    used 7240K, capacity 7701K, committed 7808K, reserved 1048576K
Event: 19.584 GC heap after
Heap after GC invocations=13 (full 2):
 PSYoungGen      total 160768K, used 14820K [0x00000000e0000000, 0x00000000ede80000, 0x0000000100000000)
  eden space 145920K, 0% used [0x00000000e0000000,0x00000000e0000000,0x00000000e8e80000)
  from space 14848K, 99% used [0x00000000e8e80000,0x00000000e9cf9148,0x00000000e9d00000)
  to   space 18944K, 0% used [0x00000000ecc00000,0x00000000ecc00000,0x00000000ede80000)
 ParOldGen       total 83456K, used 24418K [0x00000000a0000000, 0x00000000a5180000, 0x00000000e0000000)
  object space 83456K, 29% used [0x00000000a0000000,0x00000000a17d8a98,0x00000000a5180000)
 Metaspace       used 53254K, capacity 54872K, committed 55128K, reserved 1097728K
  class space    used 7240K, capacity 7701K, committed 7808K, reserved 1048576K
}

Deoptimization events (10 events):
Event: 19.505 Thread 0x000000001b45d000 Uncommon trap: reason=class_check action=maybe_recompile pc=0x0000000003f98730 method=com.google.common.base.Objects.equal(Ljava/lang/Object;Ljava/lang/Object;)Z @ 11
Event: 19.505 Thread 0x000000001b45d000 Uncommon trap: reason=class_check action=maybe_recompile pc=0x0000000003f98730 method=com.google.common.base.Objects.equal(Ljava/lang/Object;Ljava/lang/Object;)Z @ 11
Event: 19.656 Thread 0x000000001b45d000 Uncommon trap: reason=bimorphic action=maybe_recompile pc=0x00000000036d5b10 method=java.util.regex.Pattern$Slice.match(Ljava/util/regex/Matcher;ILjava/lang/CharSequence;)Z @ 75
Event: 19.692 Thread 0x000000001b45d000 Uncommon trap: reason=bimorphic action=maybe_recompile pc=0x00000000036d5b10 method=java.util.regex.Pattern$Slice.match(Ljava/util/regex/Matcher;ILjava/lang/CharSequence;)Z @ 75
Event: 19.701 Thread 0x000000001b45d000 Uncommon trap: reason=bimorphic action=maybe_recompile pc=0x00000000036d5b10 method=java.util.regex.Pattern$Slice.match(Ljava/util/regex/Matcher;ILjava/lang/CharSequence;)Z @ 75
Event: 19.715 Thread 0x000000001b45d000 Uncommon trap: reason=bimorphic action=maybe_recompile pc=0x00000000036d5b10 method=java.util.regex.Pattern$Slice.match(Ljava/util/regex/Matcher;ILjava/lang/CharSequence;)Z @ 75
Event: 19.721 Thread 0x000000001b45d000 Uncommon trap: reason=bimorphic action=maybe_recompile pc=0x00000000036d33c0 method=java.util.regex.Pattern$Slice.match(Ljava/util/regex/Matcher;ILjava/lang/CharSequence;)Z @ 75
Event: 19.883 Thread 0x000000001b45d000 Uncommon trap: reason=class_check action=maybe_recompile pc=0x0000000004253ffc method=org.gradle.api.internal.provider.Collectors$TypedCollector.size()I @ 4
Event: 19.883 Thread 0x000000001b45d000 Uncommon trap: reason=class_check action=maybe_recompile pc=0x0000000004253ffc method=org.gradle.api.internal.provider.Collectors$TypedCollector.size()I @ 4
Event: 19.883 Thread 0x000000001b45d000 Uncommon trap: reason=class_check action=maybe_recompile pc=0x0000000004253ffc method=org.gradle.api.internal.provider.Collectors$TypedCollector.size()I @ 4

Classes redefined (0 events):
No events

Internal exceptions (10 events):
Event: 19.352 Thread 0x000000001b45d000 Exception <a 'java/lang/ClassNotFoundException': com/android/build/gradle/internal/api/BaseVariantOutputImplBeanInfo> (0x00000000e8483480) thrown at [C:\src\AOSP-openjdk-git\hotspot\src\share\vm\classfile\systemDictionary.cpp, line 210]
Event: 19.353 Thread 0x000000001b45d000 Exception <a 'java/lang/ClassNotFoundException': com/android/build/gradle/internal/api/BaseVariantOutputImplCustomizer> (0x00000000e84a6b58) thrown at [C:\src\AOSP-openjdk-git\hotspot\src\share\vm\classfile\systemDictionary.cpp, line 210]
Event: 19.354 Thread 0x000000001b45d000 Exception <a 'java/lang/ClassNotFoundException': com/android/build/gradle/internal/api/ApkVariantOutputImplCustomizer> (0x00000000e84e3de8) thrown at [C:\src\AOSP-openjdk-git\hotspot\src\share\vm\classfile\systemDictionary.cpp, line 210]
Event: 19.356 Thread 0x000000001b45d000 Exception <a 'java/lang/ClassNotFoundException': com/android/build/gradle/internal/api/ApkVariantOutputImpl_DecoratedCustomizer> (0x00000000e851c1e8) thrown at [C:\src\AOSP-openjdk-git\hotspot\src\share\vm\classfile\systemDictionary.cpp, line 210]
Event: 19.965 Thread 0x000000001b45d000 Exception <a 'java/lang/ClassNotFoundException': org/gradle/api/internal/file/collections/DefaultConfigurableFileTreeBeanInfo> (0x00000000e0bd3100) thrown at [C:\src\AOSP-openjdk-git\hotspot\src\share\vm\classfile\systemDictionary.cpp, line 210]
Event: 19.967 Thread 0x000000001b45d000 Exception <a 'java/lang/ClassNotFoundException': org/gradle/api/internal/file/CompositeFileTreeBeanInfo> (0x00000000e0c114a8) thrown at [C:\src\AOSP-openjdk-git\hotspot\src\share\vm\classfile\systemDictionary.cpp, line 210]
Event: 19.972 Thread 0x000000001b45d000 Exception <a 'java/lang/ClassNotFoundException': org/gradle/api/internal/file/CompositeFileCollectionBeanInfo> (0x00000000e0c54090) thrown at [C:\src\AOSP-openjdk-git\hotspot\src\share\vm\classfile\systemDictionary.cpp, line 210]
Event: 20.003 Thread 0x000000001b45d000 Exception <a 'java/lang/ClassNotFoundException': org/gradle/api/internal/file/CompositeFileCollectionCustomizer> (0x00000000e0c97ab8) thrown at [C:\src\AOSP-openjdk-git\hotspot\src\share\vm\classfile\systemDictionary.cpp, line 210]
Event: 20.009 Thread 0x000000001b45d000 Exception <a 'java/lang/ClassNotFoundException': org/gradle/api/internal/file/CompositeFileTreeCustomizer> (0x00000000e0ce7e28) thrown at [C:\src\AOSP-openjdk-git\hotspot\src\share\vm\classfile\systemDictionary.cpp, line 210]
Event: 20.018 Thread 0x000000001b45d000 Exception <a 'java/lang/ClassNotFoundException': org/gradle/api/internal/file/collections/DefaultConfigurableFileTreeCustomizer> (0x00000000e0d43878) thrown at [C:\src\AOSP-openjdk-git\hotspot\src\share\vm\classfile\systemDictionary.cpp, line 210]

Events (10 events):
Event: 20.098 loading class org/gradle/workers/internal/IsolatableSerializerRegistry$IsolatableSerializer
Event: 20.098 loading class org/gradle/workers/internal/IsolatableSerializerRegistry$IsolatableSerializer done
Event: 20.100 loading class org/gradle/workers/internal/IsolatableSerializerRegistry$BooleanValueSnapshotSerializer
Event: 20.100 loading class org/gradle/workers/internal/IsolatableSerializerRegistry$BooleanValueSnapshotSerializer done
Event: 20.102 loading class org/gradle/workers/internal/IsolatableSerializerRegistry$ShortValueSnapshotSerializer
Event: 20.102 loading class org/gradle/workers/internal/IsolatableSerializerRegistry$ShortValueSnapshotSerializer done
Event: 20.103 loading class org/gradle/workers/internal/IsolatableSerializerRegistry$IntegerValueSnapshotSerializer
Event: 20.103 loading class org/gradle/workers/internal/IsolatableSerializerRegistry$IntegerValueSnapshotSerializer done
Event: 20.105 loading class org/gradle/workers/internal/IsolatableSerializerRegistry$LongValueSnapshotSerializer
Event: 20.105 loading class org/gradle/workers/internal/IsolatableSerializerRegistry$LongValueSnapshotSerializer done


Dynamic libraries:
0x00007ff758040000 - 0x00007ff758071000 	C:\Program Files\Android\Android Studio\jre\bin\java.exe
0x00007ffdd5570000 - 0x00007ffdd5765000 	C:\Windows\SYSTEM32\ntdll.dll
0x00007ffdd3ae0000 - 0x00007ffdd3b9d000 	C:\Windows\System32\KERNEL32.DLL
0x00007ffdd2ec0000 - 0x00007ffdd3189000 	C:\Windows\System32\KERNELBASE.dll
0x00007ffdd36b0000 - 0x00007ffdd375c000 	C:\Windows\System32\ADVAPI32.dll
0x00007ffdd4f20000 - 0x00007ffdd4fbe000 	C:\Windows\System32\msvcrt.dll
0x00007ffdd39a0000 - 0x00007ffdd3a3c000 	C:\Windows\System32\sechost.dll
0x00007ffdd53a0000 - 0x00007ffdd54cb000 	C:\Windows\System32\RPCRT4.dll
0x00007ffdd37c0000 - 0x00007ffdd3960000 	C:\Windows\System32\USER32.dll
0x00007ffdd3540000 - 0x00007ffdd3562000 	C:\Windows\System32\win32u.dll
0x00007ffdd3970000 - 0x00007ffdd399a000 	C:\Windows\System32\GDI32.dll
0x00007ffdd2db0000 - 0x00007ffdd2ebb000 	C:\Windows\System32\gdi32full.dll
0x00007ffdd3270000 - 0x00007ffdd330d000 	C:\Windows\System32\msvcp_win.dll
0x00007ffdd2cb0000 - 0x00007ffdd2db0000 	C:\Windows\System32\ucrtbase.dll
0x00007ffdc2f70000 - 0x00007ffdc320a000 	C:\Windows\WinSxS\amd64_microsoft.windows.common-controls_6595b64144ccf1df_6.0.19041.844_none_ca00b6081b84eb1d\COMCTL32.dll
0x00007ffdd5140000 - 0x00007ffdd5170000 	C:\Windows\System32\IMM32.DLL
0x0000000057bf0000 - 0x0000000057cc2000 	C:\Program Files\Android\Android Studio\jre\jre\bin\msvcr100.dll
0x0000000057d00000 - 0x000000005854b000 	C:\Program Files\Android\Android Studio\jre\jre\bin\server\jvm.dll
0x00007ffdd3ad0000 - 0x00007ffdd3ad8000 	C:\Windows\System32\PSAPI.DLL
0x00007ffdcd280000 - 0x00007ffdcd289000 	C:\Windows\SYSTEM32\WSOCK32.dll
0x00007ffdc33c0000 - 0x00007ffdc33e7000 	C:\Windows\SYSTEM32\WINMM.dll
0x00007ffdd4de0000 - 0x00007ffdd4e4b000 	C:\Windows\System32\WS2_32.dll
0x00007ffdcba70000 - 0x00007ffdcba7a000 	C:\Windows\SYSTEM32\VERSION.dll
0x00007ffd8cf40000 - 0x00007ffd8cf4f000 	C:\Program Files\Android\Android Studio\jre\jre\bin\verify.dll
0x00007ffd8cf10000 - 0x00007ffd8cf39000 	C:\Program Files\Android\Android Studio\jre\jre\bin\java.dll
0x00007ffd8cef0000 - 0x00007ffd8cf06000 	C:\Program Files\Android\Android Studio\jre\jre\bin\zip.dll
0x00007ffdd3f20000 - 0x00007ffdd4662000 	C:\Windows\System32\SHELL32.dll
0x00007ffdd0e10000 - 0x00007ffdd15a0000 	C:\Windows\SYSTEM32\windows.storage.dll
0x00007ffdd3bc0000 - 0x00007ffdd3f15000 	C:\Windows\System32\combase.dll
0x00007ffdd2720000 - 0x00007ffdd274c000 	C:\Windows\SYSTEM32\Wldp.dll
0x00007ffdd5020000 - 0x00007ffdd50ce000 	C:\Windows\System32\SHCORE.dll
0x00007ffdd54d0000 - 0x00007ffdd5525000 	C:\Windows\System32\shlwapi.dll
0x00007ffdd2bf0000 - 0x00007ffdd2c0f000 	C:\Windows\SYSTEM32\profapi.dll
0x00007ffd8ced0000 - 0x00007ffd8ceea000 	C:\Program Files\Android\Android Studio\jre\jre\bin\net.dll
0x00007ffdd24a0000 - 0x00007ffdd250a000 	C:\Windows\system32\mswsock.dll
0x00007ffd8ceb0000 - 0x00007ffd8cec3000 	C:\Program Files\Android\Android Studio\jre\jre\bin\nio.dll
0x00007ffdcf8b0000 - 0x00007ffdcf8d6000 	C:\Users\Acer\.gradle\native\30\windows-amd64\native-platform.dll
0x00007ffd8cea0000 - 0x00007ffd8cead000 	C:\Program Files\Android\Android Studio\jre\jre\bin\management.dll
0x00007ffdd2680000 - 0x00007ffdd2698000 	C:\Windows\SYSTEM32\CRYPTSP.dll
0x00007ffdd1dd0000 - 0x00007ffdd1e04000 	C:\Windows\system32\rsaenh.dll
0x00007ffdd3190000 - 0x00007ffdd31b7000 	C:\Windows\System32\bcrypt.dll
0x00007ffdd2bb0000 - 0x00007ffdd2bde000 	C:\Windows\SYSTEM32\USERENV.dll
0x00007ffdd3310000 - 0x00007ffdd3390000 	C:\Windows\System32\bcryptprimitives.dll
0x00007ffdd2670000 - 0x00007ffdd267c000 	C:\Windows\SYSTEM32\CRYPTBASE.dll
0x00007ffdd2140000 - 0x00007ffdd217b000 	C:\Windows\SYSTEM32\IPHLPAPI.DLL
0x00007ffdd50d0000 - 0x00007ffdd50d8000 	C:\Windows\System32\NSI.dll
0x00007ffdcb100000 - 0x00007ffdcb117000 	C:\Windows\SYSTEM32\dhcpcsvc6.DLL
0x00007ffdcb0e0000 - 0x00007ffdcb0fd000 	C:\Windows\SYSTEM32\dhcpcsvc.DLL
0x00007ffdd2190000 - 0x00007ffdd225b000 	C:\Windows\SYSTEM32\DNSAPI.dll

VM Arguments:
jvm_args: -Xmx1536M -Dfile.encoding=windows-1252 -Duser.country=US -Duser.language=en -Duser.variant 
java_command: org.gradle.launcher.daemon.bootstrap.GradleDaemon 5.6.2
java_class_path (initial): C:\Users\Acer\.gradle\wrapper\dists\gradle-5.6.2-all\9st6wgf78h16so49nn74lgtbb\gradle-5.6.2\lib\gradle-launcher-5.6.2.jar
Launcher Type: SUN_STANDARD

Environment Variables:
JAVA_HOME=C:\Program Files\Android\Android Studio\jre
CLASSPATH=F:\AMC\amc_new_project\amc_new\android\\gradle\wrapper\gradle-wrapper.jar
PATH=C:\Program Files (x86)\Common Files\Oracle\Java\javapath;C:\Windows\system32;C:\Windows;C:\Windows\System32\Wbem;C:\Windows\System32\WindowsPowerShell\v1.0\;C:\Windows\System32\OpenSSH\;C:\Program Files (x86)\NVIDIA Corporation\PhysX\Common;C:\Program Files (x86)\Microsoft SQL Server\150\DTS\Binn\;G:\node\;C:\Program Files\Java\jdk1.8.0_271\bin;C:\Program Files\MySQL\MySQL Shell 8.0\bin\;C:\Users\Acer\AppData\Local\Microsoft\WindowsApps;C:\Users\Acer\AppData\Local\Programs\Microsoft VS Code\bin;C:\Users\Acer\AppData\Roaming\npm;G:\node\node_modules\npm\bin;G:\node\node_modules\npm\bin\node-gyp-bin;C:\Users\Acer\flutter\bin;C:\Program Files\Android\tools\bin;G:\flutter\bin;G:\flutter\bin\mingit\cmd
USERNAME=Acer
OS=Windows_NT
PROCESSOR_IDENTIFIER=Intel64 Family 6 Model 142 Stepping 10, GenuineIntel



---------------  S Y S T E M  ---------------

OS: Windows 10.0 , 64 bit Build 19041 (10.0.19041.804)

CPU:total 8 (initial active 8) (4 cores per cpu, 2 threads per core) family 6 model 142 stepping 10, cmov, cx8, fxsr, mmx, sse, sse2, sse3, ssse3, sse4.1, sse4.2, popcnt, avx, avx2, aes, clmul, erms, 3dnowpref, lzcnt, ht, tsc, tscinvbit, bmi1, bmi2, adx

Memory: 4k page, physical 8262884k(335800k free), swap 33428708k(4048k free)

vm_info: OpenJDK 64-Bit Server VM (25.242-b01) for windows-amd64 JRE (1.8.0_242-release-1644-b01), built by "builder" with MS VC++ 10.0 (VS2010)

time: Fri Apr 16 21:23:39 2021
timezone: Sri Lanka Standard Time
elapsed time: 20 seconds (0d 0h 0m 20s)

