#
# There is insufficient memory for the Java Runtime Environment to continue.
# Native memory allocation (malloc) failed to allocate 1471696 bytes for Chunk::new
# Possible reasons:
#   The system is out of physical RAM or swap space
#   The process is running with CompressedOops enabled, and the Java Heap may be blocking the growth of the native heap
# Possible solutions:
#   Reduce memory load on the system
#   Increase physical memory or swap space
#   Check if swap backing store is full
#   Decrease Java heap size (-Xmx/-Xms)
#   Decrease number of Java threads
#   Decrease Java thread stack sizes (-Xss)
#   Set larger code cache with -XX:ReservedCodeCacheSize=
#   JVM is running with Unscaled Compressed Oops mode in which the Java heap is
#     placed in the first 4GB address space. The Java Heap base address is the
#     maximum limit for the native heap growth. Please use -XX:HeapBaseMinAddress
#     to set the Java Heap base and to place the Java Heap above 4GB virtual address.
# This output file may be truncated or incomplete.
#
#  Out of Memory Error (allocation.cpp:389), pid=6392, tid=0x00000000000047d4
#
# JRE version: OpenJDK Runtime Environment (8.0_242-b01) (build 1.8.0_242-release-1644-b01)
# Java VM: OpenJDK 64-Bit Server VM (25.242-b01 mixed mode windows-amd64 compressed oops)
# Failed to write core dump. Minidumps are not enabled by default on client versions of Windows
#

---------------  T H R E A D  ---------------

Current thread (0x00000000189d9000):  JavaThread "C2 CompilerThread1" daemon [_thread_in_native, id=18388, stack(0x00000000193b0000,0x00000000194b0000)]

Stack: [0x00000000193b0000,0x00000000194b0000]
[error occurred during error reporting (printing stack bounds), id 0xc0000005]

Native frames: (J=compiled Java code, j=interpreted, Vv=VM code, C=native code)


Current CompileTask:
C2:  11139 2402       4       groovy.lang.MetaClassImpl$1MOPIter::methodNameAction (325 bytes)


---------------  P R O C E S S  ---------------

Java Threads: ( => current thread )
  0x000000001eaee800 JavaThread "Cache worker for execution history cache (C:\Users\Acer\.gradle\caches\5.6.2\executionHistory)" [_thread_blocked, id=9892, stack(0x00000000218d0000,0x00000000219d0000)]
  0x000000001eaf1000 JavaThread "Cache worker for cache directory md-rule (C:\Users\Acer\.gradle\caches\5.6.2\md-rule)" [_thread_blocked, id=5004, stack(0x000000001ff10000,0x0000000020010000)]
  0x000000001a7c0000 JavaThread "Cache worker for cache directory md-supplier (C:\Users\Acer\.gradle\caches\5.6.2\md-supplier)" [_thread_blocked, id=8080, stack(0x000000001fb70000,0x000000001fc70000)]
  0x000000001a7bb000 JavaThread "Cache worker for file hash cache (F:\AMC\amc_new_project\amc_new\android\.gradle\5.6.2\fileHashes)" [_thread_blocked, id=17892, stack(0x000000001f870000,0x000000001f970000)]
  0x000000001a7be800 JavaThread "Cache worker for journal cache (C:\Users\Acer\.gradle\caches\journal-1)" [_thread_blocked, id=2960, stack(0x000000001d5d0000,0x000000001d6d0000)]
  0x000000001a7be000 JavaThread "File lock request listener" [_thread_in_native, id=7500, stack(0x000000001d4d0000,0x000000001d5d0000)]
  0x000000001a7ba000 JavaThread "Cache worker for file hash cache (C:\Users\Acer\.gradle\caches\5.6.2\fileHashes)" [_thread_blocked, id=8248, stack(0x000000001d3d0000,0x000000001d4d0000)]
  0x000000001b38a800 JavaThread "Thread-9" [_thread_blocked, id=10956, stack(0x000000001d2d0000,0x000000001d3d0000)]
  0x000000001b386800 JavaThread "Stdin handler" [_thread_blocked, id=14748, stack(0x000000001d0d0000,0x000000001d1d0000)]
  0x000000001b385800 JavaThread "Asynchronous log dispatcher for DefaultDaemonConnection: socket connection from /127.0.0.1:62682 to /127.0.0.1:62683" [_thread_blocked, id=7128, stack(0x000000001cfd0000,0x000000001d0d0000)]
  0x000000001b419000 JavaThread "Daemon worker" [_thread_in_native, id=19384, stack(0x000000001ced0000,0x000000001cfd0000)]
  0x000000001b416800 JavaThread "Cancel handler" [_thread_blocked, id=10788, stack(0x000000001cdd0000,0x000000001ced0000)]
  0x000000001b411000 JavaThread "Handler for socket connection from /127.0.0.1:62682 to /127.0.0.1:62683" [_thread_in_native, id=18748, stack(0x000000001cad0000,0x000000001cbd0000)]
  0x000000001b40e000 JavaThread "Daemon" [_thread_blocked, id=10852, stack(0x000000001c9d0000,0x000000001cad0000)]
  0x000000001b39f000 JavaThread "Daemon periodic checks" [_thread_blocked, id=12644, stack(0x000000001c8d0000,0x000000001c9d0000)]
  0x000000001b39d800 JavaThread "Incoming local TCP Connector on port 62682" [_thread_in_native, id=16984, stack(0x000000001c690000,0x000000001c790000)]
  0x0000000019aad800 JavaThread "Daemon health stats" [_thread_blocked, id=11384, stack(0x000000001c050000,0x000000001c150000)]
  0x0000000018a5c000 JavaThread "Service Thread" daemon [_thread_blocked, id=17468, stack(0x00000000196b0000,0x00000000197b0000)]
  0x0000000018a1e000 JavaThread "C1 CompilerThread3" daemon [_thread_in_native, id=16268, stack(0x00000000195b0000,0x00000000196b0000)]
  0x0000000018a0e800 JavaThread "C2 CompilerThread2" daemon [_thread_blocked, id=17920, stack(0x00000000194b0000,0x00000000195b0000)]
=>0x00000000189d9000 JavaThread "C2 CompilerThread1" daemon [_thread_in_native, id=18388, stack(0x00000000193b0000,0x00000000194b0000)]
  0x00000000189d3800 JavaThread "C2 CompilerThread0" daemon [_thread_blocked, id=20364, stack(0x00000000192b0000,0x00000000193b0000)]
  0x00000000189d1800 JavaThread "Attach Listener" daemon [_thread_blocked, id=436, stack(0x00000000191b0000,0x00000000192b0000)]
  0x0000000016bce800 JavaThread "Signal Dispatcher" daemon [_thread_blocked, id=4268, stack(0x00000000190b0000,0x00000000191b0000)]
  0x00000000189c0800 JavaThread "Finalizer" daemon [_thread_blocked, id=13844, stack(0x0000000018ea0000,0x0000000018fa0000)]
  0x0000000002df8000 JavaThread "Reference Handler" daemon [_thread_blocked, id=19736, stack(0x0000000018da0000,0x0000000018ea0000)]
  0x0000000002d02800 JavaThread "main" [_thread_blocked, id=13324, stack(0x0000000002bd0000,0x0000000002cd0000)]

Other Threads:
  0x0000000016bb6800 VMThread [stack: 0x00000000188a0000,0x00000000189a0000] [id=10780]
  0x0000000018a5e000 WatcherThread [stack: 0x00000000197b0000,0x00000000198b0000] [id=11324]

VM state:not at safepoint (normal execution)

VM Mutex/Monitor currently owned by a thread: None

heap address: 0x00000000a0000000, size: 1536 MB, Compressed Oops mode: 32-bit
Narrow klass base: 0x0000000000000000, Narrow klass shift: 3
Compressed class space size: 1073741824 Address: 0x0000000100000000

Heap:
 PSYoungGen      total 74752K, used 50113K [0x00000000e0000000, 0x00000000e7f80000, 0x0000000100000000)
  eden space 64512K, 63% used [0x00000000e0000000,0x00000000e28065d0,0x00000000e3f00000)
  from space 10240K, 89% used [0x00000000e4b00000,0x00000000e53ea0a0,0x00000000e5500000)
  to   space 12288K, 0% used [0x00000000e3f00000,0x00000000e3f00000,0x00000000e4b00000)
 ParOldGen       total 58880K, used 9287K [0x00000000a0000000, 0x00000000a3980000, 0x00000000e0000000)
  object space 58880K, 15% used [0x00000000a0000000,0x00000000a0911df0,0x00000000a3980000)
 Metaspace       used 33441K, capacity 34032K, committed 34432K, reserved 1079296K
  class space    used 4558K, capacity 4721K, committed 4736K, reserved 1048576K

Card table byte_map: [0x00000000121c0000,0x00000000124d0000] byte_map_base: 0x0000000011cc0000

Marking Bits: (ParMarkBitMap*) 0x00000000584cf030
 Begin Bits: [0x0000000012ed0000, 0x00000000146d0000)
 End Bits:   [0x00000000146d0000, 0x0000000015ed0000)

Polling page: 0x0000000002b90000

CodeCache: size=245760Kb used=10473Kb max_used=10473Kb free=235286Kb
 bounds [0x0000000002e00000, 0x0000000003850000, 0x0000000011e00000]
 total_blobs=3499 nmethods=2788 adapters=624
 compilation: enabled

Compilation events (10 events):
Event: 11.044 Thread 0x0000000018a1e000 2828       3       org.gradle.api.internal.artifacts.ivyservice.modulecache.DefaultCachedMetadata::getAgeMillis (5 bytes)
Event: 11.044 Thread 0x0000000018a1e000 nmethod 2828 0x000000000380abd0 code [0x000000000380ad20, 0x000000000380ae70]
Event: 11.044 Thread 0x0000000018a1e000 2829       3       java.lang.invoke.LambdaForm$MH/1386452326::linkToTargetMethod (9 bytes)
Event: 11.044 Thread 0x0000000018a1e000 nmethod 2829 0x000000000380a4d0 code [0x000000000380a640, 0x000000000380aad8]
Event: 11.044 Thread 0x0000000018a1e000 2830       3       java.lang.invoke.LambdaForm$DMH/2114889273::invokeStatic_L_L (14 bytes)
Event: 11.045 Thread 0x0000000018a1e000 nmethod 2830 0x0000000003809cd0 code [0x0000000003809e60, 0x000000000380a3b8]
Event: 11.045 Thread 0x0000000018a1e000 2831       1       org.gradle.internal.component.external.model.DefaultModuleComponentSelector::hashCode (5 bytes)
Event: 11.045 Thread 0x0000000018a1e000 nmethod 2831 0x0000000003809a10 code [0x0000000003809b60, 0x0000000003809c70]
Event: 11.045 Thread 0x0000000018a1e000 2832       1       org.gradle.api.internal.artifacts.ivyservice.resolveengine.graph.builder.DependencyState::hashCode (5 bytes)
Event: 11.045 Thread 0x0000000018a1e000 nmethod 2832 0x0000000003809750 code [0x00000000038098a0, 0x00000000038099b0]

GC Heap History (10 events):
Event: 6.406 GC heap before
{Heap before GC invocations=5 (full 0):
 PSYoungGen      total 38400K, used 38372K [0x00000000e0000000, 0x00000000e4b00000, 0x0000000100000000)
  eden space 33280K, 100% used [0x00000000e0000000,0x00000000e2080000,0x00000000e2080000)
  from space 5120K, 99% used [0x00000000e2580000,0x00000000e2a792e0,0x00000000e2a80000)
  to   space 5120K, 0% used [0x00000000e2080000,0x00000000e2080000,0x00000000e2580000)
 ParOldGen       total 87552K, used 3397K [0x00000000a0000000, 0x00000000a5580000, 0x00000000e0000000)
  object space 87552K, 3% used [0x00000000a0000000,0x00000000a03517c8,0x00000000a5580000)
 Metaspace       used 17426K, capacity 17768K, committed 18048K, reserved 1064960K
  class space    used 2492K, capacity 2630K, committed 2688K, reserved 1048576K
Event: 6.427 GC heap after
Heap after GC invocations=5 (full 0):
 PSYoungGen      total 38400K, used 5088K [0x00000000e0000000, 0x00000000e5500000, 0x0000000100000000)
  eden space 33280K, 0% used [0x00000000e0000000,0x00000000e0000000,0x00000000e2080000)
  from space 5120K, 99% used [0x00000000e2080000,0x00000000e2578040,0x00000000e2580000)
  to   space 10240K, 0% used [0x00000000e4b00000,0x00000000e4b00000,0x00000000e5500000)
 ParOldGen       total 87552K, used 6917K [0x00000000a0000000, 0x00000000a5580000, 0x00000000e0000000)
  object space 87552K, 7% used [0x00000000a0000000,0x00000000a06c1588,0x00000000a5580000)
 Metaspace       used 17426K, capacity 17768K, committed 18048K, reserved 1064960K
  class space    used 2492K, capacity 2630K, committed 2688K, reserved 1048576K
}
Event: 7.282 GC heap before
{Heap before GC invocations=6 (full 0):
 PSYoungGen      total 38400K, used 30570K [0x00000000e0000000, 0x00000000e5500000, 0x0000000100000000)
  eden space 33280K, 76% used [0x00000000e0000000,0x00000000e18e2b10,0x00000000e2080000)
  from space 5120K, 99% used [0x00000000e2080000,0x00000000e2578040,0x00000000e2580000)
  to   space 10240K, 0% used [0x00000000e4b00000,0x00000000e4b00000,0x00000000e5500000)
 ParOldGen       total 87552K, used 6917K [0x00000000a0000000, 0x00000000a5580000, 0x00000000e0000000)
  object space 87552K, 7% used [0x00000000a0000000,0x00000000a06c1588,0x00000000a5580000)
 Metaspace       used 20682K, capacity 21014K, committed 21248K, reserved 1067008K
  class space    used 2910K, capacity 3049K, committed 3072K, reserved 1048576K
Event: 7.295 GC heap after
Heap after GC invocations=6 (full 0):
 PSYoungGen      total 75776K, used 8702K [0x00000000e0000000, 0x00000000e5700000, 0x0000000100000000)
  eden space 65536K, 0% used [0x00000000e0000000,0x00000000e0000000,0x00000000e4000000)
  from space 10240K, 84% used [0x00000000e4b00000,0x00000000e537f870,0x00000000e5500000)
  to   space 11264K, 0% used [0x00000000e4000000,0x00000000e4000000,0x00000000e4b00000)
 ParOldGen       total 87552K, used 6925K [0x00000000a0000000, 0x00000000a5580000, 0x00000000e0000000)
  object space 87552K, 7% used [0x00000000a0000000,0x00000000a06c3588,0x00000000a5580000)
 Metaspace       used 20682K, capacity 21014K, committed 21248K, reserved 1067008K
  class space    used 2910K, capacity 3049K, committed 3072K, reserved 1048576K
}
Event: 7.295 GC heap before
{Heap before GC invocations=7 (full 1):
 PSYoungGen      total 75776K, used 8702K [0x00000000e0000000, 0x00000000e5700000, 0x0000000100000000)
  eden space 65536K, 0% used [0x00000000e0000000,0x00000000e0000000,0x00000000e4000000)
  from space 10240K, 84% used [0x00000000e4b00000,0x00000000e537f870,0x00000000e5500000)
  to   space 11264K, 0% used [0x00000000e4000000,0x00000000e4000000,0x00000000e4b00000)
 ParOldGen       total 87552K, used 6925K [0x00000000a0000000, 0x00000000a5580000, 0x00000000e0000000)
  object space 87552K, 7% used [0x00000000a0000000,0x00000000a06c3588,0x00000000a5580000)
 Metaspace       used 20682K, capacity 21014K, committed 21248K, reserved 1067008K
  class space    used 2910K, capacity 3049K, committed 3072K, reserved 1048576K
Event: 7.363 GC heap after
Heap after GC invocations=7 (full 1):
 PSYoungGen      total 75776K, used 0K [0x00000000e0000000, 0x00000000e5700000, 0x0000000100000000)
  eden space 65536K, 0% used [0x00000000e0000000,0x00000000e0000000,0x00000000e4000000)
  from space 10240K, 0% used [0x00000000e4b00000,0x00000000e4b00000,0x00000000e5500000)
  to   space 11264K, 0% used [0x00000000e4000000,0x00000000e4000000,0x00000000e4b00000)
 ParOldGen       total 58880K, used 9271K [0x00000000a0000000, 0x00000000a3980000, 0x00000000e0000000)
  object space 58880K, 15% used [0x00000000a0000000,0x00000000a090ddf0,0x00000000a3980000)
 Metaspace       used 20682K, capacity 21014K, committed 21248K, reserved 1067008K
  class space    used 2910K, capacity 3049K, committed 3072K, reserved 1048576K
}
Event: 9.580 GC heap before
{Heap before GC invocations=8 (full 1):
 PSYoungGen      total 75776K, used 65536K [0x00000000e0000000, 0x00000000e5700000, 0x0000000100000000)
  eden space 65536K, 100% used [0x00000000e0000000,0x00000000e4000000,0x00000000e4000000)
  from space 10240K, 0% used [0x00000000e4b00000,0x00000000e4b00000,0x00000000e5500000)
  to   space 11264K, 0% used [0x00000000e4000000,0x00000000e4000000,0x00000000e4b00000)
 ParOldGen       total 58880K, used 9271K [0x00000000a0000000, 0x00000000a3980000, 0x00000000e0000000)
  object space 58880K, 15% used [0x00000000a0000000,0x00000000a090ddf0,0x00000000a3980000)
 Metaspace       used 28028K, capacity 28462K, committed 28928K, reserved 1075200K
  class space    used 3817K, capacity 3969K, committed 4096K, reserved 1048576K
Event: 9.592 GC heap after
Heap after GC invocations=8 (full 1):
 PSYoungGen      total 76800K, used 8326K [0x00000000e0000000, 0x00000000e5700000, 0x0000000100000000)
  eden space 65536K, 0% used [0x00000000e0000000,0x00000000e0000000,0x00000000e4000000)
  from space 11264K, 73% used [0x00000000e4000000,0x00000000e4821a10,0x00000000e4b00000)
  to   space 10240K, 0% used [0x00000000e4b00000,0x00000000e4b00000,0x00000000e5500000)
 ParOldGen       total 58880K, used 9279K [0x00000000a0000000, 0x00000000a3980000, 0x00000000e0000000)
  object space 58880K, 15% used [0x00000000a0000000,0x00000000a090fdf0,0x00000000a3980000)
 Metaspace       used 28028K, capacity 28462K, committed 28928K, reserved 1075200K
  class space    used 3817K, capacity 3969K, committed 4096K, reserved 1048576K
}
Event: 10.461 GC heap before
{Heap before GC invocations=9 (full 1):
 PSYoungGen      total 76800K, used 73862K [0x00000000e0000000, 0x00000000e5700000, 0x0000000100000000)
  eden space 65536K, 100% used [0x00000000e0000000,0x00000000e4000000,0x00000000e4000000)
  from space 11264K, 73% used [0x00000000e4000000,0x00000000e4821a10,0x00000000e4b00000)
  to   space 10240K, 0% used [0x00000000e4b00000,0x00000000e4b00000,0x00000000e5500000)
 ParOldGen       total 58880K, used 9279K [0x00000000a0000000, 0x00000000a3980000, 0x00000000e0000000)
  object space 58880K, 15% used [0x00000000a0000000,0x00000000a090fdf0,0x00000000a3980000)
 Metaspace       used 31338K, capacity 31838K, committed 32128K, reserved 1077248K
  class space    used 4274K, capacity 4430K, committed 4480K, reserved 1048576K
Event: 10.476 GC heap after
Heap after GC invocations=9 (full 1):
 PSYoungGen      total 74752K, used 9128K [0x00000000e0000000, 0x00000000e7f80000, 0x0000000100000000)
  eden space 64512K, 0% used [0x00000000e0000000,0x00000000e0000000,0x00000000e3f00000)
  from space 10240K, 89% used [0x00000000e4b00000,0x00000000e53ea0a0,0x00000000e5500000)
  to   space 12288K, 0% used [0x00000000e3f00000,0x00000000e3f00000,0x00000000e4b00000)
 ParOldGen       total 58880K, used 9287K [0x00000000a0000000, 0x00000000a3980000, 0x00000000e0000000)
  object space 58880K, 15% used [0x00000000a0000000,0x00000000a0911df0,0x00000000a3980000)
 Metaspace       used 31338K, capacity 31838K, committed 32128K, reserved 1077248K
  class space    used 4274K, capacity 4430K, committed 4480K, reserved 1048576K
}

Deoptimization events (10 events):
Event: 9.593 Thread 0x0000000002df8000 Uncommon trap: reason=unstable_if action=reinterpret pc=0x000000000330d1bc method=java.lang.ref.Reference.tryHandlePending(Z)Z @ 104
Event: 9.747 Thread 0x000000001b419000 Uncommon trap: reason=unstable_if action=reinterpret pc=0x0000000003280a20 method=java.util.WeakHashMap.expungeStaleEntries()V @ 66
Event: 9.796 Thread 0x000000001b419000 Uncommon trap: reason=unstable_if action=reinterpret pc=0x0000000003093ccc method=java.io.WinNTFileSystem.resolve(Ljava/lang/String;Ljava/lang/String;)Ljava/lang/String; @ 49
Event: 10.188 Thread 0x000000001b419000 Uncommon trap: reason=class_check action=maybe_recompile pc=0x000000000374c550 method=sun.reflect.generics.reflectiveObjects.TypeVariableImpl.getGenericDeclaration()Ljava/lang/reflect/GenericDeclaration; @ 4
Event: 10.188 Thread 0x000000001b419000 Uncommon trap: reason=class_check action=maybe_recompile pc=0x000000000374c550 method=sun.reflect.generics.reflectiveObjects.TypeVariableImpl.getGenericDeclaration()Ljava/lang/reflect/GenericDeclaration; @ 4
Event: 10.506 Thread 0x000000001b419000 Uncommon trap: reason=unstable_if action=reinterpret pc=0x00000000031e9da0 method=java.net.URI.match(CJJ)Z @ 45
Event: 10.797 Thread 0x000000001b419000 Uncommon trap: reason=class_check action=maybe_recompile pc=0x0000000003406514 method=java.io.DataInputStream.readInt()I @ 4
Event: 10.797 Thread 0x000000001b419000 Uncommon trap: reason=class_check action=maybe_recompile pc=0x0000000003406514 method=java.io.DataInputStream.readInt()I @ 4
Event: 10.797 Thread 0x000000001b419000 Uncommon trap: reason=class_check action=maybe_recompile pc=0x0000000003406514 method=java.io.DataInputStream.readInt()I @ 4
Event: 10.797 Thread 0x000000001b419000 Uncommon trap: reason=class_check action=maybe_recompile pc=0x0000000003406514 method=java.io.DataInputStream.readInt()I @ 4

Classes redefined (0 events):
No events

Internal exceptions (10 events):
Event: 9.894 Thread 0x000000001b419000 Exception <a 'java/lang/ClassNotFoundException': org/gradle/api/internal/artifacts/dsl/DefaultRepositoryHandlerCustomizer> (0x00000000e19f1c98) thrown at [C:\src\AOSP-openjdk-git\hotspot\src\share\vm\classfile\systemDictionary.cpp, line 210]
Event: 9.897 Thread 0x000000001b419000 Exception <a 'java/lang/ClassNotFoundException': org/gradle/api/internal/artifacts/dsl/DefaultRepositoryHandler_DecoratedCustomizer> (0x00000000e1a6ddc0) thrown at [C:\src\AOSP-openjdk-git\hotspot\src\share\vm\classfile\systemDictionary.cpp, line 210]
Event: 10.458 Thread 0x000000001b419000 Exception <a 'java/lang/ClassNotFoundException': org/gradle/api/internal/artifacts/dsl/dependencies/DefaultDependencyHandler_DecoratedBeanInfo> (0x00000000e3f45eb8) thrown at [C:\src\AOSP-openjdk-git\hotspot\src\share\vm\classfile\systemDictionary.cpp, li
Event: 10.459 Thread 0x000000001b419000 Exception <a 'java/lang/ClassNotFoundException': org/gradle/api/internal/artifacts/dsl/dependencies/DefaultDependencyHandlerBeanInfo> (0x00000000e3f9e980) thrown at [C:\src\AOSP-openjdk-git\hotspot\src\share\vm\classfile\systemDictionary.cpp, line 210]
Event: 10.461 Thread 0x000000001b419000 Exception <a 'java/lang/ClassNotFoundException': org/gradle/api/internal/artifacts/dsl/dependencies/DefaultDependencyHandlerCustomizer> (0x00000000e3ff8338) thrown at [C:\src\AOSP-openjdk-git\hotspot\src\share\vm\classfile\systemDictionary.cpp, line 210]
Event: 10.479 Thread 0x000000001b419000 Exception <a 'java/lang/ClassNotFoundException': org/gradle/api/internal/artifacts/dsl/dependencies/DefaultDependencyHandler_DecoratedCustomizer> (0x00000000e00bc000) thrown at [C:\src\AOSP-openjdk-git\hotspot\src\share\vm\classfile\systemDictionary.cpp, 
Event: 10.709 Thread 0x000000001b419000 Exception <a 'java/lang/IncompatibleClassChangeError': Found class java.lang.Object, but interface was expected> (0x00000000e158a418) thrown at [C:\src\AOSP-openjdk-git\hotspot\src\share\vm\interpreter\linkResolver.cpp, line 653]
Event: 10.710 Thread 0x000000001b419000 Exception <a 'java/lang/NoSuchMethodError': java.lang.Object.lambda$comparing$77a9974f$1(Ljava/util/function/Function;Ljava/lang/Object;Ljava/lang/Object;)I> (0x00000000e1595ad0) thrown at [C:\src\AOSP-openjdk-git\hotspot\src\share\vm\interpreter\linkReso
Event: 10.713 Thread 0x000000001b419000 Exception <a 'java/lang/NoSuchMethodError': java.lang.Object.lambda$thenComparing$36697e65$1(Ljava/util/Comparator;Ljava/lang/Object;Ljava/lang/Object;)I> (0x00000000e15a9c38) thrown at [C:\src\AOSP-openjdk-git\hotspot\src\share\vm\interpreter\linkResolve
Event: 10.716 Thread 0x000000001b419000 Exception <a 'java/lang/NoSuchMethodError': java.lang.Object.lambda$comparing$ea9a8b3a$1(Ljava/util/Comparator;Ljava/util/function/Function;Ljava/lang/Object;Ljava/lang/Object;)I> (0x00000000e15c37c8) thrown at [C:\src\AOSP-openjdk-git\hotspot\src\share\v

Events (10 events):
Event: 10.881 loading class org/gradle/internal/component/external/model/ConfigurationBoundExternalDependencyMetadata
Event: 10.881 loading class org/gradle/internal/component/external/model/ConfigurationBoundExternalDependencyMetadata done
Event: 10.908 loading class org/gradle/internal/component/external/descriptor/DefaultExclude
Event: 10.908 loading class org/gradle/internal/component/external/descriptor/DefaultExclude done
Event: 10.909 loading class org/gradle/internal/component/model/Exclude
Event: 10.909 loading class org/gradle/internal/component/model/Exclude done
Event: 11.045 loading class org/gradle/api/internal/artifacts/ivyservice/ivyresolve/strategy/LatestVersionSelector
Event: 11.045 loading class org/gradle/api/internal/artifacts/ivyservice/ivyresolve/strategy/LatestVersionSelector done
Event: 11.046 loading class com/google/common/primitives/Longs$AsciiDigits
Event: 11.046 loading class com/google/common/primitives/Longs$AsciiDigits done


Dynamic libraries:
0x00007ff7a9df0000 - 0x00007ff7a9e21000 	C:\Program Files\Android\Android Studio\jre\bin\java.exe
0x00007ffdd5570000 - 0x00007ffdd5765000 	C:\Windows\SYSTEM32\ntdll.dll
0x00007ffdd3ae0000 - 0x00007ffdd3b9d000 	C:\Windows\System32\KERNEL32.DLL
0x00007ffdd2ec0000 - 0x00007ffdd3189000 	C:\Windows\System32\KERNELBASE.dll
0x00007ffdd36b0000 - 0x00007ffdd375c000 	C:\Windows\System32\ADVAPI32.dll
0x00007ffdd4f20000 - 0x00007ffdd4fbe000 	C:\Windows\System32\msvcrt.dll
0x00007ffdd39a0000 - 0x00007ffdd3a3c000 	C:\Windows\System32\sechost.dll
0x00007ffdd53a0000 - 0x00007ffdd54cb000 	C:\Windows\System32\RPCRT4.dll
0x00007ffdd37c0000 - 0x00007ffdd3960000 	C:\Windows\System32\USER32.dll
0x00007ffdd3540000 - 0x00007ffdd3562000 	C:\Windows\System32\win32u.dll
0x00007ffdd3970000 - 0x00007ffdd399a000 	C:\Windows\System32\GDI32.dll
0x00007ffdd2db0000 - 0x00007ffdd2ebb000 	C:\Windows\System32\gdi32full.dll
0x00007ffdd3270000 - 0x00007ffdd330d000 	C:\Windows\System32\msvcp_win.dll
0x00007ffdd2cb0000 - 0x00007ffdd2db0000 	C:\Windows\System32\ucrtbase.dll
0x00007ffdc2f70000 - 0x00007ffdc320a000 	C:\Windows\WinSxS\amd64_microsoft.windows.common-controls_6595b64144ccf1df_6.0.19041.844_none_ca00b6081b84eb1d\COMCTL32.dll
0x00007ffdd5140000 - 0x00007ffdd5170000 	C:\Windows\System32\IMM32.DLL
0x0000000057bf0000 - 0x0000000057cc2000 	C:\Program Files\Android\Android Studio\jre\jre\bin\msvcr100.dll
0x0000000057d00000 - 0x000000005854b000 	C:\Program Files\Android\Android Studio\jre\jre\bin\server\jvm.dll
0x00007ffdd3ad0000 - 0x00007ffdd3ad8000 	C:\Windows\System32\PSAPI.DLL
0x00007ffdcd280000 - 0x00007ffdcd289000 	C:\Windows\SYSTEM32\WSOCK32.dll
0x00007ffdd4de0000 - 0x00007ffdd4e4b000 	C:\Windows\System32\WS2_32.dll
0x00007ffdcba70000 - 0x00007ffdcba7a000 	C:\Windows\SYSTEM32\VERSION.dll
0x00007ffdc33c0000 - 0x00007ffdc33e7000 	C:\Windows\SYSTEM32\WINMM.dll
0x00007ffd8cf40000 - 0x00007ffd8cf4f000 	C:\Program Files\Android\Android Studio\jre\jre\bin\verify.dll
0x00007ffd8cf10000 - 0x00007ffd8cf39000 	C:\Program Files\Android\Android Studio\jre\jre\bin\java.dll
0x00007ffd8cef0000 - 0x00007ffd8cf06000 	C:\Program Files\Android\Android Studio\jre\jre\bin\zip.dll
0x00007ffdd3f20000 - 0x00007ffdd4662000 	C:\Windows\System32\SHELL32.dll
0x00007ffdd0e10000 - 0x00007ffdd15a0000 	C:\Windows\SYSTEM32\windows.storage.dll
0x00007ffdd3bc0000 - 0x00007ffdd3f15000 	C:\Windows\System32\combase.dll
0x00007ffdd2720000 - 0x00007ffdd274c000 	C:\Windows\SYSTEM32\Wldp.dll
0x00007ffdd5020000 - 0x00007ffdd50ce000 	C:\Windows\System32\SHCORE.dll
0x00007ffdd54d0000 - 0x00007ffdd5525000 	C:\Windows\System32\shlwapi.dll
0x00007ffdd2bf0000 - 0x00007ffdd2c0f000 	C:\Windows\SYSTEM32\profapi.dll
0x00007ffd8ced0000 - 0x00007ffd8ceea000 	C:\Program Files\Android\Android Studio\jre\jre\bin\net.dll
0x00007ffdd24a0000 - 0x00007ffdd250a000 	C:\Windows\system32\mswsock.dll
0x00007ffd8ceb0000 - 0x00007ffd8cec3000 	C:\Program Files\Android\Android Studio\jre\jre\bin\nio.dll
0x00007ffdb8dc0000 - 0x00007ffdb8de6000 	C:\Users\Acer\.gradle\native\30\windows-amd64\native-platform.dll
0x00007ffd8cea0000 - 0x00007ffd8cead000 	C:\Program Files\Android\Android Studio\jre\jre\bin\management.dll
0x00007ffdd2680000 - 0x00007ffdd2698000 	C:\Windows\SYSTEM32\CRYPTSP.dll
0x00007ffdd1dd0000 - 0x00007ffdd1e04000 	C:\Windows\system32\rsaenh.dll
0x00007ffdd3190000 - 0x00007ffdd31b7000 	C:\Windows\System32\bcrypt.dll
0x00007ffdd2bb0000 - 0x00007ffdd2bde000 	C:\Windows\SYSTEM32\USERENV.dll
0x00007ffdd3310000 - 0x00007ffdd3390000 	C:\Windows\System32\bcryptprimitives.dll
0x00007ffdd2670000 - 0x00007ffdd267c000 	C:\Windows\SYSTEM32\CRYPTBASE.dll
0x00007ffdd2140000 - 0x00007ffdd217b000 	C:\Windows\SYSTEM32\IPHLPAPI.DLL
0x00007ffdd50d0000 - 0x00007ffdd50d8000 	C:\Windows\System32\NSI.dll
0x00007ffdcb100000 - 0x00007ffdcb117000 	C:\Windows\SYSTEM32\dhcpcsvc6.DLL
0x00007ffdcb0e0000 - 0x00007ffdcb0fd000 	C:\Windows\SYSTEM32\dhcpcsvc.DLL
0x00007ffdd2190000 - 0x00007ffdd225b000 	C:\Windows\SYSTEM32\DNSAPI.dll

VM Arguments:
jvm_args: -Xmx1536M -Dfile.encoding=windows-1252 -Duser.country=US -Duser.language=en -Duser.variant 
java_command: org.gradle.launcher.daemon.bootstrap.GradleDaemon 5.6.2
java_class_path (initial): C:\Users\Acer\.gradle\wrapper\dists\gradle-5.6.2-all\9st6wgf78h16so49nn74lgtbb\gradle-5.6.2\lib\gradle-launcher-5.6.2.jar
Launcher Type: SUN_STANDARD

Environment Variables:
JAVA_HOME=C:\Program Files\Android\Android Studio\jre
CLASSPATH=F:\AMC\amc_new_project\amc_new\android\\gradle\wrapper\gradle-wrapper.jar
PATH=C:\Program Files (x86)\Common Files\Oracle\Java\javapath;C:\Windows\system32;C:\Windows;C:\Windows\System32\Wbem;C:\Windows\System32\WindowsPowerShell\v1.0\;C:\Windows\System32\OpenSSH\;C:\Program Files (x86)\NVIDIA Corporation\PhysX\Common;C:\Program Files (x86)\Microsoft SQL Server\150\DTS\Binn\;G:\node\;C:\Program Files\Java\jdk1.8.0_271\bin;C:\Program Files\MySQL\MySQL Shell 8.0\bin\;C:\Users\Acer\AppData\Local\Microsoft\WindowsApps;C:\Users\Acer\AppData\Local\Programs\Microsoft VS Code\bin;C:\Users\Acer\AppData\Roaming\npm;G:\node\node_modules\npm\bin;G:\node\node_modules\npm\bin\node-gyp-bin;C:\Users\Acer\flutter\bin;C:\Program Files\Android\tools\bin;G:\flutter\bin;G:\flutter\bin\mingit\cmd
USERNAME=Acer
OS=Windows_NT
PROCESSOR_IDENTIFIER=Intel64 Family 6 Model 142 Stepping 10, GenuineIntel



---------------  S Y S T E M  ---------------

OS: Windows 10.0 , 64 bit Build 19041 (10.0.19041.804)

CPU:total 8 (initial active 8) (4 cores per cpu, 2 threads per core) family 6 model 142 stepping 10, cmov, cx8, fxsr, mmx, sse, sse2, sse3, ssse3, sse4.1, sse4.2, popcnt, avx, avx2, aes, clmul, erms, 3dnowpref, lzcnt, ht, tsc, tscinvbit, bmi1, bmi2, adx

Memory: 4k page, physical 8262884k(139028k free), swap 33428708k(4288k free)

vm_info: OpenJDK 64-Bit Server VM (25.242-b01) for windows-amd64 JRE (1.8.0_242-release-1644-b01), built by "builder" with MS VC++ 10.0 (VS2010)

time: Thu Apr 15 13:35:45 2021
timezone: Sri Lanka Standard Time
elapsed time: 11 seconds (0d 0h 0m 11s)

